[0.565s] DEBUG:colcon:Command line arguments: ['/usr/bin/colcon', 'build']
[0.565s] DEBUG:colcon:Parsed command line arguments: Namespace(log_base=None, log_level=None, verb_name='build', build_base='build', install_base='install', merge_install=False, symlink_install=False, test_result_base=None, continue_on_error=False, executor='parallel', parallel_workers=16, event_handlers=None, ignore_user_meta=False, metas=['./colcon.meta'], base_paths=['.'], packages_ignore=None, packages_ignore_regex=None, paths=None, packages_up_to=None, packages_up_to_regex=None, packages_above=None, packages_above_and_dependencies=None, packages_above_depth=None, packages_select_by_dep=None, packages_skip_by_dep=None, packages_skip_up_to=None, packages_select_build_failed=False, packages_skip_build_finished=False, packages_select_test_failures=False, packages_skip_test_passed=False, packages_select=None, packages_skip=None, packages_select_regex=None, packages_skip_regex=None, packages_start=None, packages_end=None, allow_overriding=[], cmake_args=None, cmake_target=None, cmake_target_skip_unavailable=False, cmake_clean_cache=False, cmake_clean_first=False, cmake_force_configure=False, ament_cmake_args=None, catkin_cmake_args=None, catkin_skip_building_tests=False, verb_parser=<colcon_defaults.argument_parser.defaults.DefaultArgumentsDecorator object at 0x7fcfdf807dc0>, verb_extension=<colcon_core.verb.build.BuildVerb object at 0x7fcfe001eb00>, main=<bound method BuildVerb.main of <colcon_core.verb.build.BuildVerb object at 0x7fcfe001eb00>>)
[0.595s] Level 1:colcon.colcon_core.package_discovery:discover_packages(colcon_meta) check parameters
[0.595s] Level 1:colcon.colcon_core.package_discovery:discover_packages(recursive) check parameters
[0.595s] Level 1:colcon.colcon_core.package_discovery:discover_packages(ignore) check parameters
[0.595s] Level 1:colcon.colcon_core.package_discovery:discover_packages(path) check parameters
[0.595s] Level 1:colcon.colcon_core.package_discovery:discover_packages(colcon_meta) discover
[0.595s] Level 1:colcon.colcon_core.package_discovery:discover_packages(recursive) discover
[0.595s] INFO:colcon.colcon_core.package_discovery:Crawling recursively for packages in '/home/stuart/lane_ws'
[0.595s] Level 1:colcon.colcon_core.package_identification:_identify(.) by extensions ['ignore', 'ignore_ament_install']
[0.595s] Level 1:colcon.colcon_core.package_identification:_identify(.) by extension 'ignore'
[0.596s] Level 1:colcon.colcon_core.package_identification:_identify(.) by extension 'ignore_ament_install'
[0.596s] Level 1:colcon.colcon_core.package_identification:_identify(.) by extensions ['colcon_pkg']
[0.596s] Level 1:colcon.colcon_core.package_identification:_identify(.) by extension 'colcon_pkg'
[0.596s] Level 1:colcon.colcon_core.package_identification:_identify(.) by extensions ['colcon_meta']
[0.596s] Level 1:colcon.colcon_core.package_identification:_identify(.) by extension 'colcon_meta'
[0.596s] Level 1:colcon.colcon_core.package_identification:_identify(.) by extensions ['ros']
[0.596s] Level 1:colcon.colcon_core.package_identification:_identify(.) by extension 'ros'
[0.607s] Level 1:colcon.colcon_core.package_identification:_identify(.) by extensions ['cmake', 'python']
[0.607s] Level 1:colcon.colcon_core.package_identification:_identify(.) by extension 'cmake'
[0.607s] Level 1:colcon.colcon_core.package_identification:_identify(.) by extension 'python'
[0.607s] Level 1:colcon.colcon_core.package_identification:_identify(.) by extensions ['python_setup_py']
[0.607s] Level 1:colcon.colcon_core.package_identification:_identify(.) by extension 'python_setup_py'
[0.607s] Level 1:colcon.colcon_core.package_identification:_identify(build) by extensions ['ignore', 'ignore_ament_install']
[0.607s] Level 1:colcon.colcon_core.package_identification:_identify(build) by extension 'ignore'
[0.607s] Level 1:colcon.colcon_core.package_identification:_identify(build) ignored
[0.607s] Level 1:colcon.colcon_core.package_identification:_identify(install) by extensions ['ignore', 'ignore_ament_install']
[0.608s] Level 1:colcon.colcon_core.package_identification:_identify(install) by extension 'ignore'
[0.608s] Level 1:colcon.colcon_core.package_identification:_identify(install) ignored
[0.608s] Level 1:colcon.colcon_core.package_identification:_identify(log) by extensions ['ignore', 'ignore_ament_install']
[0.608s] Level 1:colcon.colcon_core.package_identification:_identify(log) by extension 'ignore'
[0.608s] Level 1:colcon.colcon_core.package_identification:_identify(log) ignored
[0.608s] Level 1:colcon.colcon_core.package_identification:_identify(src) by extensions ['ignore', 'ignore_ament_install']
[0.608s] Level 1:colcon.colcon_core.package_identification:_identify(src) by extension 'ignore'
[0.608s] Level 1:colcon.colcon_core.package_identification:_identify(src) by extension 'ignore_ament_install'
[0.608s] Level 1:colcon.colcon_core.package_identification:_identify(src) by extensions ['colcon_pkg']
[0.608s] Level 1:colcon.colcon_core.package_identification:_identify(src) by extension 'colcon_pkg'
[0.608s] Level 1:colcon.colcon_core.package_identification:_identify(src) by extensions ['colcon_meta']
[0.608s] Level 1:colcon.colcon_core.package_identification:_identify(src) by extension 'colcon_meta'
[0.608s] Level 1:colcon.colcon_core.package_identification:_identify(src) by extensions ['ros']
[0.608s] Level 1:colcon.colcon_core.package_identification:_identify(src) by extension 'ros'
[0.608s] Level 1:colcon.colcon_core.package_identification:_identify(src) by extensions ['cmake', 'python']
[0.608s] Level 1:colcon.colcon_core.package_identification:_identify(src) by extension 'cmake'
[0.608s] Level 1:colcon.colcon_core.package_identification:_identify(src) by extension 'python'
[0.609s] Level 1:colcon.colcon_core.package_identification:_identify(src) by extensions ['python_setup_py']
[0.609s] Level 1:colcon.colcon_core.package_identification:_identify(src) by extension 'python_setup_py'
[0.609s] Level 1:colcon.colcon_core.package_identification:_identify(src/custom_messages) by extensions ['ignore', 'ignore_ament_install']
[0.609s] Level 1:colcon.colcon_core.package_identification:_identify(src/custom_messages) by extension 'ignore'
[0.609s] Level 1:colcon.colcon_core.package_identification:_identify(src/custom_messages) by extension 'ignore_ament_install'
[0.609s] Level 1:colcon.colcon_core.package_identification:_identify(src/custom_messages) by extensions ['colcon_pkg']
[0.609s] Level 1:colcon.colcon_core.package_identification:_identify(src/custom_messages) by extension 'colcon_pkg'
[0.609s] Level 1:colcon.colcon_core.package_identification:_identify(src/custom_messages) by extensions ['colcon_meta']
[0.609s] Level 1:colcon.colcon_core.package_identification:_identify(src/custom_messages) by extension 'colcon_meta'
[0.609s] Level 1:colcon.colcon_core.package_identification:_identify(src/custom_messages) by extensions ['ros']
[0.609s] Level 1:colcon.colcon_core.package_identification:_identify(src/custom_messages) by extension 'ros'
[0.611s] DEBUG:colcon.colcon_core.package_identification:Package 'src/custom_messages' with type 'ros.ament_cmake' and name 'custom_messages'
[0.611s] Level 1:colcon.colcon_core.package_identification:_identify(src/lane_publisher) by extensions ['ignore', 'ignore_ament_install']
[0.612s] Level 1:colcon.colcon_core.package_identification:_identify(src/lane_publisher) by extension 'ignore'
[0.612s] Level 1:colcon.colcon_core.package_identification:_identify(src/lane_publisher) by extension 'ignore_ament_install'
[0.612s] Level 1:colcon.colcon_core.package_identification:_identify(src/lane_publisher) by extensions ['colcon_pkg']
[0.612s] Level 1:colcon.colcon_core.package_identification:_identify(src/lane_publisher) by extension 'colcon_pkg'
[0.612s] Level 1:colcon.colcon_core.package_identification:_identify(src/lane_publisher) by extensions ['colcon_meta']
[0.612s] Level 1:colcon.colcon_core.package_identification:_identify(src/lane_publisher) by extension 'colcon_meta'
[0.612s] Level 1:colcon.colcon_core.package_identification:_identify(src/lane_publisher) by extensions ['ros']
[0.612s] Level 1:colcon.colcon_core.package_identification:_identify(src/lane_publisher) by extension 'ros'
[0.612s] DEBUG:colcon.colcon_core.package_identification:Package 'src/lane_publisher' with type 'ros.ament_python' and name 'lane_publisher'
[0.612s] Level 1:colcon.colcon_core.package_discovery:discover_packages(recursive) using defaults
[0.612s] Level 1:colcon.colcon_core.package_discovery:discover_packages(ignore) discover
[0.613s] Level 1:colcon.colcon_core.package_discovery:discover_packages(ignore) using defaults
[0.613s] Level 1:colcon.colcon_core.package_discovery:discover_packages(path) discover
[0.613s] Level 1:colcon.colcon_core.package_discovery:discover_packages(path) using defaults
[0.634s] Level 1:colcon.colcon_core.package_discovery:discover_packages(prefix_path) check parameters
[0.634s] Level 1:colcon.colcon_core.package_discovery:discover_packages(prefix_path) discover
[0.636s] DEBUG:colcon.colcon_installed_package_information.package_discovery:Found 1 installed packages in /home/stuart/lane_ws/install
[0.638s] DEBUG:colcon.colcon_installed_package_information.package_discovery:Found 270 installed packages in /opt/ros/humble
[0.639s] Level 1:colcon.colcon_core.package_discovery:discover_packages(prefix_path) using defaults
[0.694s] Level 5:colcon.colcon_core.verb:set package 'custom_messages' build argument 'cmake_args' from command line to 'None'
[0.694s] Level 5:colcon.colcon_core.verb:set package 'custom_messages' build argument 'cmake_target' from command line to 'None'
[0.694s] Level 5:colcon.colcon_core.verb:set package 'custom_messages' build argument 'cmake_target_skip_unavailable' from command line to 'False'
[0.694s] Level 5:colcon.colcon_core.verb:set package 'custom_messages' build argument 'cmake_clean_cache' from command line to 'False'
[0.694s] Level 5:colcon.colcon_core.verb:set package 'custom_messages' build argument 'cmake_clean_first' from command line to 'False'
[0.694s] Level 5:colcon.colcon_core.verb:set package 'custom_messages' build argument 'cmake_force_configure' from command line to 'False'
[0.694s] Level 5:colcon.colcon_core.verb:set package 'custom_messages' build argument 'ament_cmake_args' from command line to 'None'
[0.694s] Level 5:colcon.colcon_core.verb:set package 'custom_messages' build argument 'catkin_cmake_args' from command line to 'None'
[0.694s] Level 5:colcon.colcon_core.verb:set package 'custom_messages' build argument 'catkin_skip_building_tests' from command line to 'False'
[0.694s] DEBUG:colcon.colcon_core.verb:Building package 'custom_messages' with the following arguments: {'ament_cmake_args': None, 'build_base': '/home/stuart/lane_ws/build/custom_messages', 'catkin_cmake_args': None, 'catkin_skip_building_tests': False, 'cmake_args': None, 'cmake_clean_cache': False, 'cmake_clean_first': False, 'cmake_force_configure': False, 'cmake_target': None, 'cmake_target_skip_unavailable': False, 'install_base': '/home/stuart/lane_ws/install/custom_messages', 'merge_install': False, 'path': '/home/stuart/lane_ws/src/custom_messages', 'symlink_install': False, 'test_result_base': None}
[0.695s] Level 5:colcon.colcon_core.verb:set package 'lane_publisher' build argument 'cmake_args' from command line to 'None'
[0.695s] Level 5:colcon.colcon_core.verb:set package 'lane_publisher' build argument 'cmake_target' from command line to 'None'
[0.695s] Level 5:colcon.colcon_core.verb:set package 'lane_publisher' build argument 'cmake_target_skip_unavailable' from command line to 'False'
[0.695s] Level 5:colcon.colcon_core.verb:set package 'lane_publisher' build argument 'cmake_clean_cache' from command line to 'False'
[0.695s] Level 5:colcon.colcon_core.verb:set package 'lane_publisher' build argument 'cmake_clean_first' from command line to 'False'
[0.695s] Level 5:colcon.colcon_core.verb:set package 'lane_publisher' build argument 'cmake_force_configure' from command line to 'False'
[0.695s] Level 5:colcon.colcon_core.verb:set package 'lane_publisher' build argument 'ament_cmake_args' from command line to 'None'
[0.695s] Level 5:colcon.colcon_core.verb:set package 'lane_publisher' build argument 'catkin_cmake_args' from command line to 'None'
[0.695s] Level 5:colcon.colcon_core.verb:set package 'lane_publisher' build argument 'catkin_skip_building_tests' from command line to 'False'
[0.695s] DEBUG:colcon.colcon_core.verb:Building package 'lane_publisher' with the following arguments: {'ament_cmake_args': None, 'build_base': '/home/stuart/lane_ws/build/lane_publisher', 'catkin_cmake_args': None, 'catkin_skip_building_tests': False, 'cmake_args': None, 'cmake_clean_cache': False, 'cmake_clean_first': False, 'cmake_force_configure': False, 'cmake_target': None, 'cmake_target_skip_unavailable': False, 'install_base': '/home/stuart/lane_ws/install/lane_publisher', 'merge_install': False, 'path': '/home/stuart/lane_ws/src/lane_publisher', 'symlink_install': False, 'test_result_base': None}
[0.696s] INFO:colcon.colcon_core.executor:Executing jobs using 'parallel' executor
[0.699s] DEBUG:colcon.colcon_parallel_executor.executor.parallel:run_until_complete
[0.699s] INFO:colcon.colcon_ros.task.ament_cmake.build:Building ROS package in '/home/stuart/lane_ws/src/custom_messages' with build type 'ament_cmake'
[0.700s] INFO:colcon.colcon_cmake.task.cmake.build:Building CMake package in '/home/stuart/lane_ws/src/custom_messages'
[0.703s] INFO:colcon.colcon_core.plugin_system:Skipping extension 'colcon_core.shell.bat': Not used on non-Windows systems
[0.703s] INFO:colcon.colcon_core.shell:Skip shell extension 'powershell' for command environment: Not usable outside of PowerShell
[0.703s] DEBUG:colcon.colcon_core.shell:Skip shell extension 'dsv' for command environment
[0.707s] INFO:colcon.colcon_ros.task.ament_python.build:Building ROS package in '/home/stuart/lane_ws/src/lane_publisher' with build type 'ament_python'
[0.707s] Level 1:colcon.colcon_core.shell:create_environment_hook('lane_publisher', 'ament_prefix_path')
[0.709s] INFO:colcon.colcon_core.shell:Creating environment hook '/home/stuart/lane_ws/install/lane_publisher/share/lane_publisher/hook/ament_prefix_path.ps1'
[0.710s] INFO:colcon.colcon_core.shell:Creating environment descriptor '/home/stuart/lane_ws/install/lane_publisher/share/lane_publisher/hook/ament_prefix_path.dsv'
[0.710s] INFO:colcon.colcon_core.shell:Creating environment hook '/home/stuart/lane_ws/install/lane_publisher/share/lane_publisher/hook/ament_prefix_path.sh'
[0.712s] INFO:colcon.colcon_core.shell:Skip shell extension 'powershell' for command environment: Not usable outside of PowerShell
[0.712s] DEBUG:colcon.colcon_core.shell:Skip shell extension 'dsv' for command environment
[0.718s] DEBUG:colcon.colcon_core.event_handler.log_command:Invoking command in '/home/stuart/lane_ws/build/custom_messages': CMAKE_PREFIX_PATH=/home/stuart/lane_ws/install/lane_publisher:/opt/ros/humble /usr/bin/cmake /home/stuart/lane_ws/src/custom_messages -DCMAKE_INSTALL_PREFIX=/home/stuart/lane_ws/install/custom_messages
[0.992s] INFO:colcon.colcon_core.task.python.build:Building Python package in '/home/stuart/lane_ws/src/lane_publisher'
[0.994s] INFO:colcon.colcon_core.shell:Skip shell extension 'powershell' for command environment: Not usable outside of PowerShell
[0.994s] DEBUG:colcon.colcon_core.shell:Skip shell extension 'dsv' for command environment
[1.383s] DEBUG:colcon.colcon_core.event_handler.log_command:Invoking command in '/home/stuart/lane_ws/src/lane_publisher': PYTHONPATH=/home/stuart/lane_ws/build/lane_publisher/prefix_override:/home/stuart/lane_ws/install/lane_publisher/lib/python3.10/site-packages:${PYTHONPATH} /usr/bin/python3 setup.py egg_info --egg-base ../../build/lane_publisher build --build-base /home/stuart/lane_ws/build/lane_publisher/build install --record /home/stuart/lane_ws/build/lane_publisher/install.log --single-version-externally-managed
[1.633s] DEBUG:colcon.colcon_core.event_handler.log_command:Invoked command in '/home/stuart/lane_ws/src/lane_publisher' returned '0': PYTHONPATH=/home/stuart/lane_ws/build/lane_publisher/prefix_override:/home/stuart/lane_ws/install/lane_publisher/lib/python3.10/site-packages:${PYTHONPATH} /usr/bin/python3 setup.py egg_info --egg-base ../../build/lane_publisher build --build-base /home/stuart/lane_ws/build/lane_publisher/build install --record /home/stuart/lane_ws/build/lane_publisher/install.log --single-version-externally-managed
[1.637s] Level 1:colcon.colcon_core.environment:checking '/home/stuart/lane_ws/install/lane_publisher' for CMake module files
[1.637s] Level 1:colcon.colcon_core.environment:checking '/home/stuart/lane_ws/install/lane_publisher' for CMake config files
[1.638s] Level 1:colcon.colcon_core.environment:checking '/home/stuart/lane_ws/install/lane_publisher/lib'
[1.638s] Level 1:colcon.colcon_core.environment:checking '/home/stuart/lane_ws/install/lane_publisher/bin'
[1.638s] Level 1:colcon.colcon_core.environment:checking '/home/stuart/lane_ws/install/lane_publisher/lib/pkgconfig/lane_publisher.pc'
[1.638s] Level 1:colcon.colcon_core.environment:checking '/home/stuart/lane_ws/install/lane_publisher/lib/python3.10/site-packages'
[1.639s] Level 1:colcon.colcon_core.shell:create_environment_hook('lane_publisher', 'pythonpath')
[1.640s] INFO:colcon.colcon_core.shell:Creating environment hook '/home/stuart/lane_ws/install/lane_publisher/share/lane_publisher/hook/pythonpath.ps1'
[1.640s] INFO:colcon.colcon_core.shell:Creating environment descriptor '/home/stuart/lane_ws/install/lane_publisher/share/lane_publisher/hook/pythonpath.dsv'
[1.641s] INFO:colcon.colcon_core.shell:Creating environment hook '/home/stuart/lane_ws/install/lane_publisher/share/lane_publisher/hook/pythonpath.sh'
[1.641s] Level 1:colcon.colcon_core.environment:checking '/home/stuart/lane_ws/install/lane_publisher/bin'
[1.641s] Level 1:colcon.colcon_core.environment:create_environment_scripts_only(lane_publisher)
[1.643s] INFO:colcon.colcon_core.shell:Creating package script '/home/stuart/lane_ws/install/lane_publisher/share/lane_publisher/package.ps1'
[1.643s] INFO:colcon.colcon_core.shell:Creating package descriptor '/home/stuart/lane_ws/install/lane_publisher/share/lane_publisher/package.dsv'
[1.644s] INFO:colcon.colcon_core.shell:Creating package script '/home/stuart/lane_ws/install/lane_publisher/share/lane_publisher/package.sh'
[1.645s] INFO:colcon.colcon_core.shell:Creating package script '/home/stuart/lane_ws/install/lane_publisher/share/lane_publisher/package.bash'
[1.645s] INFO:colcon.colcon_core.shell:Creating package script '/home/stuart/lane_ws/install/lane_publisher/share/lane_publisher/package.zsh'
[1.646s] Level 1:colcon.colcon_core.environment:create_file_with_runtime_dependencies(/home/stuart/lane_ws/install/lane_publisher/share/colcon-core/packages/lane_publisher)
[8.133s] DEBUG:colcon.colcon_core.event_handler.log_command:Invoked command in '/home/stuart/lane_ws/build/custom_messages' returned '0': CMAKE_PREFIX_PATH=/home/stuart/lane_ws/install/lane_publisher:/opt/ros/humble /usr/bin/cmake /home/stuart/lane_ws/src/custom_messages -DCMAKE_INSTALL_PREFIX=/home/stuart/lane_ws/install/custom_messages
[8.135s] DEBUG:colcon.colcon_core.event_handler.log_command:Invoking command in '/home/stuart/lane_ws/build/custom_messages': CMAKE_PREFIX_PATH=/home/stuart/lane_ws/install/lane_publisher:/opt/ros/humble /usr/bin/cmake --build /home/stuart/lane_ws/build/custom_messages -- -j16 -l16
[9.020s] DEBUG:colcon.colcon_core.event_handler.log_command:Invoked command in '/home/stuart/lane_ws/build/custom_messages' returned '2': CMAKE_PREFIX_PATH=/home/stuart/lane_ws/install/lane_publisher:/opt/ros/humble /usr/bin/cmake --build /home/stuart/lane_ws/build/custom_messages -- -j16 -l16
[9.089s] Level 1:colcon.colcon_core.environment:create_environment_scripts_only(custom_messages)
[9.091s] Level 1:colcon.colcon_core.environment:checking '/home/stuart/lane_ws/install/custom_messages' for CMake module files
[9.092s] Level 1:colcon.colcon_core.environment:checking '/home/stuart/lane_ws/install/custom_messages' for CMake config files
[9.092s] Level 1:colcon.colcon_core.environment:checking '/home/stuart/lane_ws/install/custom_messages/bin'
[9.092s] Level 1:colcon.colcon_core.environment:checking '/home/stuart/lane_ws/install/custom_messages/lib/pkgconfig/custom_messages.pc'
[9.092s] Level 1:colcon.colcon_core.environment:checking '/home/stuart/lane_ws/install/custom_messages/lib/python3.10/site-packages'
[9.092s] Level 1:colcon.colcon_core.environment:checking '/home/stuart/lane_ws/install/custom_messages/bin'
[9.094s] INFO:colcon.colcon_core.shell:Creating package script '/home/stuart/lane_ws/install/custom_messages/share/custom_messages/package.ps1'
[9.095s] INFO:colcon.colcon_core.shell:Creating package descriptor '/home/stuart/lane_ws/install/custom_messages/share/custom_messages/package.dsv'
[9.095s] INFO:colcon.colcon_core.shell:Creating package script '/home/stuart/lane_ws/install/custom_messages/share/custom_messages/package.sh'
[9.096s] INFO:colcon.colcon_core.shell:Creating package script '/home/stuart/lane_ws/install/custom_messages/share/custom_messages/package.bash'
[9.096s] INFO:colcon.colcon_core.shell:Creating package script '/home/stuart/lane_ws/install/custom_messages/share/custom_messages/package.zsh'
[9.096s] Level 1:colcon.colcon_core.environment:create_file_with_runtime_dependencies(/home/stuart/lane_ws/install/custom_messages/share/colcon-core/packages/custom_messages)
[9.107s] DEBUG:colcon.colcon_parallel_executor.executor.parallel:closing loop
[9.107s] DEBUG:colcon.colcon_parallel_executor.executor.parallel:loop closed
[9.108s] DEBUG:colcon.colcon_parallel_executor.executor.parallel:run_until_complete finished with '2'
[9.108s] DEBUG:colcon.colcon_core.event_reactor:joining thread
[9.244s] INFO:colcon.colcon_core.plugin_system:Skipping extension 'colcon_notification.desktop_notification.notify_send': Could not find 'notify-send'
[9.245s] INFO:colcon.colcon_core.plugin_system:Skipping extension 'colcon_notification.desktop_notification.terminal_notifier': Not used on non-Darwin systems
[9.245s] INFO:colcon.colcon_core.plugin_system:Skipping extension 'colcon_notification.desktop_notification.win32': Not used on non-Windows systems
[9.245s] INFO:colcon.colcon_notification.desktop_notification:Sending desktop notification using 'notify2'
[9.245s] DEBUG:colcon.colcon_notification.desktop_notification.notify2:Failed to initialize notify2: org.freedesktop.DBus.Error.FileNotFound: Failed to connect to socket /run/user/1000/bus: No such file or directory
[9.245s] DEBUG:colcon.colcon_core.event_reactor:joined thread
[9.247s] INFO:colcon.colcon_core.shell:Creating prefix script '/home/stuart/lane_ws/install/local_setup.ps1'
[9.248s] INFO:colcon.colcon_core.shell:Creating prefix util module '/home/stuart/lane_ws/install/_local_setup_util_ps1.py'
[9.249s] INFO:colcon.colcon_core.shell:Creating prefix chain script '/home/stuart/lane_ws/install/setup.ps1'
[9.250s] INFO:colcon.colcon_core.shell:Creating prefix script '/home/stuart/lane_ws/install/local_setup.sh'
[9.251s] INFO:colcon.colcon_core.shell:Creating prefix util module '/home/stuart/lane_ws/install/_local_setup_util_sh.py'
[9.251s] INFO:colcon.colcon_core.shell:Creating prefix chain script '/home/stuart/lane_ws/install/setup.sh'
[9.252s] INFO:colcon.colcon_core.shell:Creating prefix script '/home/stuart/lane_ws/install/local_setup.bash'
[9.253s] INFO:colcon.colcon_core.shell:Creating prefix chain script '/home/stuart/lane_ws/install/setup.bash'
[9.254s] INFO:colcon.colcon_core.shell:Creating prefix script '/home/stuart/lane_ws/install/local_setup.zsh'
[9.254s] INFO:colcon.colcon_core.shell:Creating prefix chain script '/home/stuart/lane_ws/install/setup.zsh'
