[0.606s] DEBUG:colcon:Command line arguments: ['/usr/bin/colcon', 'build']
[0.606s] DEBUG:colcon:Parsed command line arguments: Namespace(log_base=None, log_level=None, verb_name='build', build_base='build', install_base='install', merge_install=False, symlink_install=False, test_result_base=None, continue_on_error=False, executor='parallel', parallel_workers=16, event_handlers=None, ignore_user_meta=False, metas=['./colcon.meta'], base_paths=['.'], packages_ignore=None, packages_ignore_regex=None, paths=None, packages_up_to=None, packages_up_to_regex=None, packages_above=None, packages_above_and_dependencies=None, packages_above_depth=None, packages_select_by_dep=None, packages_skip_by_dep=None, packages_skip_up_to=None, packages_select_build_failed=False, packages_skip_build_finished=False, packages_select_test_failures=False, packages_skip_test_passed=False, packages_select=None, packages_skip=None, packages_select_regex=None, packages_skip_regex=None, packages_start=None, packages_end=None, allow_overriding=[], cmake_args=None, cmake_target=None, cmake_target_skip_unavailable=False, cmake_clean_cache=False, cmake_clean_first=False, cmake_force_configure=False, ament_cmake_args=None, catkin_cmake_args=None, catkin_skip_building_tests=False, verb_parser=<colcon_defaults.argument_parser.defaults.DefaultArgumentsDecorator object at 0x7f4e09440520>, verb_extension=<colcon_core.verb.build.BuildVerb object at 0x7f4e09c25ba0>, main=<bound method BuildVerb.main of <colcon_core.verb.build.BuildVerb object at 0x7f4e09c25ba0>>)
[0.635s] Level 1:colcon.colcon_core.package_discovery:discover_packages(colcon_meta) check parameters
[0.635s] Level 1:colcon.colcon_core.package_discovery:discover_packages(recursive) check parameters
[0.635s] Level 1:colcon.colcon_core.package_discovery:discover_packages(ignore) check parameters
[0.635s] Level 1:colcon.colcon_core.package_discovery:discover_packages(path) check parameters
[0.635s] Level 1:colcon.colcon_core.package_discovery:discover_packages(colcon_meta) discover
[0.635s] Level 1:colcon.colcon_core.package_discovery:discover_packages(recursive) discover
[0.635s] INFO:colcon.colcon_core.package_discovery:Crawling recursively for packages in '/home/stuart/lane_ws'
[0.636s] Level 1:colcon.colcon_core.package_identification:_identify(.) by extensions ['ignore', 'ignore_ament_install']
[0.636s] Level 1:colcon.colcon_core.package_identification:_identify(.) by extension 'ignore'
[0.636s] Level 1:colcon.colcon_core.package_identification:_identify(.) by extension 'ignore_ament_install'
[0.636s] Level 1:colcon.colcon_core.package_identification:_identify(.) by extensions ['colcon_pkg']
[0.636s] Level 1:colcon.colcon_core.package_identification:_identify(.) by extension 'colcon_pkg'
[0.636s] Level 1:colcon.colcon_core.package_identification:_identify(.) by extensions ['colcon_meta']
[0.636s] Level 1:colcon.colcon_core.package_identification:_identify(.) by extension 'colcon_meta'
[0.636s] Level 1:colcon.colcon_core.package_identification:_identify(.) by extensions ['ros']
[0.636s] Level 1:colcon.colcon_core.package_identification:_identify(.) by extension 'ros'
[0.648s] Level 1:colcon.colcon_core.package_identification:_identify(.) by extensions ['cmake', 'python']
[0.648s] Level 1:colcon.colcon_core.package_identification:_identify(.) by extension 'cmake'
[0.648s] Level 1:colcon.colcon_core.package_identification:_identify(.) by extension 'python'
[0.649s] Level 1:colcon.colcon_core.package_identification:_identify(.) by extensions ['python_setup_py']
[0.649s] Level 1:colcon.colcon_core.package_identification:_identify(.) by extension 'python_setup_py'
[0.649s] Level 1:colcon.colcon_core.package_identification:_identify(build) by extensions ['ignore', 'ignore_ament_install']
[0.649s] Level 1:colcon.colcon_core.package_identification:_identify(build) by extension 'ignore'
[0.649s] Level 1:colcon.colcon_core.package_identification:_identify(build) ignored
[0.649s] Level 1:colcon.colcon_core.package_identification:_identify(install) by extensions ['ignore', 'ignore_ament_install']
[0.649s] Level 1:colcon.colcon_core.package_identification:_identify(install) by extension 'ignore'
[0.649s] Level 1:colcon.colcon_core.package_identification:_identify(install) ignored
[0.649s] Level 1:colcon.colcon_core.package_identification:_identify(log) by extensions ['ignore', 'ignore_ament_install']
[0.649s] Level 1:colcon.colcon_core.package_identification:_identify(log) by extension 'ignore'
[0.649s] Level 1:colcon.colcon_core.package_identification:_identify(log) ignored
[0.649s] Level 1:colcon.colcon_core.package_identification:_identify(src) by extensions ['ignore', 'ignore_ament_install']
[0.650s] Level 1:colcon.colcon_core.package_identification:_identify(src) by extension 'ignore'
[0.650s] Level 1:colcon.colcon_core.package_identification:_identify(src) by extension 'ignore_ament_install'
[0.650s] Level 1:colcon.colcon_core.package_identification:_identify(src) by extensions ['colcon_pkg']
[0.650s] Level 1:colcon.colcon_core.package_identification:_identify(src) by extension 'colcon_pkg'
[0.650s] Level 1:colcon.colcon_core.package_identification:_identify(src) by extensions ['colcon_meta']
[0.650s] Level 1:colcon.colcon_core.package_identification:_identify(src) by extension 'colcon_meta'
[0.650s] Level 1:colcon.colcon_core.package_identification:_identify(src) by extensions ['ros']
[0.650s] Level 1:colcon.colcon_core.package_identification:_identify(src) by extension 'ros'
[0.650s] Level 1:colcon.colcon_core.package_identification:_identify(src) by extensions ['cmake', 'python']
[0.650s] Level 1:colcon.colcon_core.package_identification:_identify(src) by extension 'cmake'
[0.650s] Level 1:colcon.colcon_core.package_identification:_identify(src) by extension 'python'
[0.650s] Level 1:colcon.colcon_core.package_identification:_identify(src) by extensions ['python_setup_py']
[0.650s] Level 1:colcon.colcon_core.package_identification:_identify(src) by extension 'python_setup_py'
[0.650s] Level 1:colcon.colcon_core.package_identification:_identify(src/custom_messages) by extensions ['ignore', 'ignore_ament_install']
[0.650s] Level 1:colcon.colcon_core.package_identification:_identify(src/custom_messages) by extension 'ignore'
[0.650s] Level 1:colcon.colcon_core.package_identification:_identify(src/custom_messages) by extension 'ignore_ament_install'
[0.650s] Level 1:colcon.colcon_core.package_identification:_identify(src/custom_messages) by extensions ['colcon_pkg']
[0.650s] Level 1:colcon.colcon_core.package_identification:_identify(src/custom_messages) by extension 'colcon_pkg'
[0.650s] Level 1:colcon.colcon_core.package_identification:_identify(src/custom_messages) by extensions ['colcon_meta']
[0.650s] Level 1:colcon.colcon_core.package_identification:_identify(src/custom_messages) by extension 'colcon_meta'
[0.651s] Level 1:colcon.colcon_core.package_identification:_identify(src/custom_messages) by extensions ['ros']
[0.651s] Level 1:colcon.colcon_core.package_identification:_identify(src/custom_messages) by extension 'ros'
[0.653s] DEBUG:colcon.colcon_core.package_identification:Package 'src/custom_messages' with type 'ros.ament_cmake' and name 'custom_messages'
[0.653s] Level 1:colcon.colcon_core.package_identification:_identify(src/lane_publisher) by extensions ['ignore', 'ignore_ament_install']
[0.653s] Level 1:colcon.colcon_core.package_identification:_identify(src/lane_publisher) by extension 'ignore'
[0.653s] Level 1:colcon.colcon_core.package_identification:_identify(src/lane_publisher) by extension 'ignore_ament_install'
[0.653s] Level 1:colcon.colcon_core.package_identification:_identify(src/lane_publisher) by extensions ['colcon_pkg']
[0.653s] Level 1:colcon.colcon_core.package_identification:_identify(src/lane_publisher) by extension 'colcon_pkg'
[0.653s] Level 1:colcon.colcon_core.package_identification:_identify(src/lane_publisher) by extensions ['colcon_meta']
[0.653s] Level 1:colcon.colcon_core.package_identification:_identify(src/lane_publisher) by extension 'colcon_meta'
[0.653s] Level 1:colcon.colcon_core.package_identification:_identify(src/lane_publisher) by extensions ['ros']
[0.653s] Level 1:colcon.colcon_core.package_identification:_identify(src/lane_publisher) by extension 'ros'
[0.654s] DEBUG:colcon.colcon_core.package_identification:Package 'src/lane_publisher' with type 'ros.ament_python' and name 'lane_publisher'
[0.654s] Level 1:colcon.colcon_core.package_discovery:discover_packages(recursive) using defaults
[0.654s] Level 1:colcon.colcon_core.package_discovery:discover_packages(ignore) discover
[0.654s] Level 1:colcon.colcon_core.package_discovery:discover_packages(ignore) using defaults
[0.654s] Level 1:colcon.colcon_core.package_discovery:discover_packages(path) discover
[0.654s] Level 1:colcon.colcon_core.package_discovery:discover_packages(path) using defaults
[0.678s] Level 1:colcon.colcon_core.package_discovery:discover_packages(prefix_path) check parameters
[0.678s] Level 1:colcon.colcon_core.package_discovery:discover_packages(prefix_path) discover
[0.680s] DEBUG:colcon.colcon_installed_package_information.package_discovery:Found 2 installed packages in /home/stuart/lane_ws/install
[0.682s] DEBUG:colcon.colcon_installed_package_information.package_discovery:Found 270 installed packages in /opt/ros/humble
[0.683s] Level 1:colcon.colcon_core.package_discovery:discover_packages(prefix_path) using defaults
[0.744s] Level 5:colcon.colcon_core.verb:set package 'custom_messages' build argument 'cmake_args' from command line to 'None'
[0.744s] Level 5:colcon.colcon_core.verb:set package 'custom_messages' build argument 'cmake_target' from command line to 'None'
[0.744s] Level 5:colcon.colcon_core.verb:set package 'custom_messages' build argument 'cmake_target_skip_unavailable' from command line to 'False'
[0.744s] Level 5:colcon.colcon_core.verb:set package 'custom_messages' build argument 'cmake_clean_cache' from command line to 'False'
[0.745s] Level 5:colcon.colcon_core.verb:set package 'custom_messages' build argument 'cmake_clean_first' from command line to 'False'
[0.745s] Level 5:colcon.colcon_core.verb:set package 'custom_messages' build argument 'cmake_force_configure' from command line to 'False'
[0.745s] Level 5:colcon.colcon_core.verb:set package 'custom_messages' build argument 'ament_cmake_args' from command line to 'None'
[0.745s] Level 5:colcon.colcon_core.verb:set package 'custom_messages' build argument 'catkin_cmake_args' from command line to 'None'
[0.745s] Level 5:colcon.colcon_core.verb:set package 'custom_messages' build argument 'catkin_skip_building_tests' from command line to 'False'
[0.745s] DEBUG:colcon.colcon_core.verb:Building package 'custom_messages' with the following arguments: {'ament_cmake_args': None, 'build_base': '/home/stuart/lane_ws/build/custom_messages', 'catkin_cmake_args': None, 'catkin_skip_building_tests': False, 'cmake_args': None, 'cmake_clean_cache': False, 'cmake_clean_first': False, 'cmake_force_configure': False, 'cmake_target': None, 'cmake_target_skip_unavailable': False, 'install_base': '/home/stuart/lane_ws/install/custom_messages', 'merge_install': False, 'path': '/home/stuart/lane_ws/src/custom_messages', 'symlink_install': False, 'test_result_base': None}
[0.746s] Level 5:colcon.colcon_core.verb:set package 'lane_publisher' build argument 'cmake_args' from command line to 'None'
[0.746s] Level 5:colcon.colcon_core.verb:set package 'lane_publisher' build argument 'cmake_target' from command line to 'None'
[0.746s] Level 5:colcon.colcon_core.verb:set package 'lane_publisher' build argument 'cmake_target_skip_unavailable' from command line to 'False'
[0.746s] Level 5:colcon.colcon_core.verb:set package 'lane_publisher' build argument 'cmake_clean_cache' from command line to 'False'
[0.746s] Level 5:colcon.colcon_core.verb:set package 'lane_publisher' build argument 'cmake_clean_first' from command line to 'False'
[0.746s] Level 5:colcon.colcon_core.verb:set package 'lane_publisher' build argument 'cmake_force_configure' from command line to 'False'
[0.746s] Level 5:colcon.colcon_core.verb:set package 'lane_publisher' build argument 'ament_cmake_args' from command line to 'None'
[0.746s] Level 5:colcon.colcon_core.verb:set package 'lane_publisher' build argument 'catkin_cmake_args' from command line to 'None'
[0.746s] Level 5:colcon.colcon_core.verb:set package 'lane_publisher' build argument 'catkin_skip_building_tests' from command line to 'False'
[0.746s] DEBUG:colcon.colcon_core.verb:Building package 'lane_publisher' with the following arguments: {'ament_cmake_args': None, 'build_base': '/home/stuart/lane_ws/build/lane_publisher', 'catkin_cmake_args': None, 'catkin_skip_building_tests': False, 'cmake_args': None, 'cmake_clean_cache': False, 'cmake_clean_first': False, 'cmake_force_configure': False, 'cmake_target': None, 'cmake_target_skip_unavailable': False, 'install_base': '/home/stuart/lane_ws/install/lane_publisher', 'merge_install': False, 'path': '/home/stuart/lane_ws/src/lane_publisher', 'symlink_install': False, 'test_result_base': None}
[0.746s] INFO:colcon.colcon_core.executor:Executing jobs using 'parallel' executor
[0.750s] DEBUG:colcon.colcon_parallel_executor.executor.parallel:run_until_complete
[0.750s] INFO:colcon.colcon_ros.task.ament_cmake.build:Building ROS package in '/home/stuart/lane_ws/src/custom_messages' with build type 'ament_cmake'
[0.750s] INFO:colcon.colcon_cmake.task.cmake.build:Building CMake package in '/home/stuart/lane_ws/src/custom_messages'
[0.754s] INFO:colcon.colcon_core.plugin_system:Skipping extension 'colcon_core.shell.bat': Not used on non-Windows systems
[0.755s] INFO:colcon.colcon_core.shell:Skip shell extension 'powershell' for command environment: Not usable outside of PowerShell
[0.755s] DEBUG:colcon.colcon_core.shell:Skip shell extension 'dsv' for command environment
[0.764s] DEBUG:colcon.colcon_core.event_handler.log_command:Invoking command in '/home/stuart/lane_ws/build/custom_messages': CMAKE_PREFIX_PATH=${CMAKE_PREFIX_PATH}:/home/stuart/lane_ws/install/lane_publisher:/opt/ros/humble /usr/bin/cmake --build /home/stuart/lane_ws/build/custom_messages -- -j16 -l16
[5.875s] DEBUG:colcon.colcon_core.event_handler.log_command:Invoked command in '/home/stuart/lane_ws/build/custom_messages' returned '0': CMAKE_PREFIX_PATH=${CMAKE_PREFIX_PATH}:/home/stuart/lane_ws/install/lane_publisher:/opt/ros/humble /usr/bin/cmake --build /home/stuart/lane_ws/build/custom_messages -- -j16 -l16
[5.980s] DEBUG:colcon.colcon_core.event_handler.log_command:Invoking command in '/home/stuart/lane_ws/build/custom_messages': CMAKE_PREFIX_PATH=${CMAKE_PREFIX_PATH}:/home/stuart/lane_ws/install/lane_publisher:/opt/ros/humble /usr/bin/cmake --install /home/stuart/lane_ws/build/custom_messages
[6.048s] Level 1:colcon.colcon_core.environment:create_environment_scripts_only(custom_messages)
[6.049s] DEBUG:colcon.colcon_core.event_handler.log_command:Invoked command in '/home/stuart/lane_ws/build/custom_messages' returned '0': CMAKE_PREFIX_PATH=${CMAKE_PREFIX_PATH}:/home/stuart/lane_ws/install/lane_publisher:/opt/ros/humble /usr/bin/cmake --install /home/stuart/lane_ws/build/custom_messages
[6.053s] Level 1:colcon.colcon_core.environment:checking '/home/stuart/lane_ws/install/custom_messages' for CMake module files
[6.054s] Level 1:colcon.colcon_core.environment:checking '/home/stuart/lane_ws/install/custom_messages' for CMake config files
[6.054s] Level 1:colcon.colcon_core.shell:create_environment_hook('custom_messages', 'cmake_prefix_path')
[6.056s] INFO:colcon.colcon_core.shell:Creating environment hook '/home/stuart/lane_ws/install/custom_messages/share/custom_messages/hook/cmake_prefix_path.ps1'
[6.057s] INFO:colcon.colcon_core.shell:Creating environment descriptor '/home/stuart/lane_ws/install/custom_messages/share/custom_messages/hook/cmake_prefix_path.dsv'
[6.057s] INFO:colcon.colcon_core.shell:Creating environment hook '/home/stuart/lane_ws/install/custom_messages/share/custom_messages/hook/cmake_prefix_path.sh'
[6.058s] Level 1:colcon.colcon_core.environment:checking '/home/stuart/lane_ws/install/custom_messages/lib'
[6.058s] Level 1:colcon.colcon_core.shell:create_environment_hook('custom_messages', 'ld_library_path_lib')
[6.059s] INFO:colcon.colcon_core.shell:Creating environment hook '/home/stuart/lane_ws/install/custom_messages/share/custom_messages/hook/ld_library_path_lib.ps1'
[6.060s] INFO:colcon.colcon_core.shell:Creating environment descriptor '/home/stuart/lane_ws/install/custom_messages/share/custom_messages/hook/ld_library_path_lib.dsv'
[6.060s] INFO:colcon.colcon_core.shell:Creating environment hook '/home/stuart/lane_ws/install/custom_messages/share/custom_messages/hook/ld_library_path_lib.sh'
[6.060s] Level 1:colcon.colcon_core.environment:checking '/home/stuart/lane_ws/install/custom_messages/bin'
[6.060s] Level 1:colcon.colcon_core.environment:checking '/home/stuart/lane_ws/install/custom_messages/lib/pkgconfig/custom_messages.pc'
[6.061s] Level 1:colcon.colcon_core.environment:checking '/home/stuart/lane_ws/install/custom_messages/lib/python3.10/site-packages'
[6.061s] Level 1:colcon.colcon_core.environment:checking '/home/stuart/lane_ws/install/custom_messages/bin'
[6.062s] INFO:colcon.colcon_core.shell:Creating package script '/home/stuart/lane_ws/install/custom_messages/share/custom_messages/package.ps1'
[6.063s] INFO:colcon.colcon_core.shell:Creating package descriptor '/home/stuart/lane_ws/install/custom_messages/share/custom_messages/package.dsv'
[6.063s] INFO:colcon.colcon_core.shell:Creating package script '/home/stuart/lane_ws/install/custom_messages/share/custom_messages/package.sh'
[6.064s] INFO:colcon.colcon_core.shell:Creating package script '/home/stuart/lane_ws/install/custom_messages/share/custom_messages/package.bash'
[6.064s] INFO:colcon.colcon_core.shell:Creating package script '/home/stuart/lane_ws/install/custom_messages/share/custom_messages/package.zsh'
[6.065s] Level 1:colcon.colcon_core.environment:create_file_with_runtime_dependencies(/home/stuart/lane_ws/install/custom_messages/share/colcon-core/packages/custom_messages)
[6.165s] Level 1:colcon.colcon_core.environment:create_environment_scripts_only(custom_messages)
[6.167s] Level 1:colcon.colcon_core.environment:checking '/home/stuart/lane_ws/install/custom_messages' for CMake module files
[6.168s] Level 1:colcon.colcon_core.environment:checking '/home/stuart/lane_ws/install/custom_messages' for CMake config files
[6.168s] Level 1:colcon.colcon_core.shell:create_environment_hook('custom_messages', 'cmake_prefix_path')
[6.169s] INFO:colcon.colcon_core.shell:Creating environment hook '/home/stuart/lane_ws/install/custom_messages/share/custom_messages/hook/cmake_prefix_path.ps1'
[6.170s] INFO:colcon.colcon_core.shell:Creating environment descriptor '/home/stuart/lane_ws/install/custom_messages/share/custom_messages/hook/cmake_prefix_path.dsv'
[6.170s] INFO:colcon.colcon_core.shell:Creating environment hook '/home/stuart/lane_ws/install/custom_messages/share/custom_messages/hook/cmake_prefix_path.sh'
[6.170s] Level 1:colcon.colcon_core.environment:checking '/home/stuart/lane_ws/install/custom_messages/lib'
[6.171s] Level 1:colcon.colcon_core.shell:create_environment_hook('custom_messages', 'ld_library_path_lib')
[6.172s] INFO:colcon.colcon_core.shell:Creating environment hook '/home/stuart/lane_ws/install/custom_messages/share/custom_messages/hook/ld_library_path_lib.ps1'
[6.172s] INFO:colcon.colcon_core.shell:Creating environment descriptor '/home/stuart/lane_ws/install/custom_messages/share/custom_messages/hook/ld_library_path_lib.dsv'
[6.172s] INFO:colcon.colcon_core.shell:Creating environment hook '/home/stuart/lane_ws/install/custom_messages/share/custom_messages/hook/ld_library_path_lib.sh'
[6.172s] Level 1:colcon.colcon_core.environment:checking '/home/stuart/lane_ws/install/custom_messages/bin'
[6.173s] Level 1:colcon.colcon_core.environment:checking '/home/stuart/lane_ws/install/custom_messages/lib/pkgconfig/custom_messages.pc'
[6.173s] Level 1:colcon.colcon_core.environment:checking '/home/stuart/lane_ws/install/custom_messages/lib/python3.10/site-packages'
[6.173s] Level 1:colcon.colcon_core.environment:checking '/home/stuart/lane_ws/install/custom_messages/bin'
[6.174s] INFO:colcon.colcon_core.shell:Creating package script '/home/stuart/lane_ws/install/custom_messages/share/custom_messages/package.ps1'
[6.175s] INFO:colcon.colcon_core.shell:Creating package descriptor '/home/stuart/lane_ws/install/custom_messages/share/custom_messages/package.dsv'
[6.175s] INFO:colcon.colcon_core.shell:Creating package script '/home/stuart/lane_ws/install/custom_messages/share/custom_messages/package.sh'
[6.175s] INFO:colcon.colcon_core.shell:Creating package script '/home/stuart/lane_ws/install/custom_messages/share/custom_messages/package.bash'
[6.176s] INFO:colcon.colcon_core.shell:Creating package script '/home/stuart/lane_ws/install/custom_messages/share/custom_messages/package.zsh'
[6.176s] Level 1:colcon.colcon_core.environment:create_file_with_runtime_dependencies(/home/stuart/lane_ws/install/custom_messages/share/colcon-core/packages/custom_messages)
[6.176s] INFO:colcon.colcon_ros.task.ament_python.build:Building ROS package in '/home/stuart/lane_ws/src/lane_publisher' with build type 'ament_python'
[6.177s] Level 1:colcon.colcon_core.shell:create_environment_hook('lane_publisher', 'ament_prefix_path')
[6.178s] INFO:colcon.colcon_core.shell:Creating environment hook '/home/stuart/lane_ws/install/lane_publisher/share/lane_publisher/hook/ament_prefix_path.ps1'
[6.179s] INFO:colcon.colcon_core.shell:Creating environment descriptor '/home/stuart/lane_ws/install/lane_publisher/share/lane_publisher/hook/ament_prefix_path.dsv'
[6.179s] INFO:colcon.colcon_core.shell:Creating environment hook '/home/stuart/lane_ws/install/lane_publisher/share/lane_publisher/hook/ament_prefix_path.sh'
[6.181s] INFO:colcon.colcon_core.shell:Skip shell extension 'powershell' for command environment: Not usable outside of PowerShell
[6.181s] DEBUG:colcon.colcon_core.shell:Skip shell extension 'dsv' for command environment
[6.675s] INFO:colcon.colcon_core.task.python.build:Building Python package in '/home/stuart/lane_ws/src/lane_publisher'
[6.676s] INFO:colcon.colcon_core.shell:Skip shell extension 'powershell' for command environment: Not usable outside of PowerShell
[6.676s] DEBUG:colcon.colcon_core.shell:Skip shell extension 'dsv' for command environment
[7.243s] DEBUG:colcon.colcon_core.event_handler.log_command:Invoking command in '/home/stuart/lane_ws/src/lane_publisher': PYTHONPATH=/home/stuart/lane_ws/build/lane_publisher/prefix_override:/home/stuart/lane_ws/install/lane_publisher/lib/python3.10/site-packages:${PYTHONPATH} /usr/bin/python3 setup.py egg_info --egg-base ../../build/lane_publisher build --build-base /home/stuart/lane_ws/build/lane_publisher/build install --record /home/stuart/lane_ws/build/lane_publisher/install.log --single-version-externally-managed
[7.499s] Level 1:colcon.colcon_core.environment:checking '/home/stuart/lane_ws/install/lane_publisher' for CMake module files
[7.499s] DEBUG:colcon.colcon_core.event_handler.log_command:Invoked command in '/home/stuart/lane_ws/src/lane_publisher' returned '0': PYTHONPATH=/home/stuart/lane_ws/build/lane_publisher/prefix_override:/home/stuart/lane_ws/install/lane_publisher/lib/python3.10/site-packages:${PYTHONPATH} /usr/bin/python3 setup.py egg_info --egg-base ../../build/lane_publisher build --build-base /home/stuart/lane_ws/build/lane_publisher/build install --record /home/stuart/lane_ws/build/lane_publisher/install.log --single-version-externally-managed
[7.500s] Level 1:colcon.colcon_core.environment:checking '/home/stuart/lane_ws/install/lane_publisher' for CMake config files
[7.501s] Level 1:colcon.colcon_core.environment:checking '/home/stuart/lane_ws/install/lane_publisher/lib'
[7.501s] Level 1:colcon.colcon_core.environment:checking '/home/stuart/lane_ws/install/lane_publisher/bin'
[7.501s] Level 1:colcon.colcon_core.environment:checking '/home/stuart/lane_ws/install/lane_publisher/lib/pkgconfig/lane_publisher.pc'
[7.501s] Level 1:colcon.colcon_core.environment:checking '/home/stuart/lane_ws/install/lane_publisher/lib/python3.10/site-packages'
[7.501s] Level 1:colcon.colcon_core.shell:create_environment_hook('lane_publisher', 'pythonpath')
[7.503s] INFO:colcon.colcon_core.shell:Creating environment hook '/home/stuart/lane_ws/install/lane_publisher/share/lane_publisher/hook/pythonpath.ps1'
[7.503s] INFO:colcon.colcon_core.shell:Creating environment descriptor '/home/stuart/lane_ws/install/lane_publisher/share/lane_publisher/hook/pythonpath.dsv'
[7.503s] INFO:colcon.colcon_core.shell:Creating environment hook '/home/stuart/lane_ws/install/lane_publisher/share/lane_publisher/hook/pythonpath.sh'
[7.504s] Level 1:colcon.colcon_core.environment:checking '/home/stuart/lane_ws/install/lane_publisher/bin'
[7.504s] Level 1:colcon.colcon_core.environment:create_environment_scripts_only(lane_publisher)
[7.505s] INFO:colcon.colcon_core.shell:Creating package script '/home/stuart/lane_ws/install/lane_publisher/share/lane_publisher/package.ps1'
[7.506s] INFO:colcon.colcon_core.shell:Creating package descriptor '/home/stuart/lane_ws/install/lane_publisher/share/lane_publisher/package.dsv'
[7.506s] INFO:colcon.colcon_core.shell:Creating package script '/home/stuart/lane_ws/install/lane_publisher/share/lane_publisher/package.sh'
[7.507s] INFO:colcon.colcon_core.shell:Creating package script '/home/stuart/lane_ws/install/lane_publisher/share/lane_publisher/package.bash'
[7.507s] INFO:colcon.colcon_core.shell:Creating package script '/home/stuart/lane_ws/install/lane_publisher/share/lane_publisher/package.zsh'
[7.507s] Level 1:colcon.colcon_core.environment:create_file_with_runtime_dependencies(/home/stuart/lane_ws/install/lane_publisher/share/colcon-core/packages/lane_publisher)
[7.508s] DEBUG:colcon.colcon_parallel_executor.executor.parallel:closing loop
[7.508s] DEBUG:colcon.colcon_parallel_executor.executor.parallel:loop closed
[7.509s] DEBUG:colcon.colcon_parallel_executor.executor.parallel:run_until_complete finished with '0'
[7.509s] DEBUG:colcon.colcon_core.event_reactor:joining thread
[7.673s] INFO:colcon.colcon_core.plugin_system:Skipping extension 'colcon_notification.desktop_notification.notify_send': Could not find 'notify-send'
[7.674s] INFO:colcon.colcon_core.plugin_system:Skipping extension 'colcon_notification.desktop_notification.terminal_notifier': Not used on non-Darwin systems
[7.674s] INFO:colcon.colcon_core.plugin_system:Skipping extension 'colcon_notification.desktop_notification.win32': Not used on non-Windows systems
[7.674s] INFO:colcon.colcon_notification.desktop_notification:Sending desktop notification using 'notify2'
[7.674s] DEBUG:colcon.colcon_notification.desktop_notification.notify2:Failed to initialize notify2: org.freedesktop.DBus.Error.FileNotFound: Failed to connect to socket /run/user/1000/bus: No such file or directory
[7.674s] DEBUG:colcon.colcon_core.event_reactor:joined thread
[7.676s] INFO:colcon.colcon_core.shell:Creating prefix script '/home/stuart/lane_ws/install/local_setup.ps1'
[7.677s] INFO:colcon.colcon_core.shell:Creating prefix util module '/home/stuart/lane_ws/install/_local_setup_util_ps1.py'
[7.678s] INFO:colcon.colcon_core.shell:Creating prefix chain script '/home/stuart/lane_ws/install/setup.ps1'
[7.680s] INFO:colcon.colcon_core.shell:Creating prefix script '/home/stuart/lane_ws/install/local_setup.sh'
[7.680s] INFO:colcon.colcon_core.shell:Creating prefix util module '/home/stuart/lane_ws/install/_local_setup_util_sh.py'
[7.681s] INFO:colcon.colcon_core.shell:Creating prefix chain script '/home/stuart/lane_ws/install/setup.sh'
[7.682s] INFO:colcon.colcon_core.shell:Creating prefix script '/home/stuart/lane_ws/install/local_setup.bash'
[7.683s] INFO:colcon.colcon_core.shell:Creating prefix chain script '/home/stuart/lane_ws/install/setup.bash'
[7.684s] INFO:colcon.colcon_core.shell:Creating prefix script '/home/stuart/lane_ws/install/local_setup.zsh'
[7.685s] INFO:colcon.colcon_core.shell:Creating prefix chain script '/home/stuart/lane_ws/install/setup.zsh'
