-- Found ament_cmake: 1.3.5 (/opt/ros/humble/share/ament_cmake/cmake)
-- Found ament_lint_auto: 0.12.7 (/opt/ros/humble/share/ament_lint_auto/cmake)
-- Found rosidl_default_generators: 1.2.0 (/opt/ros/humble/share/rosidl_default_generators/cmake)
-- Using all available rosidl_typesupport_c: rosidl_typesupport_fastrtps_c;rosidl_typesupport_introspection_c
-- Found rosidl_adapter: 3.1.5 (/opt/ros/humble/share/rosidl_adapter/cmake)
-- Using all available rosidl_typesupport_cpp: rosidl_typesupport_fastrtps_cpp;rosidl_typesupport_introspection_cpp
-- Found ament_cmake_ros: 0.10.0 (/opt/ros/humble/share/ament_cmake_ros/cmake)
-- Using all available rosidl_typesupport_c: rosidl_typesupport_fastrtps_c;rosidl_typesupport_introspection_c
-- Using all available rosidl_typesupport_cpp: rosidl_typesupport_fastrtps_cpp;rosidl_typesupport_introspection_cpp
-- Found python_cmake_module: 0.10.0 (/opt/ros/humble/share/python_cmake_module/cmake)
-- Using PYTHON_EXECUTABLE: /usr/bin/python3
-- Using PYTHON_INCLUDE_DIRS: /usr/include/python3.10
-- Using PYTHON_LIBRARIES: /usr/lib/x86_64-linux-gnu/libpython3.10.so
-- Added test 'lint_cmake' to check CMake code style
-- Added test 'xmllint' to check XML markup files
-- Configuring done
-- Generating done
-- Build files have been written to: /home/stuart/lane_ws/build/custom_messages
[  1%] [34m[1mGenerating C code for ROS interfaces[0m
[  3%] [34m[1mGenerating C++ code for ROS interfaces[0m
[  3%] Built target ament_cmake_python_copy_custom_messages
running egg_info
writing custom_messages.egg-info/PKG-INFO
writing dependency_links to custom_messages.egg-info/dependency_links.txt
writing top-level names to custom_messages.egg-info/top_level.txt
reading manifest file 'custom_messages.egg-info/SOURCES.txt'
writing manifest file 'custom_messages.egg-info/SOURCES.txt'
[  3%] Built target ament_cmake_python_build_custom_messages_egg
[  3%] Built target custom_messages__cpp
[  5%] [34m[1mGenerating C++ type support for eProsima Fast-RTPS[0m
[  7%] [34m[1mGenerating C++ introspection for ROS interfaces[0m
[  9%] [34m[1mGenerating C++ type support dispatch for ROS interfaces[0m
[35m[1mConsolidate compiler generated dependencies of target custom_messages__rosidl_generator_c[0m
[ 14%] [32mBuilding C object CMakeFiles/custom_messages__rosidl_generator_c.dir/rosidl_generator_c/custom_messages/msg/detail/laneid__functions.c.o[0m
[ 14%] [32mBuilding C object CMakeFiles/custom_messages__rosidl_generator_c.dir/rosidl_generator_c/custom_messages/msg/detail/lanetype__functions.c.o[0m
[ 14%] [32mBuilding C object CMakeFiles/custom_messages__rosidl_generator_c.dir/rosidl_generator_c/custom_messages/msg/detail/parent_message__functions.c.o[0m
[ 16%] [32mBuilding C object CMakeFiles/custom_messages__rosidl_generator_c.dir/rosidl_generator_c/custom_messages/msg/detail/lanemarkings__functions.c.o[0m
[ 18%] [32m[1mLinking C shared library libcustom_messages__rosidl_generator_c.so[0m
[ 18%] Built target custom_messages__rosidl_generator_c
[35m[1mConsolidate compiler generated dependencies of target custom_messages__rosidl_typesupport_fastrtps_cpp[0m
[ 21%] [34m[1mGenerating C type support dispatch for ROS interfaces[0m
[ 21%] [34m[1mGenerating C type support for eProsima Fast-RTPS[0m
[ 23%] [34m[1mGenerating C introspection for ROS interfaces[0m
[ 25%] [32mBuilding CXX object CMakeFiles/custom_messages__rosidl_typesupport_fastrtps_cpp.dir/rosidl_typesupport_fastrtps_cpp/custom_messages/msg/detail/dds_fastrtps/parent_message__type_support.cpp.o[0m
[ 27%] [32mBuilding CXX object CMakeFiles/custom_messages__rosidl_typesupport_fastrtps_cpp.dir/rosidl_typesupport_fastrtps_cpp/custom_messages/msg/detail/dds_fastrtps/laneid__type_support.cpp.o[0m
[ 29%] [32mBuilding CXX object CMakeFiles/custom_messages__rosidl_typesupport_fastrtps_cpp.dir/rosidl_typesupport_fastrtps_cpp/custom_messages/msg/detail/dds_fastrtps/lanetype__type_support.cpp.o[0m
[ 30%] [32mBuilding CXX object CMakeFiles/custom_messages__rosidl_typesupport_fastrtps_cpp.dir/rosidl_typesupport_fastrtps_cpp/custom_messages/msg/detail/dds_fastrtps/lanemarkings__type_support.cpp.o[0m
[35m[1mConsolidate compiler generated dependencies of target custom_messages__rosidl_typesupport_cpp[0m
[ 32%] [32mBuilding CXX object CMakeFiles/custom_messages__rosidl_typesupport_cpp.dir/rosidl_typesupport_cpp/custom_messages/msg/lanemarkings__type_support.cpp.o[0m
[ 34%] [32mBuilding CXX object CMakeFiles/custom_messages__rosidl_typesupport_cpp.dir/rosidl_typesupport_cpp/custom_messages/msg/parent_message__type_support.cpp.o[0m
[ 38%] [32mBuilding CXX object CMakeFiles/custom_messages__rosidl_typesupport_cpp.dir/rosidl_typesupport_cpp/custom_messages/msg/lanetype__type_support.cpp.o[0m
[ 38%] [32mBuilding CXX object CMakeFiles/custom_messages__rosidl_typesupport_cpp.dir/rosidl_typesupport_cpp/custom_messages/msg/laneid__type_support.cpp.o[0m
[35m[1mConsolidate compiler generated dependencies of target custom_messages__rosidl_typesupport_introspection_cpp[0m
[ 40%] [32mBuilding CXX object CMakeFiles/custom_messages__rosidl_typesupport_introspection_cpp.dir/rosidl_typesupport_introspection_cpp/custom_messages/msg/detail/parent_message__type_support.cpp.o[0m
[ 41%] [32mBuilding CXX object CMakeFiles/custom_messages__rosidl_typesupport_introspection_cpp.dir/rosidl_typesupport_introspection_cpp/custom_messages/msg/detail/laneid__type_support.cpp.o[0m
[ 43%] [32mBuilding CXX object CMakeFiles/custom_messages__rosidl_typesupport_introspection_cpp.dir/rosidl_typesupport_introspection_cpp/custom_messages/msg/detail/lanetype__type_support.cpp.o[0m
[ 45%] [32mBuilding CXX object CMakeFiles/custom_messages__rosidl_typesupport_introspection_cpp.dir/rosidl_typesupport_introspection_cpp/custom_messages/msg/detail/lanemarkings__type_support.cpp.o[0m
[ 47%] [32m[1mLinking CXX shared library libcustom_messages__rosidl_typesupport_cpp.so[0m
[35m[1mConsolidate compiler generated dependencies of target custom_messages__rosidl_typesupport_c[0m
[ 49%] [32mBuilding CXX object CMakeFiles/custom_messages__rosidl_typesupport_c.dir/rosidl_typesupport_c/custom_messages/msg/parent_message__type_support.cpp.o[0m
[ 54%] [32mBuilding CXX object CMakeFiles/custom_messages__rosidl_typesupport_c.dir/rosidl_typesupport_c/custom_messages/msg/lanemarkings__type_support.cpp.o[0m
[ 54%] [32mBuilding CXX object CMakeFiles/custom_messages__rosidl_typesupport_c.dir/rosidl_typesupport_c/custom_messages/msg/lanetype__type_support.cpp.o[0m
[ 54%] [32mBuilding CXX object CMakeFiles/custom_messages__rosidl_typesupport_c.dir/rosidl_typesupport_c/custom_messages/msg/laneid__type_support.cpp.o[0m
[ 56%] [32m[1mLinking CXX shared library libcustom_messages__rosidl_typesupport_c.so[0m
[35m[1mConsolidate compiler generated dependencies of target custom_messages__rosidl_typesupport_introspection_c[0m
[35m[1mConsolidate compiler generated dependencies of target custom_messages__rosidl_typesupport_fastrtps_c[0m
[ 58%] [32mBuilding C object CMakeFiles/custom_messages__rosidl_typesupport_introspection_c.dir/rosidl_typesupport_introspection_c/custom_messages/msg/detail/lanemarkings__type_support.c.o[0m
[ 60%] [32mBuilding C object CMakeFiles/custom_messages__rosidl_typesupport_introspection_c.dir/rosidl_typesupport_introspection_c/custom_messages/msg/detail/laneid__type_support.c.o[0m
[ 61%] [32mBuilding C object CMakeFiles/custom_messages__rosidl_typesupport_introspection_c.dir/rosidl_typesupport_introspection_c/custom_messages/msg/detail/parent_message__type_support.c.o[0m
[ 63%] [32mBuilding C object CMakeFiles/custom_messages__rosidl_typesupport_introspection_c.dir/rosidl_typesupport_introspection_c/custom_messages/msg/detail/lanetype__type_support.c.o[0m
[ 70%] [32mBuilding CXX object CMakeFiles/custom_messages__rosidl_typesupport_fastrtps_c.dir/rosidl_typesupport_fastrtps_c/custom_messages/msg/detail/lanetype__type_support_c.cpp.o[0m
[ 70%] [32mBuilding CXX object CMakeFiles/custom_messages__rosidl_typesupport_fastrtps_c.dir/rosidl_typesupport_fastrtps_c/custom_messages/msg/detail/lanemarkings__type_support_c.cpp.o[0m
[ 70%] [32mBuilding CXX object CMakeFiles/custom_messages__rosidl_typesupport_fastrtps_c.dir/rosidl_typesupport_fastrtps_c/custom_messages/msg/detail/parent_message__type_support_c.cpp.o[0m
[ 70%] [32m[1mLinking CXX shared library libcustom_messages__rosidl_typesupport_fastrtps_cpp.so[0m
[ 72%] [32mBuilding CXX object CMakeFiles/custom_messages__rosidl_typesupport_fastrtps_c.dir/rosidl_typesupport_fastrtps_c/custom_messages/msg/detail/laneid__type_support_c.cpp.o[0m
[ 74%] [32m[1mLinking C shared library libcustom_messages__rosidl_typesupport_introspection_c.so[0m
[ 76%] [32m[1mLinking CXX shared library libcustom_messages__rosidl_typesupport_introspection_cpp.so[0m
[ 76%] Built target custom_messages__rosidl_typesupport_cpp
[ 76%] Built target custom_messages__rosidl_typesupport_c
[ 76%] Built target custom_messages__rosidl_typesupport_fastrtps_cpp
[ 76%] Built target custom_messages__rosidl_typesupport_introspection_c
[ 76%] Built target custom_messages__rosidl_typesupport_introspection_cpp
[ 78%] [32m[1mLinking CXX shared library libcustom_messages__rosidl_typesupport_fastrtps_c.so[0m
[ 78%] Built target custom_messages__rosidl_typesupport_fastrtps_c
[ 78%] Built target custom_messages
[ 80%] [34m[1mGenerating Python code for ROS interfaces[0m
[ 80%] Built target custom_messages__py
[35m[1mConsolidate compiler generated dependencies of target custom_messages__rosidl_generator_py[0m
[ 83%] [32mBuilding C object CMakeFiles/custom_messages__rosidl_generator_py.dir/rosidl_generator_py/custom_messages/msg/_laneid_s.c.o[0m
[ 83%] [32mBuilding C object CMakeFiles/custom_messages__rosidl_generator_py.dir/rosidl_generator_py/custom_messages/msg/_parent_message_s.c.o[0m
[ 85%] [32mBuilding C object CMakeFiles/custom_messages__rosidl_generator_py.dir/rosidl_generator_py/custom_messages/msg/_lanetype_s.c.o[0m
[ 87%] [32mBuilding C object CMakeFiles/custom_messages__rosidl_generator_py.dir/rosidl_generator_py/custom_messages/msg/_lanemarkings_s.c.o[0m
[ 89%] [32m[1mLinking C shared library rosidl_generator_py/custom_messages/libcustom_messages__rosidl_generator_py.so[0m
[ 89%] Built target custom_messages__rosidl_generator_py
[35m[1mConsolidate compiler generated dependencies of target custom_messages__rosidl_typesupport_fastrtps_c__pyext[0m
[35m[1mConsolidate compiler generated dependencies of target custom_messages__rosidl_typesupport_introspection_c__pyext[0m
[35m[1mConsolidate compiler generated dependencies of target custom_messages__rosidl_typesupport_c__pyext[0m
[ 94%] [32mBuilding C object CMakeFiles/custom_messages__rosidl_typesupport_fastrtps_c__pyext.dir/rosidl_generator_py/custom_messages/_custom_messages_s.ep.rosidl_typesupport_fastrtps_c.c.o[0m
[ 94%] [32mBuilding C object CMakeFiles/custom_messages__rosidl_typesupport_introspection_c__pyext.dir/rosidl_generator_py/custom_messages/_custom_messages_s.ep.rosidl_typesupport_introspection_c.c.o[0m
[ 94%] [32mBuilding C object CMakeFiles/custom_messages__rosidl_typesupport_c__pyext.dir/rosidl_generator_py/custom_messages/_custom_messages_s.ep.rosidl_typesupport_c.c.o[0m
[ 96%] [32m[1mLinking C shared library rosidl_generator_py/custom_messages/custom_messages_s__rosidl_typesupport_c.cpython-310-x86_64-linux-gnu.so[0m
[ 98%] [32m[1mLinking C shared library rosidl_generator_py/custom_messages/custom_messages_s__rosidl_typesupport_fastrtps_c.cpython-310-x86_64-linux-gnu.so[0m
[100%] [32m[1mLinking C shared library rosidl_generator_py/custom_messages/custom_messages_s__rosidl_typesupport_introspection_c.cpython-310-x86_64-linux-gnu.so[0m
[100%] Built target custom_messages__rosidl_typesupport_fastrtps_c__pyext
[100%] Built target custom_messages__rosidl_typesupport_c__pyext
[100%] Built target custom_messages__rosidl_typesupport_introspection_c__pyext
-- Install configuration: ""
-- Installing: /home/stuart/lane_ws/install/custom_messages/share/ament_index/resource_index/rosidl_interfaces/custom_messages
-- Up-to-date: /home/stuart/lane_ws/install/custom_messages/include/custom_messages/custom_messages
-- Up-to-date: /home/stuart/lane_ws/install/custom_messages/include/custom_messages/custom_messages/msg
-- Installing: /home/stuart/lane_ws/install/custom_messages/include/custom_messages/custom_messages/msg/lanemarkings.h
-- Installing: /home/stuart/lane_ws/install/custom_messages/include/custom_messages/custom_messages/msg/lanetype.h
-- Installing: /home/stuart/lane_ws/install/custom_messages/include/custom_messages/custom_messages/msg/parent_message.h
-- Up-to-date: /home/stuart/lane_ws/install/custom_messages/include/custom_messages/custom_messages/msg/detail
-- Up-to-date: /home/stuart/lane_ws/install/custom_messages/include/custom_messages/custom_messages/msg/detail/child2__type_support.h
-- Up-to-date: /home/stuart/lane_ws/install/custom_messages/include/custom_messages/custom_messages/msg/detail/child1__functions.c
-- Up-to-date: /home/stuart/lane_ws/install/custom_messages/include/custom_messages/custom_messages/msg/detail/child1__functions.h
-- Installing: /home/stuart/lane_ws/install/custom_messages/include/custom_messages/custom_messages/msg/detail/lanetype__functions.h
-- Installing: /home/stuart/lane_ws/install/custom_messages/include/custom_messages/custom_messages/msg/detail/parent_message__functions.c
-- Installing: /home/stuart/lane_ws/install/custom_messages/include/custom_messages/custom_messages/msg/detail/parent_message__type_support.h
-- Installing: /home/stuart/lane_ws/install/custom_messages/include/custom_messages/custom_messages/msg/detail/laneid__functions.h
-- Up-to-date: /home/stuart/lane_ws/install/custom_messages/include/custom_messages/custom_messages/msg/detail/child1__type_support.h
-- Installing: /home/stuart/lane_ws/install/custom_messages/include/custom_messages/custom_messages/msg/detail/laneid__struct.h
-- Installing: /home/stuart/lane_ws/install/custom_messages/include/custom_messages/custom_messages/msg/detail/lanemarkings__functions.c
-- Installing: /home/stuart/lane_ws/install/custom_messages/include/custom_messages/custom_messages/msg/detail/parent_message__struct.h
-- Installing: /home/stuart/lane_ws/install/custom_messages/include/custom_messages/custom_messages/msg/detail/lanemarkings__functions.h
-- Installing: /home/stuart/lane_ws/install/custom_messages/include/custom_messages/custom_messages/msg/detail/parent_message__functions.h
-- Installing: /home/stuart/lane_ws/install/custom_messages/include/custom_messages/custom_messages/msg/detail/lanemarkings__struct.h
-- Up-to-date: /home/stuart/lane_ws/install/custom_messages/include/custom_messages/custom_messages/msg/detail/child2__functions.c
-- Installing: /home/stuart/lane_ws/install/custom_messages/include/custom_messages/custom_messages/msg/detail/lanemarkings__type_support.h
-- Installing: /home/stuart/lane_ws/install/custom_messages/include/custom_messages/custom_messages/msg/detail/lanetype__functions.c
-- Up-to-date: /home/stuart/lane_ws/install/custom_messages/include/custom_messages/custom_messages/msg/detail/child2__functions.h
-- Installing: /home/stuart/lane_ws/install/custom_messages/include/custom_messages/custom_messages/msg/detail/lanetype__type_support.h
-- Installing: /home/stuart/lane_ws/install/custom_messages/include/custom_messages/custom_messages/msg/detail/laneid__functions.c
-- Installing: /home/stuart/lane_ws/install/custom_messages/include/custom_messages/custom_messages/msg/detail/laneid__type_support.h
-- Up-to-date: /home/stuart/lane_ws/install/custom_messages/include/custom_messages/custom_messages/msg/detail/child2__struct.h
-- Installing: /home/stuart/lane_ws/install/custom_messages/include/custom_messages/custom_messages/msg/detail/lanetype__struct.h
-- Up-to-date: /home/stuart/lane_ws/install/custom_messages/include/custom_messages/custom_messages/msg/detail/child1__struct.h
-- Up-to-date: /home/stuart/lane_ws/install/custom_messages/include/custom_messages/custom_messages/msg/rosidl_generator_c__visibility_control.h
-- Up-to-date: /home/stuart/lane_ws/install/custom_messages/include/custom_messages/custom_messages/msg/child2.h
-- Installing: /home/stuart/lane_ws/install/custom_messages/include/custom_messages/custom_messages/msg/laneid.h
-- Up-to-date: /home/stuart/lane_ws/install/custom_messages/include/custom_messages/custom_messages/msg/child1.h
-- Up-to-date: /home/stuart/lane_ws/install/custom_messages/share/custom_messages/environment/library_path.sh
-- Installing: /home/stuart/lane_ws/install/custom_messages/share/custom_messages/environment/library_path.dsv
-- Installing: /home/stuart/lane_ws/install/custom_messages/lib/libcustom_messages__rosidl_generator_c.so
-- Set runtime path of "/home/stuart/lane_ws/install/custom_messages/lib/libcustom_messages__rosidl_generator_c.so" to ""
-- Up-to-date: /home/stuart/lane_ws/install/custom_messages/include/custom_messages/custom_messages
-- Up-to-date: /home/stuart/lane_ws/install/custom_messages/include/custom_messages/custom_messages/msg
-- Up-to-date: /home/stuart/lane_ws/install/custom_messages/include/custom_messages/custom_messages/msg/rosidl_typesupport_fastrtps_c__visibility_control.h
-- Up-to-date: /home/stuart/lane_ws/install/custom_messages/include/custom_messages/custom_messages/msg/detail
-- Up-to-date: /home/stuart/lane_ws/install/custom_messages/include/custom_messages/custom_messages/msg/detail/child2__rosidl_typesupport_fastrtps_c.h
-- Installing: /home/stuart/lane_ws/install/custom_messages/include/custom_messages/custom_messages/msg/detail/lanemarkings__rosidl_typesupport_fastrtps_c.h
-- Installing: /home/stuart/lane_ws/install/custom_messages/include/custom_messages/custom_messages/msg/detail/lanetype__rosidl_typesupport_fastrtps_c.h
-- Installing: /home/stuart/lane_ws/install/custom_messages/include/custom_messages/custom_messages/msg/detail/laneid__rosidl_typesupport_fastrtps_c.h
-- Up-to-date: /home/stuart/lane_ws/install/custom_messages/include/custom_messages/custom_messages/msg/detail/child1__rosidl_typesupport_fastrtps_c.h
-- Installing: /home/stuart/lane_ws/install/custom_messages/include/custom_messages/custom_messages/msg/detail/parent_message__rosidl_typesupport_fastrtps_c.h
-- Installing: /home/stuart/lane_ws/install/custom_messages/lib/libcustom_messages__rosidl_typesupport_fastrtps_c.so
-- Set runtime path of "/home/stuart/lane_ws/install/custom_messages/lib/libcustom_messages__rosidl_typesupport_fastrtps_c.so" to ""
-- Up-to-date: /home/stuart/lane_ws/install/custom_messages/include/custom_messages/custom_messages
-- Up-to-date: /home/stuart/lane_ws/install/custom_messages/include/custom_messages/custom_messages/msg
-- Up-to-date: /home/stuart/lane_ws/install/custom_messages/include/custom_messages/custom_messages/msg/detail
-- Installing: /home/stuart/lane_ws/install/custom_messages/include/custom_messages/custom_messages/msg/detail/lanetype__type_support.c
-- Up-to-date: /home/stuart/lane_ws/install/custom_messages/include/custom_messages/custom_messages/msg/detail/child2__type_support.c
-- Installing: /home/stuart/lane_ws/install/custom_messages/include/custom_messages/custom_messages/msg/detail/lanemarkings__rosidl_typesupport_introspection_c.h
-- Installing: /home/stuart/lane_ws/install/custom_messages/include/custom_messages/custom_messages/msg/detail/parent_message__rosidl_typesupport_introspection_c.h
-- Installing: /home/stuart/lane_ws/install/custom_messages/include/custom_messages/custom_messages/msg/detail/laneid__type_support.c
-- Installing: /home/stuart/lane_ws/install/custom_messages/include/custom_messages/custom_messages/msg/detail/laneid__rosidl_typesupport_introspection_c.h
-- Up-to-date: /home/stuart/lane_ws/install/custom_messages/include/custom_messages/custom_messages/msg/detail/child1__rosidl_typesupport_introspection_c.h
-- Installing: /home/stuart/lane_ws/install/custom_messages/include/custom_messages/custom_messages/msg/detail/lanemarkings__type_support.c
-- Up-to-date: /home/stuart/lane_ws/install/custom_messages/include/custom_messages/custom_messages/msg/detail/child1__type_support.c
-- Installing: /home/stuart/lane_ws/install/custom_messages/include/custom_messages/custom_messages/msg/detail/parent_message__type_support.c
-- Up-to-date: /home/stuart/lane_ws/install/custom_messages/include/custom_messages/custom_messages/msg/detail/child2__rosidl_typesupport_introspection_c.h
-- Installing: /home/stuart/lane_ws/install/custom_messages/include/custom_messages/custom_messages/msg/detail/lanetype__rosidl_typesupport_introspection_c.h
-- Up-to-date: /home/stuart/lane_ws/install/custom_messages/include/custom_messages/custom_messages/msg/rosidl_typesupport_introspection_c__visibility_control.h
-- Installing: /home/stuart/lane_ws/install/custom_messages/lib/libcustom_messages__rosidl_typesupport_introspection_c.so
-- Set runtime path of "/home/stuart/lane_ws/install/custom_messages/lib/libcustom_messages__rosidl_typesupport_introspection_c.so" to ""
-- Installing: /home/stuart/lane_ws/install/custom_messages/lib/libcustom_messages__rosidl_typesupport_c.so
-- Set runtime path of "/home/stuart/lane_ws/install/custom_messages/lib/libcustom_messages__rosidl_typesupport_c.so" to ""
-- Up-to-date: /home/stuart/lane_ws/install/custom_messages/include/custom_messages/custom_messages
-- Up-to-date: /home/stuart/lane_ws/install/custom_messages/include/custom_messages/custom_messages/msg
-- Up-to-date: /home/stuart/lane_ws/install/custom_messages/include/custom_messages/custom_messages/msg/child2.hpp
-- Up-to-date: /home/stuart/lane_ws/install/custom_messages/include/custom_messages/custom_messages/msg/child1.hpp
-- Installing: /home/stuart/lane_ws/install/custom_messages/include/custom_messages/custom_messages/msg/laneid.hpp
-- Up-to-date: /home/stuart/lane_ws/install/custom_messages/include/custom_messages/custom_messages/msg/detail
-- Installing: /home/stuart/lane_ws/install/custom_messages/include/custom_messages/custom_messages/msg/detail/lanetype__struct.hpp
-- Installing: /home/stuart/lane_ws/install/custom_messages/include/custom_messages/custom_messages/msg/detail/lanemarkings__traits.hpp
-- Up-to-date: /home/stuart/lane_ws/install/custom_messages/include/custom_messages/custom_messages/msg/detail/child2__struct.hpp
-- Installing: /home/stuart/lane_ws/install/custom_messages/include/custom_messages/custom_messages/msg/detail/laneid__struct.hpp
-- Installing: /home/stuart/lane_ws/install/custom_messages/include/custom_messages/custom_messages/msg/detail/lanemarkings__builder.hpp
-- Up-to-date: /home/stuart/lane_ws/install/custom_messages/include/custom_messages/custom_messages/msg/detail/child1__struct.hpp
-- Up-to-date: /home/stuart/lane_ws/install/custom_messages/include/custom_messages/custom_messages/msg/detail/child2__traits.hpp
-- Installing: /home/stuart/lane_ws/install/custom_messages/include/custom_messages/custom_messages/msg/detail/parent_message__struct.hpp
-- Up-to-date: /home/stuart/lane_ws/install/custom_messages/include/custom_messages/custom_messages/msg/detail/child1__traits.hpp
-- Up-to-date: /home/stuart/lane_ws/install/custom_messages/include/custom_messages/custom_messages/msg/detail/child1__builder.hpp
-- Installing: /home/stuart/lane_ws/install/custom_messages/include/custom_messages/custom_messages/msg/detail/laneid__builder.hpp
-- Installing: /home/stuart/lane_ws/install/custom_messages/include/custom_messages/custom_messages/msg/detail/parent_message__builder.hpp
-- Installing: /home/stuart/lane_ws/install/custom_messages/include/custom_messages/custom_messages/msg/detail/lanetype__builder.hpp
-- Installing: /home/stuart/lane_ws/install/custom_messages/include/custom_messages/custom_messages/msg/detail/lanemarkings__struct.hpp
-- Installing: /home/stuart/lane_ws/install/custom_messages/include/custom_messages/custom_messages/msg/detail/laneid__traits.hpp
-- Up-to-date: /home/stuart/lane_ws/install/custom_messages/include/custom_messages/custom_messages/msg/detail/child2__builder.hpp
-- Installing: /home/stuart/lane_ws/install/custom_messages/include/custom_messages/custom_messages/msg/detail/parent_message__traits.hpp
-- Installing: /home/stuart/lane_ws/install/custom_messages/include/custom_messages/custom_messages/msg/detail/lanetype__traits.hpp
-- Installing: /home/stuart/lane_ws/install/custom_messages/include/custom_messages/custom_messages/msg/lanemarkings.hpp
-- Installing: /home/stuart/lane_ws/install/custom_messages/include/custom_messages/custom_messages/msg/lanetype.hpp
-- Installing: /home/stuart/lane_ws/install/custom_messages/include/custom_messages/custom_messages/msg/parent_message.hpp
-- Up-to-date: /home/stuart/lane_ws/install/custom_messages/include/custom_messages/custom_messages
-- Up-to-date: /home/stuart/lane_ws/install/custom_messages/include/custom_messages/custom_messages/msg
-- Up-to-date: /home/stuart/lane_ws/install/custom_messages/include/custom_messages/custom_messages/msg/rosidl_typesupport_fastrtps_cpp__visibility_control.h
-- Up-to-date: /home/stuart/lane_ws/install/custom_messages/include/custom_messages/custom_messages/msg/detail
-- Installing: /home/stuart/lane_ws/install/custom_messages/include/custom_messages/custom_messages/msg/detail/parent_message__rosidl_typesupport_fastrtps_cpp.hpp
-- Up-to-date: /home/stuart/lane_ws/install/custom_messages/include/custom_messages/custom_messages/msg/detail/child1__rosidl_typesupport_fastrtps_cpp.hpp
-- Installing: /home/stuart/lane_ws/install/custom_messages/include/custom_messages/custom_messages/msg/detail/laneid__rosidl_typesupport_fastrtps_cpp.hpp
-- Up-to-date: /home/stuart/lane_ws/install/custom_messages/include/custom_messages/custom_messages/msg/detail/child2__rosidl_typesupport_fastrtps_cpp.hpp
-- Up-to-date: /home/stuart/lane_ws/install/custom_messages/include/custom_messages/custom_messages/msg/detail/dds_fastrtps
-- Installing: /home/stuart/lane_ws/install/custom_messages/include/custom_messages/custom_messages/msg/detail/lanemarkings__rosidl_typesupport_fastrtps_cpp.hpp
-- Installing: /home/stuart/lane_ws/install/custom_messages/include/custom_messages/custom_messages/msg/detail/lanetype__rosidl_typesupport_fastrtps_cpp.hpp
-- Installing: /home/stuart/lane_ws/install/custom_messages/lib/libcustom_messages__rosidl_typesupport_fastrtps_cpp.so
-- Set runtime path of "/home/stuart/lane_ws/install/custom_messages/lib/libcustom_messages__rosidl_typesupport_fastrtps_cpp.so" to ""
-- Up-to-date: /home/stuart/lane_ws/install/custom_messages/include/custom_messages/custom_messages
-- Up-to-date: /home/stuart/lane_ws/install/custom_messages/include/custom_messages/custom_messages/msg
-- Up-to-date: /home/stuart/lane_ws/install/custom_messages/include/custom_messages/custom_messages/msg/detail
-- Installing: /home/stuart/lane_ws/install/custom_messages/include/custom_messages/custom_messages/msg/detail/parent_message__rosidl_typesupport_introspection_cpp.hpp
-- Installing: /home/stuart/lane_ws/install/custom_messages/include/custom_messages/custom_messages/msg/detail/lanetype__rosidl_typesupport_introspection_cpp.hpp
-- Installing: /home/stuart/lane_ws/install/custom_messages/include/custom_messages/custom_messages/msg/detail/laneid__type_support.cpp
-- Installing: /home/stuart/lane_ws/install/custom_messages/include/custom_messages/custom_messages/msg/detail/parent_message__type_support.cpp
-- Up-to-date: /home/stuart/lane_ws/install/custom_messages/include/custom_messages/custom_messages/msg/detail/child2__rosidl_typesupport_introspection_cpp.hpp
-- Up-to-date: /home/stuart/lane_ws/install/custom_messages/include/custom_messages/custom_messages/msg/detail/child1__type_support.cpp
-- Installing: /home/stuart/lane_ws/install/custom_messages/include/custom_messages/custom_messages/msg/detail/laneid__rosidl_typesupport_introspection_cpp.hpp
-- Installing: /home/stuart/lane_ws/install/custom_messages/include/custom_messages/custom_messages/msg/detail/lanemarkings__rosidl_typesupport_introspection_cpp.hpp
-- Installing: /home/stuart/lane_ws/install/custom_messages/include/custom_messages/custom_messages/msg/detail/lanetype__type_support.cpp
-- Up-to-date: /home/stuart/lane_ws/install/custom_messages/include/custom_messages/custom_messages/msg/detail/child1__rosidl_typesupport_introspection_cpp.hpp
-- Installing: /home/stuart/lane_ws/install/custom_messages/include/custom_messages/custom_messages/msg/detail/lanemarkings__type_support.cpp
-- Up-to-date: /home/stuart/lane_ws/install/custom_messages/include/custom_messages/custom_messages/msg/detail/child2__type_support.cpp
-- Installing: /home/stuart/lane_ws/install/custom_messages/lib/libcustom_messages__rosidl_typesupport_introspection_cpp.so
-- Set runtime path of "/home/stuart/lane_ws/install/custom_messages/lib/libcustom_messages__rosidl_typesupport_introspection_cpp.so" to ""
-- Installing: /home/stuart/lane_ws/install/custom_messages/lib/libcustom_messages__rosidl_typesupport_cpp.so
-- Set runtime path of "/home/stuart/lane_ws/install/custom_messages/lib/libcustom_messages__rosidl_typesupport_cpp.so" to ""
-- Up-to-date: /home/stuart/lane_ws/install/custom_messages/share/custom_messages/environment/pythonpath.sh
-- Installing: /home/stuart/lane_ws/install/custom_messages/share/custom_messages/environment/pythonpath.dsv
-- Up-to-date: /home/stuart/lane_ws/install/custom_messages/local/lib/python3.10/dist-packages/custom_messages-0.0.0-py3.10.egg-info
-- Installing: /home/stuart/lane_ws/install/custom_messages/local/lib/python3.10/dist-packages/custom_messages-0.0.0-py3.10.egg-info/top_level.txt
-- Installing: /home/stuart/lane_ws/install/custom_messages/local/lib/python3.10/dist-packages/custom_messages-0.0.0-py3.10.egg-info/dependency_links.txt
-- Installing: /home/stuart/lane_ws/install/custom_messages/local/lib/python3.10/dist-packages/custom_messages-0.0.0-py3.10.egg-info/PKG-INFO
-- Installing: /home/stuart/lane_ws/install/custom_messages/local/lib/python3.10/dist-packages/custom_messages-0.0.0-py3.10.egg-info/SOURCES.txt
-- Up-to-date: /home/stuart/lane_ws/install/custom_messages/local/lib/python3.10/dist-packages/custom_messages
-- Installing: /home/stuart/lane_ws/install/custom_messages/local/lib/python3.10/dist-packages/custom_messages/custom_messages_s__rosidl_typesupport_introspection_c.cpython-310-x86_64-linux-gnu.so
-- Installing: /home/stuart/lane_ws/install/custom_messages/local/lib/python3.10/dist-packages/custom_messages/custom_messages_s__rosidl_typesupport_c.cpython-310-x86_64-linux-gnu.so
-- Installing: /home/stuart/lane_ws/install/custom_messages/local/lib/python3.10/dist-packages/custom_messages/_custom_messages_s.ep.rosidl_typesupport_c.c
-- Installing: /home/stuart/lane_ws/install/custom_messages/local/lib/python3.10/dist-packages/custom_messages/custom_messages_s__rosidl_typesupport_fastrtps_c.cpython-310-x86_64-linux-gnu.so
-- Installing: /home/stuart/lane_ws/install/custom_messages/local/lib/python3.10/dist-packages/custom_messages/_custom_messages_s.ep.rosidl_typesupport_introspection_c.c
-- Installing: /home/stuart/lane_ws/install/custom_messages/local/lib/python3.10/dist-packages/custom_messages/libcustom_messages__rosidl_generator_py.so
-- Installing: /home/stuart/lane_ws/install/custom_messages/local/lib/python3.10/dist-packages/custom_messages/__init__.py
-- Installing: /home/stuart/lane_ws/install/custom_messages/local/lib/python3.10/dist-packages/custom_messages/_custom_messages_s.ep.rosidl_typesupport_fastrtps_c.c
-- Up-to-date: /home/stuart/lane_ws/install/custom_messages/local/lib/python3.10/dist-packages/custom_messages/msg
-- Installing: /home/stuart/lane_ws/install/custom_messages/local/lib/python3.10/dist-packages/custom_messages/msg/_lanetype.py
-- Up-to-date: /home/stuart/lane_ws/install/custom_messages/local/lib/python3.10/dist-packages/custom_messages/msg/_child1_s.c
-- Installing: /home/stuart/lane_ws/install/custom_messages/local/lib/python3.10/dist-packages/custom_messages/msg/_laneid.py
-- Installing: /home/stuart/lane_ws/install/custom_messages/local/lib/python3.10/dist-packages/custom_messages/msg/_parent_message_s.c
-- Up-to-date: /home/stuart/lane_ws/install/custom_messages/local/lib/python3.10/dist-packages/custom_messages/msg/_child2.py
-- Up-to-date: /home/stuart/lane_ws/install/custom_messages/local/lib/python3.10/dist-packages/custom_messages/msg/_child2_s.c
-- Installing: /home/stuart/lane_ws/install/custom_messages/local/lib/python3.10/dist-packages/custom_messages/msg/_lanemarkings.py
-- Up-to-date: /home/stuart/lane_ws/install/custom_messages/local/lib/python3.10/dist-packages/custom_messages/msg/_child1.py
-- Installing: /home/stuart/lane_ws/install/custom_messages/local/lib/python3.10/dist-packages/custom_messages/msg/_lanemarkings_s.c
-- Installing: /home/stuart/lane_ws/install/custom_messages/local/lib/python3.10/dist-packages/custom_messages/msg/__init__.py
-- Installing: /home/stuart/lane_ws/install/custom_messages/local/lib/python3.10/dist-packages/custom_messages/msg/_laneid_s.c
-- Installing: /home/stuart/lane_ws/install/custom_messages/local/lib/python3.10/dist-packages/custom_messages/msg/_lanetype_s.c
-- Installing: /home/stuart/lane_ws/install/custom_messages/local/lib/python3.10/dist-packages/custom_messages/msg/_parent_message.py
Listing '/home/stuart/lane_ws/install/custom_messages/local/lib/python3.10/dist-packages/custom_messages'...
Compiling '/home/stuart/lane_ws/install/custom_messages/local/lib/python3.10/dist-packages/custom_messages/__init__.py'...
Listing '/home/stuart/lane_ws/install/custom_messages/local/lib/python3.10/dist-packages/custom_messages/msg'...
Compiling '/home/stuart/lane_ws/install/custom_messages/local/lib/python3.10/dist-packages/custom_messages/msg/__init__.py'...
Compiling '/home/stuart/lane_ws/install/custom_messages/local/lib/python3.10/dist-packages/custom_messages/msg/_laneid.py'...
Compiling '/home/stuart/lane_ws/install/custom_messages/local/lib/python3.10/dist-packages/custom_messages/msg/_lanemarkings.py'...
Compiling '/home/stuart/lane_ws/install/custom_messages/local/lib/python3.10/dist-packages/custom_messages/msg/_lanetype.py'...
Compiling '/home/stuart/lane_ws/install/custom_messages/local/lib/python3.10/dist-packages/custom_messages/msg/_parent_message.py'...
-- Installing: /home/stuart/lane_ws/install/custom_messages/local/lib/python3.10/dist-packages/custom_messages/custom_messages_s__rosidl_typesupport_fastrtps_c.cpython-310-x86_64-linux-gnu.so
-- Set runtime path of "/home/stuart/lane_ws/install/custom_messages/local/lib/python3.10/dist-packages/custom_messages/custom_messages_s__rosidl_typesupport_fastrtps_c.cpython-310-x86_64-linux-gnu.so" to ""
-- Installing: /home/stuart/lane_ws/install/custom_messages/local/lib/python3.10/dist-packages/custom_messages/custom_messages_s__rosidl_typesupport_introspection_c.cpython-310-x86_64-linux-gnu.so
-- Set runtime path of "/home/stuart/lane_ws/install/custom_messages/local/lib/python3.10/dist-packages/custom_messages/custom_messages_s__rosidl_typesupport_introspection_c.cpython-310-x86_64-linux-gnu.so" to ""
-- Installing: /home/stuart/lane_ws/install/custom_messages/local/lib/python3.10/dist-packages/custom_messages/custom_messages_s__rosidl_typesupport_c.cpython-310-x86_64-linux-gnu.so
-- Set runtime path of "/home/stuart/lane_ws/install/custom_messages/local/lib/python3.10/dist-packages/custom_messages/custom_messages_s__rosidl_typesupport_c.cpython-310-x86_64-linux-gnu.so" to ""
-- Installing: /home/stuart/lane_ws/install/custom_messages/lib/libcustom_messages__rosidl_generator_py.so
-- Set runtime path of "/home/stuart/lane_ws/install/custom_messages/lib/libcustom_messages__rosidl_generator_py.so" to ""
-- Installing: /home/stuart/lane_ws/install/custom_messages/share/custom_messages/msg/ParentMessage.idl
-- Installing: /home/stuart/lane_ws/install/custom_messages/share/custom_messages/msg/Laneid.idl
-- Installing: /home/stuart/lane_ws/install/custom_messages/share/custom_messages/msg/Lanetype.idl
-- Installing: /home/stuart/lane_ws/install/custom_messages/share/custom_messages/msg/Lanemarkings.idl
-- Installing: /home/stuart/lane_ws/install/custom_messages/share/custom_messages/msg/ParentMessage.msg
-- Installing: /home/stuart/lane_ws/install/custom_messages/share/custom_messages/msg/Laneid.msg
-- Installing: /home/stuart/lane_ws/install/custom_messages/share/custom_messages/msg/Lanetype.msg
-- Installing: /home/stuart/lane_ws/install/custom_messages/share/custom_messages/msg/Lanemarkings.msg
-- Up-to-date: /home/stuart/lane_ws/install/custom_messages/share/ament_index/resource_index/package_run_dependencies/custom_messages
-- Installing: /home/stuart/lane_ws/install/custom_messages/share/ament_index/resource_index/parent_prefix_path/custom_messages
-- Up-to-date: /home/stuart/lane_ws/install/custom_messages/share/custom_messages/environment/ament_prefix_path.sh
-- Installing: /home/stuart/lane_ws/install/custom_messages/share/custom_messages/environment/ament_prefix_path.dsv
-- Up-to-date: /home/stuart/lane_ws/install/custom_messages/share/custom_messages/environment/path.sh
-- Installing: /home/stuart/lane_ws/install/custom_messages/share/custom_messages/environment/path.dsv
-- Up-to-date: /home/stuart/lane_ws/install/custom_messages/share/custom_messages/local_setup.bash
-- Up-to-date: /home/stuart/lane_ws/install/custom_messages/share/custom_messages/local_setup.sh
-- Up-to-date: /home/stuart/lane_ws/install/custom_messages/share/custom_messages/local_setup.zsh
-- Installing: /home/stuart/lane_ws/install/custom_messages/share/custom_messages/local_setup.dsv
-- Installing: /home/stuart/lane_ws/install/custom_messages/share/custom_messages/package.dsv
-- Up-to-date: /home/stuart/lane_ws/install/custom_messages/share/ament_index/resource_index/packages/custom_messages
-- Up-to-date: /home/stuart/lane_ws/install/custom_messages/share/custom_messages/cmake/export_custom_messages__rosidl_generator_cExport.cmake
-- Up-to-date: /home/stuart/lane_ws/install/custom_messages/share/custom_messages/cmake/export_custom_messages__rosidl_generator_cExport-noconfig.cmake
-- Up-to-date: /home/stuart/lane_ws/install/custom_messages/share/custom_messages/cmake/export_custom_messages__rosidl_typesupport_fastrtps_cExport.cmake
-- Up-to-date: /home/stuart/lane_ws/install/custom_messages/share/custom_messages/cmake/export_custom_messages__rosidl_typesupport_fastrtps_cExport-noconfig.cmake
-- Up-to-date: /home/stuart/lane_ws/install/custom_messages/share/custom_messages/cmake/custom_messages__rosidl_typesupport_introspection_cExport.cmake
-- Up-to-date: /home/stuart/lane_ws/install/custom_messages/share/custom_messages/cmake/custom_messages__rosidl_typesupport_introspection_cExport-noconfig.cmake
-- Up-to-date: /home/stuart/lane_ws/install/custom_messages/share/custom_messages/cmake/custom_messages__rosidl_typesupport_cExport.cmake
-- Up-to-date: /home/stuart/lane_ws/install/custom_messages/share/custom_messages/cmake/custom_messages__rosidl_typesupport_cExport-noconfig.cmake
-- Up-to-date: /home/stuart/lane_ws/install/custom_messages/share/custom_messages/cmake/export_custom_messages__rosidl_generator_cppExport.cmake
-- Up-to-date: /home/stuart/lane_ws/install/custom_messages/share/custom_messages/cmake/export_custom_messages__rosidl_typesupport_fastrtps_cppExport.cmake
-- Up-to-date: /home/stuart/lane_ws/install/custom_messages/share/custom_messages/cmake/export_custom_messages__rosidl_typesupport_fastrtps_cppExport-noconfig.cmake
-- Up-to-date: /home/stuart/lane_ws/install/custom_messages/share/custom_messages/cmake/custom_messages__rosidl_typesupport_introspection_cppExport.cmake
-- Up-to-date: /home/stuart/lane_ws/install/custom_messages/share/custom_messages/cmake/custom_messages__rosidl_typesupport_introspection_cppExport-noconfig.cmake
-- Up-to-date: /home/stuart/lane_ws/install/custom_messages/share/custom_messages/cmake/custom_messages__rosidl_typesupport_cppExport.cmake
-- Up-to-date: /home/stuart/lane_ws/install/custom_messages/share/custom_messages/cmake/custom_messages__rosidl_typesupport_cppExport-noconfig.cmake
-- Up-to-date: /home/stuart/lane_ws/install/custom_messages/share/custom_messages/cmake/export_custom_messages__rosidl_generator_pyExport.cmake
-- Up-to-date: /home/stuart/lane_ws/install/custom_messages/share/custom_messages/cmake/export_custom_messages__rosidl_generator_pyExport-noconfig.cmake
-- Installing: /home/stuart/lane_ws/install/custom_messages/share/custom_messages/cmake/rosidl_cmake-extras.cmake
-- Up-to-date: /home/stuart/lane_ws/install/custom_messages/share/custom_messages/cmake/ament_cmake_export_include_directories-extras.cmake
-- Up-to-date: /home/stuart/lane_ws/install/custom_messages/share/custom_messages/cmake/ament_cmake_export_libraries-extras.cmake
-- Up-to-date: /home/stuart/lane_ws/install/custom_messages/share/custom_messages/cmake/ament_cmake_export_targets-extras.cmake
-- Up-to-date: /home/stuart/lane_ws/install/custom_messages/share/custom_messages/cmake/rosidl_cmake_export_typesupport_targets-extras.cmake
-- Up-to-date: /home/stuart/lane_ws/install/custom_messages/share/custom_messages/cmake/ament_cmake_export_dependencies-extras.cmake
-- Up-to-date: /home/stuart/lane_ws/install/custom_messages/share/custom_messages/cmake/rosidl_cmake_export_typesupport_libraries-extras.cmake
-- Up-to-date: /home/stuart/lane_ws/install/custom_messages/share/custom_messages/cmake/custom_messagesConfig.cmake
-- Up-to-date: /home/stuart/lane_ws/install/custom_messages/share/custom_messages/cmake/custom_messagesConfig-version.cmake
-- Up-to-date: /home/stuart/lane_ws/install/custom_messages/share/custom_messages/package.xml
