[0.012s] Invoking command in '/home/stuart/lane_ws/build/custom_messages': CMAKE_PREFIX_PATH=${CMAKE_PREFIX_PATH}:/home/stuart/lane_ws/install/lane_publisher:/opt/ros/humble /usr/bin/cmake --build /home/stuart/lane_ws/build/custom_messages -- -j16 -l16
[0.041s] -- Found ament_cmake: 1.3.5 (/opt/ros/humble/share/ament_cmake/cmake)
[0.177s] -- Found ament_lint_auto: 0.12.7 (/opt/ros/humble/share/ament_lint_auto/cmake)
[0.240s] -- Found rosidl_default_generators: 1.2.0 (/opt/ros/humble/share/rosidl_default_generators/cmake)
[0.241s] -- Using all available rosidl_typesupport_c: rosidl_typesupport_fastrtps_c;rosidl_typesupport_introspection_c
[0.244s] -- Found rosidl_adapter: 3.1.5 (/opt/ros/humble/share/rosidl_adapter/cmake)
[0.936s] -- Using all available rosidl_typesupport_cpp: rosidl_typesupport_fastrtps_cpp;rosidl_typesupport_introspection_cpp
[1.149s] -- Found ament_cmake_ros: 0.10.0 (/opt/ros/humble/share/ament_cmake_ros/cmake)
[1.320s] -- Using all available rosidl_typesupport_c: rosidl_typesupport_fastrtps_c;rosidl_typesupport_introspection_c
[1.538s] -- Using all available rosidl_typesupport_cpp: rosidl_typesupport_fastrtps_cpp;rosidl_typesupport_introspection_cpp
[1.559s] -- Found python_cmake_module: 0.10.0 (/opt/ros/humble/share/python_cmake_module/cmake)
[1.579s] -- Using PYTHON_EXECUTABLE: /usr/bin/python3
[1.580s] -- Using PYTHON_INCLUDE_DIRS: /usr/include/python3.10
[1.580s] -- Using PYTHON_LIBRARIES: /usr/lib/x86_64-linux-gnu/libpython3.10.so
[1.593s] -- Added test 'lint_cmake' to check CMake code style
[1.594s] -- Added test 'xmllint' to check XML markup files
[1.597s] -- Configuring done
[1.629s] -- Generating done
[1.631s] -- Build files have been written to: /home/stuart/lane_ws/build/custom_messages
[1.652s] [  1%] [34m[1mGenerating C code for ROS interfaces[0m
[1.660s] [  3%] [34m[1mGenerating C++ code for ROS interfaces[0m
[1.669s] [  3%] Built target ament_cmake_python_copy_custom_messages
[1.882s] running egg_info
[1.882s] writing custom_messages.egg-info/PKG-INFO
[1.883s] writing dependency_links to custom_messages.egg-info/dependency_links.txt
[1.883s] writing top-level names to custom_messages.egg-info/top_level.txt
[1.884s] reading manifest file 'custom_messages.egg-info/SOURCES.txt'
[1.885s] writing manifest file 'custom_messages.egg-info/SOURCES.txt'
[1.905s] [  3%] Built target ament_cmake_python_build_custom_messages_egg
[2.028s] [35m[1mConsolidate compiler generated dependencies of target custom_messages__rosidl_generator_c[0m
[2.038s] [  6%] [32mBuilding C object CMakeFiles/custom_messages__rosidl_generator_c.dir/rosidl_generator_c/custom_messages/msg/detail/parent_message__functions.c.o[0m
[2.038s] [  6%] [32mBuilding C object CMakeFiles/custom_messages__rosidl_generator_c.dir/rosidl_generator_c/custom_messages/msg/detail/laneid__functions.c.o[0m
[2.039s] [  7%] [32mBuilding C object CMakeFiles/custom_messages__rosidl_generator_c.dir/rosidl_generator_c/custom_messages/msg/detail/lanetype__functions.c.o[0m
[2.039s] [  9%] [32mBuilding C object CMakeFiles/custom_messages__rosidl_generator_c.dir/rosidl_generator_c/custom_messages/msg/detail/lanemarkings__functions.c.o[0m
[2.039s] [ 11%] [32mBuilding C object CMakeFiles/custom_messages__rosidl_generator_c.dir/rosidl_generator_c/custom_messages/msg/detail/all_lanes__functions.c.o[0m
[2.073s] [ 11%] Built target custom_messages__cpp
[2.081s] [ 17%] [34m[1mGenerating C++ introspection for ROS interfaces[0m
[2.081s] [ 17%] [32m[1mLinking C shared library libcustom_messages__rosidl_generator_c.so[0m
[2.081s] [ 17%] [34m[1mGenerating C++ type support for eProsima Fast-RTPS[0m
[2.081s] [ 17%] [34m[1mGenerating C++ type support dispatch for ROS interfaces[0m
[2.321s] [ 17%] Built target custom_messages__rosidl_generator_c
[2.328s] [ 19%] [34m[1mGenerating C introspection for ROS interfaces[0m
[2.328s] [ 20%] [34m[1mGenerating C type support for eProsima Fast-RTPS[0m
[2.329s] [ 22%] [34m[1mGenerating C type support dispatch for ROS interfaces[0m
[2.359s] [35m[1mConsolidate compiler generated dependencies of target custom_messages__rosidl_typesupport_cpp[0m
[2.370s] [ 23%] [32mBuilding CXX object CMakeFiles/custom_messages__rosidl_typesupport_cpp.dir/rosidl_typesupport_cpp/custom_messages/msg/lanemarkings__type_support.cpp.o[0m
[2.370s] [ 25%] [32mBuilding CXX object CMakeFiles/custom_messages__rosidl_typesupport_cpp.dir/rosidl_typesupport_cpp/custom_messages/msg/all_lanes__type_support.cpp.o[0m
[2.371s] [ 28%] [32mBuilding CXX object CMakeFiles/custom_messages__rosidl_typesupport_cpp.dir/rosidl_typesupport_cpp/custom_messages/msg/parent_message__type_support.cpp.o[0m
[2.371s] [ 28%] [32mBuilding CXX object CMakeFiles/custom_messages__rosidl_typesupport_cpp.dir/rosidl_typesupport_cpp/custom_messages/msg/laneid__type_support.cpp.o[0m
[2.372s] [ 30%] [32mBuilding CXX object CMakeFiles/custom_messages__rosidl_typesupport_cpp.dir/rosidl_typesupport_cpp/custom_messages/msg/lanetype__type_support.cpp.o[0m
[2.408s] [35m[1mConsolidate compiler generated dependencies of target custom_messages__rosidl_typesupport_introspection_cpp[0m
[2.422s] [ 34%] [32mBuilding CXX object CMakeFiles/custom_messages__rosidl_typesupport_introspection_cpp.dir/rosidl_typesupport_introspection_cpp/custom_messages/msg/detail/lanetype__type_support.cpp.o[0m
[2.422s] [ 34%] [32mBuilding CXX object CMakeFiles/custom_messages__rosidl_typesupport_introspection_cpp.dir/rosidl_typesupport_introspection_cpp/custom_messages/msg/detail/laneid__type_support.cpp.o[0m
[2.422s] [ 34%] [32mBuilding CXX object CMakeFiles/custom_messages__rosidl_typesupport_introspection_cpp.dir/rosidl_typesupport_introspection_cpp/custom_messages/msg/detail/parent_message__type_support.cpp.o[0m
[2.422s] [ 36%] [32mBuilding CXX object CMakeFiles/custom_messages__rosidl_typesupport_introspection_cpp.dir/rosidl_typesupport_introspection_cpp/custom_messages/msg/detail/lanemarkings__type_support.cpp.o[0m
[2.422s] [ 38%] [32mBuilding CXX object CMakeFiles/custom_messages__rosidl_typesupport_introspection_cpp.dir/rosidl_typesupport_introspection_cpp/custom_messages/msg/detail/all_lanes__type_support.cpp.o[0m
[2.568s] [35m[1mConsolidate compiler generated dependencies of target custom_messages__rosidl_typesupport_fastrtps_cpp[0m
[2.588s] [ 39%] [32mBuilding CXX object CMakeFiles/custom_messages__rosidl_typesupport_fastrtps_cpp.dir/rosidl_typesupport_fastrtps_cpp/custom_messages/msg/detail/dds_fastrtps/parent_message__type_support.cpp.o[0m
[2.588s] [ 41%] [32mBuilding CXX object CMakeFiles/custom_messages__rosidl_typesupport_fastrtps_cpp.dir/rosidl_typesupport_fastrtps_cpp/custom_messages/msg/detail/dds_fastrtps/lanetype__type_support.cpp.o[0m
[2.597s] [ 42%] [32mBuilding CXX object CMakeFiles/custom_messages__rosidl_typesupport_fastrtps_cpp.dir/rosidl_typesupport_fastrtps_cpp/custom_messages/msg/detail/dds_fastrtps/laneid__type_support.cpp.o[0m
[2.760s] [ 44%] [32mBuilding CXX object CMakeFiles/custom_messages__rosidl_typesupport_fastrtps_cpp.dir/rosidl_typesupport_fastrtps_cpp/custom_messages/msg/detail/dds_fastrtps/all_lanes__type_support.cpp.o[0m
[2.761s] [ 46%] [32mBuilding CXX object CMakeFiles/custom_messages__rosidl_typesupport_fastrtps_cpp.dir/rosidl_typesupport_fastrtps_cpp/custom_messages/msg/detail/dds_fastrtps/lanemarkings__type_support.cpp.o[0m
[2.768s] [ 47%] [32m[1mLinking CXX shared library libcustom_messages__rosidl_typesupport_cpp.so[0m
[2.844s] [35m[1mConsolidate compiler generated dependencies of target custom_messages__rosidl_typesupport_c[0m
[2.858s] [ 49%] [32mBuilding CXX object CMakeFiles/custom_messages__rosidl_typesupport_c.dir/rosidl_typesupport_c/custom_messages/msg/laneid__type_support.cpp.o[0m
[2.859s] [ 50%] [32mBuilding CXX object CMakeFiles/custom_messages__rosidl_typesupport_c.dir/rosidl_typesupport_c/custom_messages/msg/parent_message__type_support.cpp.o[0m
[2.859s] [ 52%] [32mBuilding CXX object CMakeFiles/custom_messages__rosidl_typesupport_c.dir/rosidl_typesupport_c/custom_messages/msg/lanetype__type_support.cpp.o[0m
[2.896s] [ 53%] [32mBuilding CXX object CMakeFiles/custom_messages__rosidl_typesupport_c.dir/rosidl_typesupport_c/custom_messages/msg/lanemarkings__type_support.cpp.o[0m
[2.896s] [ 55%] [32mBuilding CXX object CMakeFiles/custom_messages__rosidl_typesupport_c.dir/rosidl_typesupport_c/custom_messages/msg/all_lanes__type_support.cpp.o[0m
[2.934s] [ 57%] [32m[1mLinking CXX shared library libcustom_messages__rosidl_typesupport_c.so[0m
[2.965s] [35m[1mConsolidate compiler generated dependencies of target custom_messages__rosidl_typesupport_introspection_c[0m
[2.980s] [ 58%] [32mBuilding C object CMakeFiles/custom_messages__rosidl_typesupport_introspection_c.dir/rosidl_typesupport_introspection_c/custom_messages/msg/detail/laneid__type_support.c.o[0m
[2.982s] [ 60%] [32mBuilding C object CMakeFiles/custom_messages__rosidl_typesupport_introspection_c.dir/rosidl_typesupport_introspection_c/custom_messages/msg/detail/parent_message__type_support.c.o[0m
[2.984s] [ 61%] [32mBuilding C object CMakeFiles/custom_messages__rosidl_typesupport_introspection_c.dir/rosidl_typesupport_introspection_c/custom_messages/msg/detail/lanetype__type_support.c.o[0m
[2.987s] [35m[1mConsolidate compiler generated dependencies of target custom_messages__rosidl_typesupport_fastrtps_c[0m
[3.008s] [ 63%] [32mBuilding CXX object CMakeFiles/custom_messages__rosidl_typesupport_fastrtps_c.dir/rosidl_typesupport_fastrtps_c/custom_messages/msg/detail/parent_message__type_support_c.cpp.o[0m
[3.013s] [ 65%] [32mBuilding CXX object CMakeFiles/custom_messages__rosidl_typesupport_fastrtps_c.dir/rosidl_typesupport_fastrtps_c/custom_messages/msg/detail/laneid__type_support_c.cpp.o[0m
[3.021s] [ 66%] [32mBuilding C object CMakeFiles/custom_messages__rosidl_typesupport_introspection_c.dir/rosidl_typesupport_introspection_c/custom_messages/msg/detail/lanemarkings__type_support.c.o[0m
[3.025s] [ 68%] [32mBuilding C object CMakeFiles/custom_messages__rosidl_typesupport_introspection_c.dir/rosidl_typesupport_introspection_c/custom_messages/msg/detail/all_lanes__type_support.c.o[0m
[3.028s] [ 69%] [32mBuilding CXX object CMakeFiles/custom_messages__rosidl_typesupport_fastrtps_c.dir/rosidl_typesupport_fastrtps_c/custom_messages/msg/detail/lanetype__type_support_c.cpp.o[0m
[3.029s] [ 71%] [32mBuilding CXX object CMakeFiles/custom_messages__rosidl_typesupport_fastrtps_c.dir/rosidl_typesupport_fastrtps_c/custom_messages/msg/detail/lanemarkings__type_support_c.cpp.o[0m
[3.035s] [ 73%] [32mBuilding CXX object CMakeFiles/custom_messages__rosidl_typesupport_fastrtps_c.dir/rosidl_typesupport_fastrtps_c/custom_messages/msg/detail/all_lanes__type_support_c.cpp.o[0m
[3.074s] [ 74%] [32m[1mLinking C shared library libcustom_messages__rosidl_typesupport_introspection_c.so[0m
[3.100s] [ 74%] Built target custom_messages__rosidl_typesupport_cpp
[3.106s] [ 76%] [32m[1mLinking CXX shared library libcustom_messages__rosidl_typesupport_introspection_cpp.so[0m
[3.271s] [ 76%] Built target custom_messages__rosidl_typesupport_c
[3.394s] [ 77%] [32m[1mLinking CXX shared library libcustom_messages__rosidl_typesupport_fastrtps_cpp.so[0m
[3.405s] [ 77%] Built target custom_messages__rosidl_typesupport_introspection_c
[3.443s] [ 79%] [32m[1mLinking CXX shared library libcustom_messages__rosidl_typesupport_fastrtps_c.so[0m
[3.472s] [ 79%] Built target custom_messages__rosidl_typesupport_introspection_cpp
[3.764s] [ 79%] Built target custom_messages__rosidl_typesupport_fastrtps_cpp
[3.827s] [ 79%] Built target custom_messages__rosidl_typesupport_fastrtps_c
[3.845s] [ 79%] Built target custom_messages
[3.865s] [ 80%] [34m[1mGenerating Python code for ROS interfaces[0m
[4.404s] [ 80%] Built target custom_messages__py
[4.412s] [35m[1mConsolidate compiler generated dependencies of target custom_messages__rosidl_generator_py[0m
[4.424s] [ 84%] [32mBuilding C object CMakeFiles/custom_messages__rosidl_generator_py.dir/rosidl_generator_py/custom_messages/msg/_laneid_s.c.o[0m
[4.424s] [ 84%] [32mBuilding C object CMakeFiles/custom_messages__rosidl_generator_py.dir/rosidl_generator_py/custom_messages/msg/_parent_message_s.c.o[0m
[4.424s] [ 85%] [32mBuilding C object CMakeFiles/custom_messages__rosidl_generator_py.dir/rosidl_generator_py/custom_messages/msg/_lanetype_s.c.o[0m
[4.425s] [ 87%] [32mBuilding C object CMakeFiles/custom_messages__rosidl_generator_py.dir/rosidl_generator_py/custom_messages/msg/_lanemarkings_s.c.o[0m
[4.425s] [ 88%] [32mBuilding C object CMakeFiles/custom_messages__rosidl_generator_py.dir/rosidl_generator_py/custom_messages/msg/_all_lanes_s.c.o[0m
[4.518s] [ 90%] [32m[1mLinking C shared library rosidl_generator_py/custom_messages/libcustom_messages__rosidl_generator_py.so[0m
[4.826s] [ 90%] Built target custom_messages__rosidl_generator_py
[4.834s] [35m[1mConsolidate compiler generated dependencies of target custom_messages__rosidl_typesupport_introspection_c__pyext[0m
[4.834s] [35m[1mConsolidate compiler generated dependencies of target custom_messages__rosidl_typesupport_c__pyext[0m
[4.834s] [35m[1mConsolidate compiler generated dependencies of target custom_messages__rosidl_typesupport_fastrtps_c__pyext[0m
[4.843s] [ 95%] [32mBuilding C object CMakeFiles/custom_messages__rosidl_typesupport_fastrtps_c__pyext.dir/rosidl_generator_py/custom_messages/_custom_messages_s.ep.rosidl_typesupport_fastrtps_c.c.o[0m
[4.843s] [ 95%] [32mBuilding C object CMakeFiles/custom_messages__rosidl_typesupport_introspection_c__pyext.dir/rosidl_generator_py/custom_messages/_custom_messages_s.ep.rosidl_typesupport_introspection_c.c.o[0m
[4.843s] [ 95%] [32mBuilding C object CMakeFiles/custom_messages__rosidl_typesupport_c__pyext.dir/rosidl_generator_py/custom_messages/_custom_messages_s.ep.rosidl_typesupport_c.c.o[0m
[4.915s] [ 98%] [32m[1mLinking C shared library rosidl_generator_py/custom_messages/custom_messages_s__rosidl_typesupport_c.cpython-310-x86_64-linux-gnu.so[0m
[4.915s] [ 98%] [32m[1mLinking C shared library rosidl_generator_py/custom_messages/custom_messages_s__rosidl_typesupport_introspection_c.cpython-310-x86_64-linux-gnu.so[0m
[4.917s] [100%] [32m[1mLinking C shared library rosidl_generator_py/custom_messages/custom_messages_s__rosidl_typesupport_fastrtps_c.cpython-310-x86_64-linux-gnu.so[0m
[5.115s] [100%] Built target custom_messages__rosidl_typesupport_c__pyext
[5.115s] [100%] Built target custom_messages__rosidl_typesupport_introspection_c__pyext
[5.116s] [100%] Built target custom_messages__rosidl_typesupport_fastrtps_c__pyext
[5.124s] Invoked command in '/home/stuart/lane_ws/build/custom_messages' returned '0': CMAKE_PREFIX_PATH=${CMAKE_PREFIX_PATH}:/home/stuart/lane_ws/install/lane_publisher:/opt/ros/humble /usr/bin/cmake --build /home/stuart/lane_ws/build/custom_messages -- -j16 -l16
[5.229s] Invoking command in '/home/stuart/lane_ws/build/custom_messages': CMAKE_PREFIX_PATH=${CMAKE_PREFIX_PATH}:/home/stuart/lane_ws/install/lane_publisher:/opt/ros/humble /usr/bin/cmake --install /home/stuart/lane_ws/build/custom_messages
[5.234s] -- Install configuration: ""
[5.235s] -- Up-to-date: /home/stuart/lane_ws/install/custom_messages/share/ament_index/resource_index/rosidl_interfaces/custom_messages
[5.235s] -- Up-to-date: /home/stuart/lane_ws/install/custom_messages/include/custom_messages/custom_messages
[5.235s] -- Up-to-date: /home/stuart/lane_ws/install/custom_messages/include/custom_messages/custom_messages/msg
[5.235s] -- Installing: /home/stuart/lane_ws/install/custom_messages/include/custom_messages/custom_messages/msg/lanemarkings.h
[5.235s] -- Installing: /home/stuart/lane_ws/install/custom_messages/include/custom_messages/custom_messages/msg/lanetype.h
[5.236s] -- Installing: /home/stuart/lane_ws/install/custom_messages/include/custom_messages/custom_messages/msg/parent_message.h
[5.236s] -- Up-to-date: /home/stuart/lane_ws/install/custom_messages/include/custom_messages/custom_messages/msg/detail
[5.236s] -- Up-to-date: /home/stuart/lane_ws/install/custom_messages/include/custom_messages/custom_messages/msg/detail/child2__type_support.h
[5.236s] -- Up-to-date: /home/stuart/lane_ws/install/custom_messages/include/custom_messages/custom_messages/msg/detail/child1__functions.c
[5.237s] -- Up-to-date: /home/stuart/lane_ws/install/custom_messages/include/custom_messages/custom_messages/msg/detail/child1__functions.h
[5.237s] -- Installing: /home/stuart/lane_ws/install/custom_messages/include/custom_messages/custom_messages/msg/detail/lanetype__functions.h
[5.237s] -- Installing: /home/stuart/lane_ws/install/custom_messages/include/custom_messages/custom_messages/msg/detail/parent_message__functions.c
[5.237s] -- Installing: /home/stuart/lane_ws/install/custom_messages/include/custom_messages/custom_messages/msg/detail/parent_message__type_support.h
[5.237s] -- Installing: /home/stuart/lane_ws/install/custom_messages/include/custom_messages/custom_messages/msg/detail/laneid__functions.h
[5.237s] -- Up-to-date: /home/stuart/lane_ws/install/custom_messages/include/custom_messages/custom_messages/msg/detail/child1__type_support.h
[5.238s] -- Installing: /home/stuart/lane_ws/install/custom_messages/include/custom_messages/custom_messages/msg/detail/all_lanes__struct.h
[5.238s] -- Installing: /home/stuart/lane_ws/install/custom_messages/include/custom_messages/custom_messages/msg/detail/laneid__struct.h
[5.238s] -- Installing: /home/stuart/lane_ws/install/custom_messages/include/custom_messages/custom_messages/msg/detail/lanemarkings__functions.c
[5.238s] -- Installing: /home/stuart/lane_ws/install/custom_messages/include/custom_messages/custom_messages/msg/detail/parent_message__struct.h
[5.238s] -- Installing: /home/stuart/lane_ws/install/custom_messages/include/custom_messages/custom_messages/msg/detail/lanemarkings__functions.h
[5.239s] -- Installing: /home/stuart/lane_ws/install/custom_messages/include/custom_messages/custom_messages/msg/detail/all_lanes__functions.c
[5.239s] -- Installing: /home/stuart/lane_ws/install/custom_messages/include/custom_messages/custom_messages/msg/detail/all_lanes__type_support.h
[5.239s] -- Installing: /home/stuart/lane_ws/install/custom_messages/include/custom_messages/custom_messages/msg/detail/parent_message__functions.h
[5.239s] -- Installing: /home/stuart/lane_ws/install/custom_messages/include/custom_messages/custom_messages/msg/detail/lanemarkings__struct.h
[5.239s] -- Up-to-date: /home/stuart/lane_ws/install/custom_messages/include/custom_messages/custom_messages/msg/detail/child2__functions.c
[5.239s] -- Installing: /home/stuart/lane_ws/install/custom_messages/include/custom_messages/custom_messages/msg/detail/lanemarkings__type_support.h
[5.240s] -- Installing: /home/stuart/lane_ws/install/custom_messages/include/custom_messages/custom_messages/msg/detail/lanetype__functions.c
[5.240s] -- Up-to-date: /home/stuart/lane_ws/install/custom_messages/include/custom_messages/custom_messages/msg/detail/child2__functions.h
[5.240s] -- Installing: /home/stuart/lane_ws/install/custom_messages/include/custom_messages/custom_messages/msg/detail/lanetype__type_support.h
[5.240s] -- Installing: /home/stuart/lane_ws/install/custom_messages/include/custom_messages/custom_messages/msg/detail/laneid__functions.c
[5.240s] -- Installing: /home/stuart/lane_ws/install/custom_messages/include/custom_messages/custom_messages/msg/detail/laneid__type_support.h
[5.240s] -- Up-to-date: /home/stuart/lane_ws/install/custom_messages/include/custom_messages/custom_messages/msg/detail/child2__struct.h
[5.240s] -- Installing: /home/stuart/lane_ws/install/custom_messages/include/custom_messages/custom_messages/msg/detail/lanetype__struct.h
[5.241s] -- Installing: /home/stuart/lane_ws/install/custom_messages/include/custom_messages/custom_messages/msg/detail/all_lanes__functions.h
[5.241s] -- Up-to-date: /home/stuart/lane_ws/install/custom_messages/include/custom_messages/custom_messages/msg/detail/child1__struct.h
[5.241s] -- Installing: /home/stuart/lane_ws/install/custom_messages/include/custom_messages/custom_messages/msg/all_lanes.h
[5.241s] -- Up-to-date: /home/stuart/lane_ws/install/custom_messages/include/custom_messages/custom_messages/msg/rosidl_generator_c__visibility_control.h
[5.241s] -- Up-to-date: /home/stuart/lane_ws/install/custom_messages/include/custom_messages/custom_messages/msg/child2.h
[5.241s] -- Installing: /home/stuart/lane_ws/install/custom_messages/include/custom_messages/custom_messages/msg/laneid.h
[5.242s] -- Up-to-date: /home/stuart/lane_ws/install/custom_messages/include/custom_messages/custom_messages/msg/child1.h
[5.242s] -- Up-to-date: /home/stuart/lane_ws/install/custom_messages/share/custom_messages/environment/library_path.sh
[5.242s] -- Installing: /home/stuart/lane_ws/install/custom_messages/share/custom_messages/environment/library_path.dsv
[5.242s] -- Installing: /home/stuart/lane_ws/install/custom_messages/lib/libcustom_messages__rosidl_generator_c.so
[5.242s] -- Set runtime path of "/home/stuart/lane_ws/install/custom_messages/lib/libcustom_messages__rosidl_generator_c.so" to ""
[5.243s] -- Up-to-date: /home/stuart/lane_ws/install/custom_messages/include/custom_messages/custom_messages
[5.243s] -- Up-to-date: /home/stuart/lane_ws/install/custom_messages/include/custom_messages/custom_messages/msg
[5.243s] -- Up-to-date: /home/stuart/lane_ws/install/custom_messages/include/custom_messages/custom_messages/msg/rosidl_typesupport_fastrtps_c__visibility_control.h
[5.243s] -- Up-to-date: /home/stuart/lane_ws/install/custom_messages/include/custom_messages/custom_messages/msg/detail
[5.243s] -- Up-to-date: /home/stuart/lane_ws/install/custom_messages/include/custom_messages/custom_messages/msg/detail/child2__rosidl_typesupport_fastrtps_c.h
[5.243s] -- Installing: /home/stuart/lane_ws/install/custom_messages/include/custom_messages/custom_messages/msg/detail/lanemarkings__rosidl_typesupport_fastrtps_c.h
[5.244s] -- Installing: /home/stuart/lane_ws/install/custom_messages/include/custom_messages/custom_messages/msg/detail/lanetype__rosidl_typesupport_fastrtps_c.h
[5.244s] -- Installing: /home/stuart/lane_ws/install/custom_messages/include/custom_messages/custom_messages/msg/detail/laneid__rosidl_typesupport_fastrtps_c.h
[5.244s] -- Up-to-date: /home/stuart/lane_ws/install/custom_messages/include/custom_messages/custom_messages/msg/detail/child1__rosidl_typesupport_fastrtps_c.h
[5.244s] -- Installing: /home/stuart/lane_ws/install/custom_messages/include/custom_messages/custom_messages/msg/detail/parent_message__rosidl_typesupport_fastrtps_c.h
[5.244s] -- Installing: /home/stuart/lane_ws/install/custom_messages/include/custom_messages/custom_messages/msg/detail/all_lanes__rosidl_typesupport_fastrtps_c.h
[5.244s] -- Installing: /home/stuart/lane_ws/install/custom_messages/lib/libcustom_messages__rosidl_typesupport_fastrtps_c.so
[5.245s] -- Set runtime path of "/home/stuart/lane_ws/install/custom_messages/lib/libcustom_messages__rosidl_typesupport_fastrtps_c.so" to ""
[5.245s] -- Up-to-date: /home/stuart/lane_ws/install/custom_messages/include/custom_messages/custom_messages
[5.245s] -- Up-to-date: /home/stuart/lane_ws/install/custom_messages/include/custom_messages/custom_messages/msg
[5.245s] -- Up-to-date: /home/stuart/lane_ws/install/custom_messages/include/custom_messages/custom_messages/msg/detail
[5.245s] -- Installing: /home/stuart/lane_ws/install/custom_messages/include/custom_messages/custom_messages/msg/detail/lanetype__type_support.c
[5.245s] -- Up-to-date: /home/stuart/lane_ws/install/custom_messages/include/custom_messages/custom_messages/msg/detail/child2__type_support.c
[5.246s] -- Installing: /home/stuart/lane_ws/install/custom_messages/include/custom_messages/custom_messages/msg/detail/lanemarkings__rosidl_typesupport_introspection_c.h
[5.246s] -- Installing: /home/stuart/lane_ws/install/custom_messages/include/custom_messages/custom_messages/msg/detail/parent_message__rosidl_typesupport_introspection_c.h
[5.246s] -- Installing: /home/stuart/lane_ws/install/custom_messages/include/custom_messages/custom_messages/msg/detail/laneid__type_support.c
[5.246s] -- Installing: /home/stuart/lane_ws/install/custom_messages/include/custom_messages/custom_messages/msg/detail/laneid__rosidl_typesupport_introspection_c.h
[5.246s] -- Installing: /home/stuart/lane_ws/install/custom_messages/include/custom_messages/custom_messages/msg/detail/all_lanes__rosidl_typesupport_introspection_c.h
[5.246s] -- Up-to-date: /home/stuart/lane_ws/install/custom_messages/include/custom_messages/custom_messages/msg/detail/child1__rosidl_typesupport_introspection_c.h
[5.247s] -- Installing: /home/stuart/lane_ws/install/custom_messages/include/custom_messages/custom_messages/msg/detail/lanemarkings__type_support.c
[5.247s] -- Up-to-date: /home/stuart/lane_ws/install/custom_messages/include/custom_messages/custom_messages/msg/detail/child1__type_support.c
[5.247s] -- Installing: /home/stuart/lane_ws/install/custom_messages/include/custom_messages/custom_messages/msg/detail/parent_message__type_support.c
[5.247s] -- Up-to-date: /home/stuart/lane_ws/install/custom_messages/include/custom_messages/custom_messages/msg/detail/child2__rosidl_typesupport_introspection_c.h
[5.248s] -- Installing: /home/stuart/lane_ws/install/custom_messages/include/custom_messages/custom_messages/msg/detail/all_lanes__type_support.c
[5.248s] -- Installing: /home/stuart/lane_ws/install/custom_messages/include/custom_messages/custom_messages/msg/detail/lanetype__rosidl_typesupport_introspection_c.h
[5.248s] -- Up-to-date: /home/stuart/lane_ws/install/custom_messages/include/custom_messages/custom_messages/msg/rosidl_typesupport_introspection_c__visibility_control.h
[5.248s] -- Installing: /home/stuart/lane_ws/install/custom_messages/lib/libcustom_messages__rosidl_typesupport_introspection_c.so
[5.248s] -- Set runtime path of "/home/stuart/lane_ws/install/custom_messages/lib/libcustom_messages__rosidl_typesupport_introspection_c.so" to ""
[5.248s] -- Installing: /home/stuart/lane_ws/install/custom_messages/lib/libcustom_messages__rosidl_typesupport_c.so
[5.248s] -- Set runtime path of "/home/stuart/lane_ws/install/custom_messages/lib/libcustom_messages__rosidl_typesupport_c.so" to ""
[5.248s] -- Up-to-date: /home/stuart/lane_ws/install/custom_messages/include/custom_messages/custom_messages
[5.249s] -- Up-to-date: /home/stuart/lane_ws/install/custom_messages/include/custom_messages/custom_messages/msg
[5.249s] -- Up-to-date: /home/stuart/lane_ws/install/custom_messages/include/custom_messages/custom_messages/msg/child2.hpp
[5.249s] -- Installing: /home/stuart/lane_ws/install/custom_messages/include/custom_messages/custom_messages/msg/all_lanes.hpp
[5.249s] -- Up-to-date: /home/stuart/lane_ws/install/custom_messages/include/custom_messages/custom_messages/msg/child1.hpp
[5.249s] -- Installing: /home/stuart/lane_ws/install/custom_messages/include/custom_messages/custom_messages/msg/laneid.hpp
[5.250s] -- Up-to-date: /home/stuart/lane_ws/install/custom_messages/include/custom_messages/custom_messages/msg/detail
[5.250s] -- Installing: /home/stuart/lane_ws/install/custom_messages/include/custom_messages/custom_messages/msg/detail/lanetype__struct.hpp
[5.250s] -- Installing: /home/stuart/lane_ws/install/custom_messages/include/custom_messages/custom_messages/msg/detail/lanemarkings__traits.hpp
[5.250s] -- Up-to-date: /home/stuart/lane_ws/install/custom_messages/include/custom_messages/custom_messages/msg/detail/child2__struct.hpp
[5.250s] -- Installing: /home/stuart/lane_ws/install/custom_messages/include/custom_messages/custom_messages/msg/detail/laneid__struct.hpp
[5.250s] -- Installing: /home/stuart/lane_ws/install/custom_messages/include/custom_messages/custom_messages/msg/detail/lanemarkings__builder.hpp
[5.251s] -- Up-to-date: /home/stuart/lane_ws/install/custom_messages/include/custom_messages/custom_messages/msg/detail/child1__struct.hpp
[5.251s] -- Installing: /home/stuart/lane_ws/install/custom_messages/include/custom_messages/custom_messages/msg/detail/all_lanes__traits.hpp
[5.251s] -- Installing: /home/stuart/lane_ws/install/custom_messages/include/custom_messages/custom_messages/msg/detail/all_lanes__builder.hpp
[5.251s] -- Up-to-date: /home/stuart/lane_ws/install/custom_messages/include/custom_messages/custom_messages/msg/detail/child2__traits.hpp
[5.251s] -- Installing: /home/stuart/lane_ws/install/custom_messages/include/custom_messages/custom_messages/msg/detail/parent_message__struct.hpp
[5.251s] -- Up-to-date: /home/stuart/lane_ws/install/custom_messages/include/custom_messages/custom_messages/msg/detail/child1__traits.hpp
[5.252s] -- Installing: /home/stuart/lane_ws/install/custom_messages/include/custom_messages/custom_messages/msg/detail/all_lanes__struct.hpp
[5.252s] -- Up-to-date: /home/stuart/lane_ws/install/custom_messages/include/custom_messages/custom_messages/msg/detail/child1__builder.hpp
[5.252s] -- Installing: /home/stuart/lane_ws/install/custom_messages/include/custom_messages/custom_messages/msg/detail/laneid__builder.hpp
[5.252s] -- Installing: /home/stuart/lane_ws/install/custom_messages/include/custom_messages/custom_messages/msg/detail/parent_message__builder.hpp
[5.252s] -- Installing: /home/stuart/lane_ws/install/custom_messages/include/custom_messages/custom_messages/msg/detail/lanetype__builder.hpp
[5.252s] -- Installing: /home/stuart/lane_ws/install/custom_messages/include/custom_messages/custom_messages/msg/detail/lanemarkings__struct.hpp
[5.253s] -- Installing: /home/stuart/lane_ws/install/custom_messages/include/custom_messages/custom_messages/msg/detail/laneid__traits.hpp
[5.253s] -- Up-to-date: /home/stuart/lane_ws/install/custom_messages/include/custom_messages/custom_messages/msg/detail/child2__builder.hpp
[5.253s] -- Installing: /home/stuart/lane_ws/install/custom_messages/include/custom_messages/custom_messages/msg/detail/parent_message__traits.hpp
[5.253s] -- Installing: /home/stuart/lane_ws/install/custom_messages/include/custom_messages/custom_messages/msg/detail/lanetype__traits.hpp
[5.253s] -- Installing: /home/stuart/lane_ws/install/custom_messages/include/custom_messages/custom_messages/msg/lanemarkings.hpp
[5.253s] -- Installing: /home/stuart/lane_ws/install/custom_messages/include/custom_messages/custom_messages/msg/lanetype.hpp
[5.253s] -- Installing: /home/stuart/lane_ws/install/custom_messages/include/custom_messages/custom_messages/msg/parent_message.hpp
[5.253s] -- Up-to-date: /home/stuart/lane_ws/install/custom_messages/include/custom_messages/custom_messages
[5.253s] -- Up-to-date: /home/stuart/lane_ws/install/custom_messages/include/custom_messages/custom_messages/msg
[5.253s] -- Up-to-date: /home/stuart/lane_ws/install/custom_messages/include/custom_messages/custom_messages/msg/rosidl_typesupport_fastrtps_cpp__visibility_control.h
[5.254s] -- Up-to-date: /home/stuart/lane_ws/install/custom_messages/include/custom_messages/custom_messages/msg/detail
[5.254s] -- Installing: /home/stuart/lane_ws/install/custom_messages/include/custom_messages/custom_messages/msg/detail/parent_message__rosidl_typesupport_fastrtps_cpp.hpp
[5.254s] -- Up-to-date: /home/stuart/lane_ws/install/custom_messages/include/custom_messages/custom_messages/msg/detail/child1__rosidl_typesupport_fastrtps_cpp.hpp
[5.254s] -- Installing: /home/stuart/lane_ws/install/custom_messages/include/custom_messages/custom_messages/msg/detail/all_lanes__rosidl_typesupport_fastrtps_cpp.hpp
[5.254s] -- Installing: /home/stuart/lane_ws/install/custom_messages/include/custom_messages/custom_messages/msg/detail/laneid__rosidl_typesupport_fastrtps_cpp.hpp
[5.254s] -- Up-to-date: /home/stuart/lane_ws/install/custom_messages/include/custom_messages/custom_messages/msg/detail/child2__rosidl_typesupport_fastrtps_cpp.hpp
[5.254s] -- Up-to-date: /home/stuart/lane_ws/install/custom_messages/include/custom_messages/custom_messages/msg/detail/dds_fastrtps
[5.254s] -- Installing: /home/stuart/lane_ws/install/custom_messages/include/custom_messages/custom_messages/msg/detail/lanemarkings__rosidl_typesupport_fastrtps_cpp.hpp
[5.254s] -- Installing: /home/stuart/lane_ws/install/custom_messages/include/custom_messages/custom_messages/msg/detail/lanetype__rosidl_typesupport_fastrtps_cpp.hpp
[5.254s] -- Installing: /home/stuart/lane_ws/install/custom_messages/lib/libcustom_messages__rosidl_typesupport_fastrtps_cpp.so
[5.254s] -- Set runtime path of "/home/stuart/lane_ws/install/custom_messages/lib/libcustom_messages__rosidl_typesupport_fastrtps_cpp.so" to ""
[5.254s] -- Up-to-date: /home/stuart/lane_ws/install/custom_messages/include/custom_messages/custom_messages
[5.254s] -- Up-to-date: /home/stuart/lane_ws/install/custom_messages/include/custom_messages/custom_messages/msg
[5.254s] -- Up-to-date: /home/stuart/lane_ws/install/custom_messages/include/custom_messages/custom_messages/msg/detail
[5.254s] -- Installing: /home/stuart/lane_ws/install/custom_messages/include/custom_messages/custom_messages/msg/detail/parent_message__rosidl_typesupport_introspection_cpp.hpp
[5.254s] -- Installing: /home/stuart/lane_ws/install/custom_messages/include/custom_messages/custom_messages/msg/detail/lanetype__rosidl_typesupport_introspection_cpp.hpp
[5.254s] -- Installing: /home/stuart/lane_ws/install/custom_messages/include/custom_messages/custom_messages/msg/detail/laneid__type_support.cpp
[5.254s] -- Installing: /home/stuart/lane_ws/install/custom_messages/include/custom_messages/custom_messages/msg/detail/parent_message__type_support.cpp
[5.255s] -- Up-to-date: /home/stuart/lane_ws/install/custom_messages/include/custom_messages/custom_messages/msg/detail/child2__rosidl_typesupport_introspection_cpp.hpp
[5.255s] -- Up-to-date: /home/stuart/lane_ws/install/custom_messages/include/custom_messages/custom_messages/msg/detail/child1__type_support.cpp
[5.255s] -- Installing: /home/stuart/lane_ws/install/custom_messages/include/custom_messages/custom_messages/msg/detail/laneid__rosidl_typesupport_introspection_cpp.hpp
[5.255s] -- Installing: /home/stuart/lane_ws/install/custom_messages/include/custom_messages/custom_messages/msg/detail/lanemarkings__rosidl_typesupport_introspection_cpp.hpp
[5.255s] -- Installing: /home/stuart/lane_ws/install/custom_messages/include/custom_messages/custom_messages/msg/detail/all_lanes__rosidl_typesupport_introspection_cpp.hpp
[5.255s] -- Installing: /home/stuart/lane_ws/install/custom_messages/include/custom_messages/custom_messages/msg/detail/lanetype__type_support.cpp
[5.255s] -- Up-to-date: /home/stuart/lane_ws/install/custom_messages/include/custom_messages/custom_messages/msg/detail/child1__rosidl_typesupport_introspection_cpp.hpp
[5.255s] -- Installing: /home/stuart/lane_ws/install/custom_messages/include/custom_messages/custom_messages/msg/detail/all_lanes__type_support.cpp
[5.255s] -- Installing: /home/stuart/lane_ws/install/custom_messages/include/custom_messages/custom_messages/msg/detail/lanemarkings__type_support.cpp
[5.255s] -- Up-to-date: /home/stuart/lane_ws/install/custom_messages/include/custom_messages/custom_messages/msg/detail/child2__type_support.cpp
[5.255s] -- Installing: /home/stuart/lane_ws/install/custom_messages/lib/libcustom_messages__rosidl_typesupport_introspection_cpp.so
[5.255s] -- Set runtime path of "/home/stuart/lane_ws/install/custom_messages/lib/libcustom_messages__rosidl_typesupport_introspection_cpp.so" to ""
[5.255s] -- Installing: /home/stuart/lane_ws/install/custom_messages/lib/libcustom_messages__rosidl_typesupport_cpp.so
[5.255s] -- Set runtime path of "/home/stuart/lane_ws/install/custom_messages/lib/libcustom_messages__rosidl_typesupport_cpp.so" to ""
[5.255s] -- Up-to-date: /home/stuart/lane_ws/install/custom_messages/share/custom_messages/environment/pythonpath.sh
[5.255s] -- Installing: /home/stuart/lane_ws/install/custom_messages/share/custom_messages/environment/pythonpath.dsv
[5.255s] -- Up-to-date: /home/stuart/lane_ws/install/custom_messages/local/lib/python3.10/dist-packages/custom_messages-0.0.0-py3.10.egg-info
[5.255s] -- Installing: /home/stuart/lane_ws/install/custom_messages/local/lib/python3.10/dist-packages/custom_messages-0.0.0-py3.10.egg-info/top_level.txt
[5.255s] -- Installing: /home/stuart/lane_ws/install/custom_messages/local/lib/python3.10/dist-packages/custom_messages-0.0.0-py3.10.egg-info/dependency_links.txt
[5.255s] -- Installing: /home/stuart/lane_ws/install/custom_messages/local/lib/python3.10/dist-packages/custom_messages-0.0.0-py3.10.egg-info/PKG-INFO
[5.255s] -- Installing: /home/stuart/lane_ws/install/custom_messages/local/lib/python3.10/dist-packages/custom_messages-0.0.0-py3.10.egg-info/SOURCES.txt
[5.256s] -- Up-to-date: /home/stuart/lane_ws/install/custom_messages/local/lib/python3.10/dist-packages/custom_messages
[5.256s] -- Installing: /home/stuart/lane_ws/install/custom_messages/local/lib/python3.10/dist-packages/custom_messages/custom_messages_s__rosidl_typesupport_introspection_c.cpython-310-x86_64-linux-gnu.so
[5.256s] -- Installing: /home/stuart/lane_ws/install/custom_messages/local/lib/python3.10/dist-packages/custom_messages/custom_messages_s__rosidl_typesupport_c.cpython-310-x86_64-linux-gnu.so
[5.256s] -- Installing: /home/stuart/lane_ws/install/custom_messages/local/lib/python3.10/dist-packages/custom_messages/_custom_messages_s.ep.rosidl_typesupport_c.c
[5.256s] -- Installing: /home/stuart/lane_ws/install/custom_messages/local/lib/python3.10/dist-packages/custom_messages/custom_messages_s__rosidl_typesupport_fastrtps_c.cpython-310-x86_64-linux-gnu.so
[5.256s] -- Installing: /home/stuart/lane_ws/install/custom_messages/local/lib/python3.10/dist-packages/custom_messages/_custom_messages_s.ep.rosidl_typesupport_introspection_c.c
[5.256s] -- Installing: /home/stuart/lane_ws/install/custom_messages/local/lib/python3.10/dist-packages/custom_messages/libcustom_messages__rosidl_generator_py.so
[5.256s] -- Installing: /home/stuart/lane_ws/install/custom_messages/local/lib/python3.10/dist-packages/custom_messages/__init__.py
[5.256s] -- Installing: /home/stuart/lane_ws/install/custom_messages/local/lib/python3.10/dist-packages/custom_messages/_custom_messages_s.ep.rosidl_typesupport_fastrtps_c.c
[5.256s] -- Up-to-date: /home/stuart/lane_ws/install/custom_messages/local/lib/python3.10/dist-packages/custom_messages/msg
[5.256s] -- Installing: /home/stuart/lane_ws/install/custom_messages/local/lib/python3.10/dist-packages/custom_messages/msg/_lanetype.py
[5.256s] -- Up-to-date: /home/stuart/lane_ws/install/custom_messages/local/lib/python3.10/dist-packages/custom_messages/msg/_child1_s.c
[5.256s] -- Installing: /home/stuart/lane_ws/install/custom_messages/local/lib/python3.10/dist-packages/custom_messages/msg/_laneid.py
[5.256s] -- Installing: /home/stuart/lane_ws/install/custom_messages/local/lib/python3.10/dist-packages/custom_messages/msg/_parent_message_s.c
[5.256s] -- Installing: /home/stuart/lane_ws/install/custom_messages/local/lib/python3.10/dist-packages/custom_messages/msg/_all_lanes_s.c
[5.256s] -- Up-to-date: /home/stuart/lane_ws/install/custom_messages/local/lib/python3.10/dist-packages/custom_messages/msg/_child2.py
[5.256s] -- Up-to-date: /home/stuart/lane_ws/install/custom_messages/local/lib/python3.10/dist-packages/custom_messages/msg/_child2_s.c
[5.256s] -- Installing: /home/stuart/lane_ws/install/custom_messages/local/lib/python3.10/dist-packages/custom_messages/msg/_lanemarkings.py
[5.256s] -- Installing: /home/stuart/lane_ws/install/custom_messages/local/lib/python3.10/dist-packages/custom_messages/msg/_all_lanes.py
[5.256s] -- Up-to-date: /home/stuart/lane_ws/install/custom_messages/local/lib/python3.10/dist-packages/custom_messages/msg/_child1.py
[5.257s] -- Installing: /home/stuart/lane_ws/install/custom_messages/local/lib/python3.10/dist-packages/custom_messages/msg/_lanemarkings_s.c
[5.257s] -- Installing: /home/stuart/lane_ws/install/custom_messages/local/lib/python3.10/dist-packages/custom_messages/msg/__init__.py
[5.257s] -- Installing: /home/stuart/lane_ws/install/custom_messages/local/lib/python3.10/dist-packages/custom_messages/msg/_laneid_s.c
[5.257s] -- Installing: /home/stuart/lane_ws/install/custom_messages/local/lib/python3.10/dist-packages/custom_messages/msg/_lanetype_s.c
[5.257s] -- Installing: /home/stuart/lane_ws/install/custom_messages/local/lib/python3.10/dist-packages/custom_messages/msg/_parent_message.py
[5.284s] Listing '/home/stuart/lane_ws/install/custom_messages/local/lib/python3.10/dist-packages/custom_messages'...
[5.284s] Compiling '/home/stuart/lane_ws/install/custom_messages/local/lib/python3.10/dist-packages/custom_messages/__init__.py'...
[5.284s] Listing '/home/stuart/lane_ws/install/custom_messages/local/lib/python3.10/dist-packages/custom_messages/msg'...
[5.284s] Compiling '/home/stuart/lane_ws/install/custom_messages/local/lib/python3.10/dist-packages/custom_messages/msg/__init__.py'...
[5.284s] Compiling '/home/stuart/lane_ws/install/custom_messages/local/lib/python3.10/dist-packages/custom_messages/msg/_all_lanes.py'...
[5.284s] Compiling '/home/stuart/lane_ws/install/custom_messages/local/lib/python3.10/dist-packages/custom_messages/msg/_laneid.py'...
[5.284s] Compiling '/home/stuart/lane_ws/install/custom_messages/local/lib/python3.10/dist-packages/custom_messages/msg/_lanemarkings.py'...
[5.284s] Compiling '/home/stuart/lane_ws/install/custom_messages/local/lib/python3.10/dist-packages/custom_messages/msg/_lanetype.py'...
[5.284s] Compiling '/home/stuart/lane_ws/install/custom_messages/local/lib/python3.10/dist-packages/custom_messages/msg/_parent_message.py'...
[5.288s] -- Installing: /home/stuart/lane_ws/install/custom_messages/local/lib/python3.10/dist-packages/custom_messages/custom_messages_s__rosidl_typesupport_fastrtps_c.cpython-310-x86_64-linux-gnu.so
[5.288s] -- Set runtime path of "/home/stuart/lane_ws/install/custom_messages/local/lib/python3.10/dist-packages/custom_messages/custom_messages_s__rosidl_typesupport_fastrtps_c.cpython-310-x86_64-linux-gnu.so" to ""
[5.288s] -- Installing: /home/stuart/lane_ws/install/custom_messages/local/lib/python3.10/dist-packages/custom_messages/custom_messages_s__rosidl_typesupport_introspection_c.cpython-310-x86_64-linux-gnu.so
[5.289s] -- Set runtime path of "/home/stuart/lane_ws/install/custom_messages/local/lib/python3.10/dist-packages/custom_messages/custom_messages_s__rosidl_typesupport_introspection_c.cpython-310-x86_64-linux-gnu.so" to ""
[5.289s] -- Installing: /home/stuart/lane_ws/install/custom_messages/local/lib/python3.10/dist-packages/custom_messages/custom_messages_s__rosidl_typesupport_c.cpython-310-x86_64-linux-gnu.so
[5.289s] -- Set runtime path of "/home/stuart/lane_ws/install/custom_messages/local/lib/python3.10/dist-packages/custom_messages/custom_messages_s__rosidl_typesupport_c.cpython-310-x86_64-linux-gnu.so" to ""
[5.289s] -- Installing: /home/stuart/lane_ws/install/custom_messages/lib/libcustom_messages__rosidl_generator_py.so
[5.289s] -- Set runtime path of "/home/stuart/lane_ws/install/custom_messages/lib/libcustom_messages__rosidl_generator_py.so" to ""
[5.290s] -- Up-to-date: /home/stuart/lane_ws/install/custom_messages/share/custom_messages/msg/ParentMessage.idl
[5.290s] -- Up-to-date: /home/stuart/lane_ws/install/custom_messages/share/custom_messages/msg/Laneid.idl
[5.290s] -- Up-to-date: /home/stuart/lane_ws/install/custom_messages/share/custom_messages/msg/Lanetype.idl
[5.290s] -- Up-to-date: /home/stuart/lane_ws/install/custom_messages/share/custom_messages/msg/Lanemarkings.idl
[5.290s] -- Installing: /home/stuart/lane_ws/install/custom_messages/share/custom_messages/msg/AllLanes.idl
[5.291s] -- Up-to-date: /home/stuart/lane_ws/install/custom_messages/share/custom_messages/msg/ParentMessage.msg
[5.291s] -- Up-to-date: /home/stuart/lane_ws/install/custom_messages/share/custom_messages/msg/Laneid.msg
[5.291s] -- Up-to-date: /home/stuart/lane_ws/install/custom_messages/share/custom_messages/msg/Lanetype.msg
[5.291s] -- Up-to-date: /home/stuart/lane_ws/install/custom_messages/share/custom_messages/msg/Lanemarkings.msg
[5.291s] -- Installing: /home/stuart/lane_ws/install/custom_messages/share/custom_messages/msg/AllLanes.msg
[5.291s] -- Up-to-date: /home/stuart/lane_ws/install/custom_messages/share/ament_index/resource_index/package_run_dependencies/custom_messages
[5.291s] -- Up-to-date: /home/stuart/lane_ws/install/custom_messages/share/ament_index/resource_index/parent_prefix_path/custom_messages
[5.292s] -- Up-to-date: /home/stuart/lane_ws/install/custom_messages/share/custom_messages/environment/ament_prefix_path.sh
[5.292s] -- Installing: /home/stuart/lane_ws/install/custom_messages/share/custom_messages/environment/ament_prefix_path.dsv
[5.292s] -- Up-to-date: /home/stuart/lane_ws/install/custom_messages/share/custom_messages/environment/path.sh
[5.292s] -- Installing: /home/stuart/lane_ws/install/custom_messages/share/custom_messages/environment/path.dsv
[5.292s] -- Up-to-date: /home/stuart/lane_ws/install/custom_messages/share/custom_messages/local_setup.bash
[5.293s] -- Up-to-date: /home/stuart/lane_ws/install/custom_messages/share/custom_messages/local_setup.sh
[5.293s] -- Up-to-date: /home/stuart/lane_ws/install/custom_messages/share/custom_messages/local_setup.zsh
[5.293s] -- Installing: /home/stuart/lane_ws/install/custom_messages/share/custom_messages/local_setup.dsv
[5.293s] -- Installing: /home/stuart/lane_ws/install/custom_messages/share/custom_messages/package.dsv
[5.293s] -- Up-to-date: /home/stuart/lane_ws/install/custom_messages/share/ament_index/resource_index/packages/custom_messages
[5.293s] -- Up-to-date: /home/stuart/lane_ws/install/custom_messages/share/custom_messages/cmake/export_custom_messages__rosidl_generator_cExport.cmake
[5.293s] -- Up-to-date: /home/stuart/lane_ws/install/custom_messages/share/custom_messages/cmake/export_custom_messages__rosidl_generator_cExport-noconfig.cmake
[5.294s] -- Up-to-date: /home/stuart/lane_ws/install/custom_messages/share/custom_messages/cmake/export_custom_messages__rosidl_typesupport_fastrtps_cExport.cmake
[5.294s] -- Up-to-date: /home/stuart/lane_ws/install/custom_messages/share/custom_messages/cmake/export_custom_messages__rosidl_typesupport_fastrtps_cExport-noconfig.cmake
[5.294s] -- Up-to-date: /home/stuart/lane_ws/install/custom_messages/share/custom_messages/cmake/custom_messages__rosidl_typesupport_introspection_cExport.cmake
[5.294s] -- Up-to-date: /home/stuart/lane_ws/install/custom_messages/share/custom_messages/cmake/custom_messages__rosidl_typesupport_introspection_cExport-noconfig.cmake
[5.294s] -- Up-to-date: /home/stuart/lane_ws/install/custom_messages/share/custom_messages/cmake/custom_messages__rosidl_typesupport_cExport.cmake
[5.294s] -- Up-to-date: /home/stuart/lane_ws/install/custom_messages/share/custom_messages/cmake/custom_messages__rosidl_typesupport_cExport-noconfig.cmake
[5.294s] -- Up-to-date: /home/stuart/lane_ws/install/custom_messages/share/custom_messages/cmake/export_custom_messages__rosidl_generator_cppExport.cmake
[5.294s] -- Up-to-date: /home/stuart/lane_ws/install/custom_messages/share/custom_messages/cmake/export_custom_messages__rosidl_typesupport_fastrtps_cppExport.cmake
[5.294s] -- Up-to-date: /home/stuart/lane_ws/install/custom_messages/share/custom_messages/cmake/export_custom_messages__rosidl_typesupport_fastrtps_cppExport-noconfig.cmake
[5.294s] -- Up-to-date: /home/stuart/lane_ws/install/custom_messages/share/custom_messages/cmake/custom_messages__rosidl_typesupport_introspection_cppExport.cmake
[5.294s] -- Up-to-date: /home/stuart/lane_ws/install/custom_messages/share/custom_messages/cmake/custom_messages__rosidl_typesupport_introspection_cppExport-noconfig.cmake
[5.294s] -- Up-to-date: /home/stuart/lane_ws/install/custom_messages/share/custom_messages/cmake/custom_messages__rosidl_typesupport_cppExport.cmake
[5.294s] -- Up-to-date: /home/stuart/lane_ws/install/custom_messages/share/custom_messages/cmake/custom_messages__rosidl_typesupport_cppExport-noconfig.cmake
[5.294s] -- Up-to-date: /home/stuart/lane_ws/install/custom_messages/share/custom_messages/cmake/export_custom_messages__rosidl_generator_pyExport.cmake
[5.294s] -- Up-to-date: /home/stuart/lane_ws/install/custom_messages/share/custom_messages/cmake/export_custom_messages__rosidl_generator_pyExport-noconfig.cmake
[5.294s] -- Up-to-date: /home/stuart/lane_ws/install/custom_messages/share/custom_messages/cmake/rosidl_cmake-extras.cmake
[5.295s] -- Up-to-date: /home/stuart/lane_ws/install/custom_messages/share/custom_messages/cmake/ament_cmake_export_include_directories-extras.cmake
[5.295s] -- Up-to-date: /home/stuart/lane_ws/install/custom_messages/share/custom_messages/cmake/ament_cmake_export_libraries-extras.cmake
[5.295s] -- Up-to-date: /home/stuart/lane_ws/install/custom_messages/share/custom_messages/cmake/ament_cmake_export_targets-extras.cmake
[5.296s] -- Up-to-date: /home/stuart/lane_ws/install/custom_messages/share/custom_messages/cmake/rosidl_cmake_export_typesupport_targets-extras.cmake
[5.296s] -- Up-to-date: /home/stuart/lane_ws/install/custom_messages/share/custom_messages/cmake/ament_cmake_export_dependencies-extras.cmake
[5.296s] -- Up-to-date: /home/stuart/lane_ws/install/custom_messages/share/custom_messages/cmake/rosidl_cmake_export_typesupport_libraries-extras.cmake
[5.296s] -- Up-to-date: /home/stuart/lane_ws/install/custom_messages/share/custom_messages/cmake/custom_messagesConfig.cmake
[5.297s] -- Up-to-date: /home/stuart/lane_ws/install/custom_messages/share/custom_messages/cmake/custom_messagesConfig-version.cmake
[5.297s] -- Up-to-date: /home/stuart/lane_ws/install/custom_messages/share/custom_messages/package.xml
[5.298s] Invoked command in '/home/stuart/lane_ws/build/custom_messages' returned '0': CMAKE_PREFIX_PATH=${CMAKE_PREFIX_PATH}:/home/stuart/lane_ws/install/lane_publisher:/opt/ros/humble /usr/bin/cmake --install /home/stuart/lane_ws/build/custom_messages
