[0.012s] Invoking command in '/home/stuart/lane_ws/build/custom_messages': CMAKE_PREFIX_PATH=${CMAKE_PREFIX_PATH}:/home/stuart/lane_ws/install/lane_publisher:/opt/ros/humble /usr/bin/cmake --build /home/stuart/lane_ws/build/custom_messages -- -j16 -l16
[0.045s] [35m[1mConsolidate compiler generated dependencies of target custom_messages__rosidl_generator_c[0m
[0.051s] [  1%] Built target custom_messages__cpp
[0.053s] [ 12%] Built target custom_messages__rosidl_generator_c
[0.058s] [ 12%] Built target ament_cmake_python_copy_custom_messages
[0.059s] [35m[1mConsolidate compiler generated dependencies of target custom_messages__rosidl_typesupport_cpp[0m
[0.060s] [35m[1mConsolidate compiler generated dependencies of target custom_messages__rosidl_typesupport_introspection_cpp[0m
[0.060s] [35m[1mConsolidate compiler generated dependencies of target custom_messages__rosidl_typesupport_fastrtps_cpp[0m
[0.061s] [35m[1mConsolidate compiler generated dependencies of target custom_messages__rosidl_typesupport_c[0m
[0.061s] [35m[1mConsolidate compiler generated dependencies of target custom_messages__rosidl_typesupport_introspection_c[0m
[0.061s] [35m[1mConsolidate compiler generated dependencies of target custom_messages__rosidl_typesupport_fastrtps_c[0m
[0.070s] [ 23%] Built target custom_messages__rosidl_typesupport_c
[0.072s] [ 34%] Built target custom_messages__rosidl_typesupport_introspection_cpp
[0.072s] [ 54%] Built target custom_messages__rosidl_typesupport_cpp
[0.072s] [ 56%] Built target custom_messages__rosidl_typesupport_introspection_c
[0.072s] [ 67%] Built target custom_messages__rosidl_typesupport_fastrtps_cpp
[0.073s] [ 78%] Built target custom_messages__rosidl_typesupport_fastrtps_c
[0.086s] [ 78%] Built target custom_messages
[0.098s] [ 80%] Built target custom_messages__py
[0.106s] [35m[1mConsolidate compiler generated dependencies of target custom_messages__rosidl_generator_py[0m
[0.118s] [ 89%] Built target custom_messages__rosidl_generator_py
[0.125s] [35m[1mConsolidate compiler generated dependencies of target custom_messages__rosidl_typesupport_fastrtps_c__pyext[0m
[0.125s] [35m[1mConsolidate compiler generated dependencies of target custom_messages__rosidl_typesupport_introspection_c__pyext[0m
[0.125s] [35m[1mConsolidate compiler generated dependencies of target custom_messages__rosidl_typesupport_c__pyext[0m
[0.134s] [100%] Built target custom_messages__rosidl_typesupport_c__pyext
[0.134s] [100%] Built target custom_messages__rosidl_typesupport_introspection_c__pyext
[0.134s] [100%] Built target custom_messages__rosidl_typesupport_fastrtps_c__pyext
[0.250s] running egg_info
[0.251s] writing custom_messages.egg-info/PKG-INFO
[0.251s] writing dependency_links to custom_messages.egg-info/dependency_links.txt
[0.251s] writing top-level names to custom_messages.egg-info/top_level.txt
[0.253s] reading manifest file 'custom_messages.egg-info/SOURCES.txt'
[0.253s] writing manifest file 'custom_messages.egg-info/SOURCES.txt'
[0.271s] [100%] Built target ament_cmake_python_build_custom_messages_egg
[0.280s] Invoked command in '/home/stuart/lane_ws/build/custom_messages' returned '0': CMAKE_PREFIX_PATH=${CMAKE_PREFIX_PATH}:/home/stuart/lane_ws/install/lane_publisher:/opt/ros/humble /usr/bin/cmake --build /home/stuart/lane_ws/build/custom_messages -- -j16 -l16
[0.372s] Invoking command in '/home/stuart/lane_ws/build/custom_messages': CMAKE_PREFIX_PATH=${CMAKE_PREFIX_PATH}:/home/stuart/lane_ws/install/lane_publisher:/opt/ros/humble /usr/bin/cmake --install /home/stuart/lane_ws/build/custom_messages
[0.377s] -- Install configuration: ""
[0.378s] -- Up-to-date: /home/stuart/lane_ws/install/custom_messages/share/ament_index/resource_index/rosidl_interfaces/custom_messages
[0.378s] -- Up-to-date: /home/stuart/lane_ws/install/custom_messages/include/custom_messages/custom_messages
[0.378s] -- Up-to-date: /home/stuart/lane_ws/install/custom_messages/include/custom_messages/custom_messages/msg
[0.378s] -- Up-to-date: /home/stuart/lane_ws/install/custom_messages/include/custom_messages/custom_messages/msg/lanemarkings.h
[0.379s] -- Up-to-date: /home/stuart/lane_ws/install/custom_messages/include/custom_messages/custom_messages/msg/lanetype.h
[0.379s] -- Up-to-date: /home/stuart/lane_ws/install/custom_messages/include/custom_messages/custom_messages/msg/parent_message.h
[0.379s] -- Up-to-date: /home/stuart/lane_ws/install/custom_messages/include/custom_messages/custom_messages/msg/detail
[0.379s] -- Up-to-date: /home/stuart/lane_ws/install/custom_messages/include/custom_messages/custom_messages/msg/detail/child2__type_support.h
[0.380s] -- Up-to-date: /home/stuart/lane_ws/install/custom_messages/include/custom_messages/custom_messages/msg/detail/child1__functions.c
[0.380s] -- Up-to-date: /home/stuart/lane_ws/install/custom_messages/include/custom_messages/custom_messages/msg/detail/child1__functions.h
[0.380s] -- Up-to-date: /home/stuart/lane_ws/install/custom_messages/include/custom_messages/custom_messages/msg/detail/lanetype__functions.h
[0.380s] -- Up-to-date: /home/stuart/lane_ws/install/custom_messages/include/custom_messages/custom_messages/msg/detail/parent_message__functions.c
[0.380s] -- Up-to-date: /home/stuart/lane_ws/install/custom_messages/include/custom_messages/custom_messages/msg/detail/parent_message__type_support.h
[0.380s] -- Up-to-date: /home/stuart/lane_ws/install/custom_messages/include/custom_messages/custom_messages/msg/detail/laneid__functions.h
[0.381s] -- Up-to-date: /home/stuart/lane_ws/install/custom_messages/include/custom_messages/custom_messages/msg/detail/child1__type_support.h
[0.381s] -- Up-to-date: /home/stuart/lane_ws/install/custom_messages/include/custom_messages/custom_messages/msg/detail/laneid__struct.h
[0.381s] -- Up-to-date: /home/stuart/lane_ws/install/custom_messages/include/custom_messages/custom_messages/msg/detail/lanemarkings__functions.c
[0.381s] -- Up-to-date: /home/stuart/lane_ws/install/custom_messages/include/custom_messages/custom_messages/msg/detail/parent_message__struct.h
[0.381s] -- Up-to-date: /home/stuart/lane_ws/install/custom_messages/include/custom_messages/custom_messages/msg/detail/lanemarkings__functions.h
[0.381s] -- Up-to-date: /home/stuart/lane_ws/install/custom_messages/include/custom_messages/custom_messages/msg/detail/parent_message__functions.h
[0.382s] -- Up-to-date: /home/stuart/lane_ws/install/custom_messages/include/custom_messages/custom_messages/msg/detail/lanemarkings__struct.h
[0.382s] -- Up-to-date: /home/stuart/lane_ws/install/custom_messages/include/custom_messages/custom_messages/msg/detail/child2__functions.c
[0.382s] -- Up-to-date: /home/stuart/lane_ws/install/custom_messages/include/custom_messages/custom_messages/msg/detail/lanemarkings__type_support.h
[0.382s] -- Up-to-date: /home/stuart/lane_ws/install/custom_messages/include/custom_messages/custom_messages/msg/detail/lanetype__functions.c
[0.382s] -- Up-to-date: /home/stuart/lane_ws/install/custom_messages/include/custom_messages/custom_messages/msg/detail/child2__functions.h
[0.382s] -- Up-to-date: /home/stuart/lane_ws/install/custom_messages/include/custom_messages/custom_messages/msg/detail/lanetype__type_support.h
[0.383s] -- Up-to-date: /home/stuart/lane_ws/install/custom_messages/include/custom_messages/custom_messages/msg/detail/laneid__functions.c
[0.383s] -- Up-to-date: /home/stuart/lane_ws/install/custom_messages/include/custom_messages/custom_messages/msg/detail/laneid__type_support.h
[0.383s] -- Up-to-date: /home/stuart/lane_ws/install/custom_messages/include/custom_messages/custom_messages/msg/detail/child2__struct.h
[0.383s] -- Up-to-date: /home/stuart/lane_ws/install/custom_messages/include/custom_messages/custom_messages/msg/detail/lanetype__struct.h
[0.383s] -- Up-to-date: /home/stuart/lane_ws/install/custom_messages/include/custom_messages/custom_messages/msg/detail/child1__struct.h
[0.384s] -- Up-to-date: /home/stuart/lane_ws/install/custom_messages/include/custom_messages/custom_messages/msg/rosidl_generator_c__visibility_control.h
[0.384s] -- Up-to-date: /home/stuart/lane_ws/install/custom_messages/include/custom_messages/custom_messages/msg/child2.h
[0.384s] -- Up-to-date: /home/stuart/lane_ws/install/custom_messages/include/custom_messages/custom_messages/msg/laneid.h
[0.384s] -- Up-to-date: /home/stuart/lane_ws/install/custom_messages/include/custom_messages/custom_messages/msg/child1.h
[0.384s] -- Up-to-date: /home/stuart/lane_ws/install/custom_messages/share/custom_messages/environment/library_path.sh
[0.385s] -- Up-to-date: /home/stuart/lane_ws/install/custom_messages/share/custom_messages/environment/library_path.dsv
[0.385s] -- Up-to-date: /home/stuart/lane_ws/install/custom_messages/lib/libcustom_messages__rosidl_generator_c.so
[0.385s] -- Up-to-date: /home/stuart/lane_ws/install/custom_messages/include/custom_messages/custom_messages
[0.385s] -- Up-to-date: /home/stuart/lane_ws/install/custom_messages/include/custom_messages/custom_messages/msg
[0.385s] -- Up-to-date: /home/stuart/lane_ws/install/custom_messages/include/custom_messages/custom_messages/msg/rosidl_typesupport_fastrtps_c__visibility_control.h
[0.385s] -- Up-to-date: /home/stuart/lane_ws/install/custom_messages/include/custom_messages/custom_messages/msg/detail
[0.386s] -- Up-to-date: /home/stuart/lane_ws/install/custom_messages/include/custom_messages/custom_messages/msg/detail/child2__rosidl_typesupport_fastrtps_c.h
[0.386s] -- Up-to-date: /home/stuart/lane_ws/install/custom_messages/include/custom_messages/custom_messages/msg/detail/lanemarkings__rosidl_typesupport_fastrtps_c.h
[0.386s] -- Up-to-date: /home/stuart/lane_ws/install/custom_messages/include/custom_messages/custom_messages/msg/detail/lanetype__rosidl_typesupport_fastrtps_c.h
[0.386s] -- Up-to-date: /home/stuart/lane_ws/install/custom_messages/include/custom_messages/custom_messages/msg/detail/laneid__rosidl_typesupport_fastrtps_c.h
[0.386s] -- Up-to-date: /home/stuart/lane_ws/install/custom_messages/include/custom_messages/custom_messages/msg/detail/child1__rosidl_typesupport_fastrtps_c.h
[0.386s] -- Up-to-date: /home/stuart/lane_ws/install/custom_messages/include/custom_messages/custom_messages/msg/detail/parent_message__rosidl_typesupport_fastrtps_c.h
[0.386s] -- Up-to-date: /home/stuart/lane_ws/install/custom_messages/lib/libcustom_messages__rosidl_typesupport_fastrtps_c.so
[0.386s] -- Up-to-date: /home/stuart/lane_ws/install/custom_messages/include/custom_messages/custom_messages
[0.386s] -- Up-to-date: /home/stuart/lane_ws/install/custom_messages/include/custom_messages/custom_messages/msg
[0.386s] -- Up-to-date: /home/stuart/lane_ws/install/custom_messages/include/custom_messages/custom_messages/msg/detail
[0.386s] -- Up-to-date: /home/stuart/lane_ws/install/custom_messages/include/custom_messages/custom_messages/msg/detail/lanetype__type_support.c
[0.386s] -- Up-to-date: /home/stuart/lane_ws/install/custom_messages/include/custom_messages/custom_messages/msg/detail/child2__type_support.c
[0.386s] -- Up-to-date: /home/stuart/lane_ws/install/custom_messages/include/custom_messages/custom_messages/msg/detail/lanemarkings__rosidl_typesupport_introspection_c.h
[0.387s] -- Up-to-date: /home/stuart/lane_ws/install/custom_messages/include/custom_messages/custom_messages/msg/detail/parent_message__rosidl_typesupport_introspection_c.h
[0.387s] -- Up-to-date: /home/stuart/lane_ws/install/custom_messages/include/custom_messages/custom_messages/msg/detail/laneid__type_support.c
[0.387s] -- Up-to-date: /home/stuart/lane_ws/install/custom_messages/include/custom_messages/custom_messages/msg/detail/laneid__rosidl_typesupport_introspection_c.h
[0.387s] -- Up-to-date: /home/stuart/lane_ws/install/custom_messages/include/custom_messages/custom_messages/msg/detail/child1__rosidl_typesupport_introspection_c.h
[0.387s] -- Up-to-date: /home/stuart/lane_ws/install/custom_messages/include/custom_messages/custom_messages/msg/detail/lanemarkings__type_support.c
[0.387s] -- Up-to-date: /home/stuart/lane_ws/install/custom_messages/include/custom_messages/custom_messages/msg/detail/child1__type_support.c
[0.387s] -- Up-to-date: /home/stuart/lane_ws/install/custom_messages/include/custom_messages/custom_messages/msg/detail/parent_message__type_support.c
[0.387s] -- Up-to-date: /home/stuart/lane_ws/install/custom_messages/include/custom_messages/custom_messages/msg/detail/child2__rosidl_typesupport_introspection_c.h
[0.387s] -- Up-to-date: /home/stuart/lane_ws/install/custom_messages/include/custom_messages/custom_messages/msg/detail/lanetype__rosidl_typesupport_introspection_c.h
[0.387s] -- Up-to-date: /home/stuart/lane_ws/install/custom_messages/include/custom_messages/custom_messages/msg/rosidl_typesupport_introspection_c__visibility_control.h
[0.387s] -- Up-to-date: /home/stuart/lane_ws/install/custom_messages/lib/libcustom_messages__rosidl_typesupport_introspection_c.so
[0.387s] -- Up-to-date: /home/stuart/lane_ws/install/custom_messages/lib/libcustom_messages__rosidl_typesupport_c.so
[0.387s] -- Up-to-date: /home/stuart/lane_ws/install/custom_messages/include/custom_messages/custom_messages
[0.387s] -- Up-to-date: /home/stuart/lane_ws/install/custom_messages/include/custom_messages/custom_messages/msg
[0.387s] -- Up-to-date: /home/stuart/lane_ws/install/custom_messages/include/custom_messages/custom_messages/msg/child2.hpp
[0.387s] -- Up-to-date: /home/stuart/lane_ws/install/custom_messages/include/custom_messages/custom_messages/msg/child1.hpp
[0.387s] -- Up-to-date: /home/stuart/lane_ws/install/custom_messages/include/custom_messages/custom_messages/msg/laneid.hpp
[0.387s] -- Up-to-date: /home/stuart/lane_ws/install/custom_messages/include/custom_messages/custom_messages/msg/detail
[0.387s] -- Up-to-date: /home/stuart/lane_ws/install/custom_messages/include/custom_messages/custom_messages/msg/detail/lanetype__struct.hpp
[0.387s] -- Up-to-date: /home/stuart/lane_ws/install/custom_messages/include/custom_messages/custom_messages/msg/detail/lanemarkings__traits.hpp
[0.388s] -- Up-to-date: /home/stuart/lane_ws/install/custom_messages/include/custom_messages/custom_messages/msg/detail/child2__struct.hpp
[0.388s] -- Up-to-date: /home/stuart/lane_ws/install/custom_messages/include/custom_messages/custom_messages/msg/detail/laneid__struct.hpp
[0.388s] -- Up-to-date: /home/stuart/lane_ws/install/custom_messages/include/custom_messages/custom_messages/msg/detail/lanemarkings__builder.hpp
[0.388s] -- Up-to-date: /home/stuart/lane_ws/install/custom_messages/include/custom_messages/custom_messages/msg/detail/child1__struct.hpp
[0.388s] -- Up-to-date: /home/stuart/lane_ws/install/custom_messages/include/custom_messages/custom_messages/msg/detail/child2__traits.hpp
[0.388s] -- Up-to-date: /home/stuart/lane_ws/install/custom_messages/include/custom_messages/custom_messages/msg/detail/parent_message__struct.hpp
[0.388s] -- Up-to-date: /home/stuart/lane_ws/install/custom_messages/include/custom_messages/custom_messages/msg/detail/child1__traits.hpp
[0.388s] -- Up-to-date: /home/stuart/lane_ws/install/custom_messages/include/custom_messages/custom_messages/msg/detail/child1__builder.hpp
[0.388s] -- Up-to-date: /home/stuart/lane_ws/install/custom_messages/include/custom_messages/custom_messages/msg/detail/laneid__builder.hpp
[0.388s] -- Up-to-date: /home/stuart/lane_ws/install/custom_messages/include/custom_messages/custom_messages/msg/detail/parent_message__builder.hpp
[0.388s] -- Up-to-date: /home/stuart/lane_ws/install/custom_messages/include/custom_messages/custom_messages/msg/detail/lanetype__builder.hpp
[0.388s] -- Up-to-date: /home/stuart/lane_ws/install/custom_messages/include/custom_messages/custom_messages/msg/detail/lanemarkings__struct.hpp
[0.388s] -- Up-to-date: /home/stuart/lane_ws/install/custom_messages/include/custom_messages/custom_messages/msg/detail/laneid__traits.hpp
[0.388s] -- Up-to-date: /home/stuart/lane_ws/install/custom_messages/include/custom_messages/custom_messages/msg/detail/child2__builder.hpp
[0.388s] -- Up-to-date: /home/stuart/lane_ws/install/custom_messages/include/custom_messages/custom_messages/msg/detail/parent_message__traits.hpp
[0.388s] -- Up-to-date: /home/stuart/lane_ws/install/custom_messages/include/custom_messages/custom_messages/msg/detail/lanetype__traits.hpp
[0.388s] -- Up-to-date: /home/stuart/lane_ws/install/custom_messages/include/custom_messages/custom_messages/msg/lanemarkings.hpp
[0.388s] -- Up-to-date: /home/stuart/lane_ws/install/custom_messages/include/custom_messages/custom_messages/msg/lanetype.hpp
[0.388s] -- Up-to-date: /home/stuart/lane_ws/install/custom_messages/include/custom_messages/custom_messages/msg/parent_message.hpp
[0.389s] -- Up-to-date: /home/stuart/lane_ws/install/custom_messages/include/custom_messages/custom_messages
[0.389s] -- Up-to-date: /home/stuart/lane_ws/install/custom_messages/include/custom_messages/custom_messages/msg
[0.389s] -- Up-to-date: /home/stuart/lane_ws/install/custom_messages/include/custom_messages/custom_messages/msg/rosidl_typesupport_fastrtps_cpp__visibility_control.h
[0.389s] -- Up-to-date: /home/stuart/lane_ws/install/custom_messages/include/custom_messages/custom_messages/msg/detail
[0.389s] -- Up-to-date: /home/stuart/lane_ws/install/custom_messages/include/custom_messages/custom_messages/msg/detail/parent_message__rosidl_typesupport_fastrtps_cpp.hpp
[0.389s] -- Up-to-date: /home/stuart/lane_ws/install/custom_messages/include/custom_messages/custom_messages/msg/detail/child1__rosidl_typesupport_fastrtps_cpp.hpp
[0.389s] -- Up-to-date: /home/stuart/lane_ws/install/custom_messages/include/custom_messages/custom_messages/msg/detail/laneid__rosidl_typesupport_fastrtps_cpp.hpp
[0.389s] -- Up-to-date: /home/stuart/lane_ws/install/custom_messages/include/custom_messages/custom_messages/msg/detail/child2__rosidl_typesupport_fastrtps_cpp.hpp
[0.389s] -- Up-to-date: /home/stuart/lane_ws/install/custom_messages/include/custom_messages/custom_messages/msg/detail/dds_fastrtps
[0.389s] -- Up-to-date: /home/stuart/lane_ws/install/custom_messages/include/custom_messages/custom_messages/msg/detail/lanemarkings__rosidl_typesupport_fastrtps_cpp.hpp
[0.389s] -- Up-to-date: /home/stuart/lane_ws/install/custom_messages/include/custom_messages/custom_messages/msg/detail/lanetype__rosidl_typesupport_fastrtps_cpp.hpp
[0.389s] -- Up-to-date: /home/stuart/lane_ws/install/custom_messages/lib/libcustom_messages__rosidl_typesupport_fastrtps_cpp.so
[0.389s] -- Up-to-date: /home/stuart/lane_ws/install/custom_messages/include/custom_messages/custom_messages
[0.389s] -- Up-to-date: /home/stuart/lane_ws/install/custom_messages/include/custom_messages/custom_messages/msg
[0.389s] -- Up-to-date: /home/stuart/lane_ws/install/custom_messages/include/custom_messages/custom_messages/msg/detail
[0.389s] -- Up-to-date: /home/stuart/lane_ws/install/custom_messages/include/custom_messages/custom_messages/msg/detail/parent_message__rosidl_typesupport_introspection_cpp.hpp
[0.389s] -- Up-to-date: /home/stuart/lane_ws/install/custom_messages/include/custom_messages/custom_messages/msg/detail/lanetype__rosidl_typesupport_introspection_cpp.hpp
[0.389s] -- Up-to-date: /home/stuart/lane_ws/install/custom_messages/include/custom_messages/custom_messages/msg/detail/laneid__type_support.cpp
[0.389s] -- Up-to-date: /home/stuart/lane_ws/install/custom_messages/include/custom_messages/custom_messages/msg/detail/parent_message__type_support.cpp
[0.390s] -- Up-to-date: /home/stuart/lane_ws/install/custom_messages/include/custom_messages/custom_messages/msg/detail/child2__rosidl_typesupport_introspection_cpp.hpp
[0.390s] -- Up-to-date: /home/stuart/lane_ws/install/custom_messages/include/custom_messages/custom_messages/msg/detail/child1__type_support.cpp
[0.390s] -- Up-to-date: /home/stuart/lane_ws/install/custom_messages/include/custom_messages/custom_messages/msg/detail/laneid__rosidl_typesupport_introspection_cpp.hpp
[0.390s] -- Up-to-date: /home/stuart/lane_ws/install/custom_messages/include/custom_messages/custom_messages/msg/detail/lanemarkings__rosidl_typesupport_introspection_cpp.hpp
[0.390s] -- Up-to-date: /home/stuart/lane_ws/install/custom_messages/include/custom_messages/custom_messages/msg/detail/lanetype__type_support.cpp
[0.390s] -- Up-to-date: /home/stuart/lane_ws/install/custom_messages/include/custom_messages/custom_messages/msg/detail/child1__rosidl_typesupport_introspection_cpp.hpp
[0.390s] -- Up-to-date: /home/stuart/lane_ws/install/custom_messages/include/custom_messages/custom_messages/msg/detail/lanemarkings__type_support.cpp
[0.390s] -- Up-to-date: /home/stuart/lane_ws/install/custom_messages/include/custom_messages/custom_messages/msg/detail/child2__type_support.cpp
[0.390s] -- Up-to-date: /home/stuart/lane_ws/install/custom_messages/lib/libcustom_messages__rosidl_typesupport_introspection_cpp.so
[0.390s] -- Up-to-date: /home/stuart/lane_ws/install/custom_messages/lib/libcustom_messages__rosidl_typesupport_cpp.so
[0.390s] -- Up-to-date: /home/stuart/lane_ws/install/custom_messages/share/custom_messages/environment/pythonpath.sh
[0.390s] -- Up-to-date: /home/stuart/lane_ws/install/custom_messages/share/custom_messages/environment/pythonpath.dsv
[0.390s] -- Up-to-date: /home/stuart/lane_ws/install/custom_messages/local/lib/python3.10/dist-packages/custom_messages-0.0.0-py3.10.egg-info
[0.390s] -- Installing: /home/stuart/lane_ws/install/custom_messages/local/lib/python3.10/dist-packages/custom_messages-0.0.0-py3.10.egg-info/top_level.txt
[0.390s] -- Installing: /home/stuart/lane_ws/install/custom_messages/local/lib/python3.10/dist-packages/custom_messages-0.0.0-py3.10.egg-info/dependency_links.txt
[0.390s] -- Installing: /home/stuart/lane_ws/install/custom_messages/local/lib/python3.10/dist-packages/custom_messages-0.0.0-py3.10.egg-info/PKG-INFO
[0.390s] -- Installing: /home/stuart/lane_ws/install/custom_messages/local/lib/python3.10/dist-packages/custom_messages-0.0.0-py3.10.egg-info/SOURCES.txt
[0.390s] -- Up-to-date: /home/stuart/lane_ws/install/custom_messages/local/lib/python3.10/dist-packages/custom_messages
[0.391s] -- Up-to-date: /home/stuart/lane_ws/install/custom_messages/local/lib/python3.10/dist-packages/custom_messages/custom_messages_s__rosidl_typesupport_introspection_c.cpython-310-x86_64-linux-gnu.so
[0.391s] -- Up-to-date: /home/stuart/lane_ws/install/custom_messages/local/lib/python3.10/dist-packages/custom_messages/custom_messages_s__rosidl_typesupport_c.cpython-310-x86_64-linux-gnu.so
[0.391s] -- Up-to-date: /home/stuart/lane_ws/install/custom_messages/local/lib/python3.10/dist-packages/custom_messages/_custom_messages_s.ep.rosidl_typesupport_c.c
[0.391s] -- Up-to-date: /home/stuart/lane_ws/install/custom_messages/local/lib/python3.10/dist-packages/custom_messages/custom_messages_s__rosidl_typesupport_fastrtps_c.cpython-310-x86_64-linux-gnu.so
[0.391s] -- Up-to-date: /home/stuart/lane_ws/install/custom_messages/local/lib/python3.10/dist-packages/custom_messages/_custom_messages_s.ep.rosidl_typesupport_introspection_c.c
[0.391s] -- Up-to-date: /home/stuart/lane_ws/install/custom_messages/local/lib/python3.10/dist-packages/custom_messages/libcustom_messages__rosidl_generator_py.so
[0.391s] -- Up-to-date: /home/stuart/lane_ws/install/custom_messages/local/lib/python3.10/dist-packages/custom_messages/__init__.py
[0.391s] -- Up-to-date: /home/stuart/lane_ws/install/custom_messages/local/lib/python3.10/dist-packages/custom_messages/_custom_messages_s.ep.rosidl_typesupport_fastrtps_c.c
[0.391s] -- Up-to-date: /home/stuart/lane_ws/install/custom_messages/local/lib/python3.10/dist-packages/custom_messages/msg
[0.391s] -- Up-to-date: /home/stuart/lane_ws/install/custom_messages/local/lib/python3.10/dist-packages/custom_messages/msg/_lanetype.py
[0.391s] -- Up-to-date: /home/stuart/lane_ws/install/custom_messages/local/lib/python3.10/dist-packages/custom_messages/msg/_child1_s.c
[0.391s] -- Up-to-date: /home/stuart/lane_ws/install/custom_messages/local/lib/python3.10/dist-packages/custom_messages/msg/_laneid.py
[0.391s] -- Up-to-date: /home/stuart/lane_ws/install/custom_messages/local/lib/python3.10/dist-packages/custom_messages/msg/_parent_message_s.c
[0.391s] -- Up-to-date: /home/stuart/lane_ws/install/custom_messages/local/lib/python3.10/dist-packages/custom_messages/msg/_child2.py
[0.391s] -- Up-to-date: /home/stuart/lane_ws/install/custom_messages/local/lib/python3.10/dist-packages/custom_messages/msg/_child2_s.c
[0.391s] -- Up-to-date: /home/stuart/lane_ws/install/custom_messages/local/lib/python3.10/dist-packages/custom_messages/msg/_lanemarkings.py
[0.391s] -- Up-to-date: /home/stuart/lane_ws/install/custom_messages/local/lib/python3.10/dist-packages/custom_messages/msg/_child1.py
[0.392s] -- Up-to-date: /home/stuart/lane_ws/install/custom_messages/local/lib/python3.10/dist-packages/custom_messages/msg/_lanemarkings_s.c
[0.392s] -- Up-to-date: /home/stuart/lane_ws/install/custom_messages/local/lib/python3.10/dist-packages/custom_messages/msg/__init__.py
[0.392s] -- Up-to-date: /home/stuart/lane_ws/install/custom_messages/local/lib/python3.10/dist-packages/custom_messages/msg/_laneid_s.c
[0.392s] -- Up-to-date: /home/stuart/lane_ws/install/custom_messages/local/lib/python3.10/dist-packages/custom_messages/msg/_lanetype_s.c
[0.392s] -- Up-to-date: /home/stuart/lane_ws/install/custom_messages/local/lib/python3.10/dist-packages/custom_messages/msg/_parent_message.py
[0.411s] Listing '/home/stuart/lane_ws/install/custom_messages/local/lib/python3.10/dist-packages/custom_messages'...
[0.412s] Listing '/home/stuart/lane_ws/install/custom_messages/local/lib/python3.10/dist-packages/custom_messages/msg'...
[0.415s] -- Up-to-date: /home/stuart/lane_ws/install/custom_messages/local/lib/python3.10/dist-packages/custom_messages/custom_messages_s__rosidl_typesupport_fastrtps_c.cpython-310-x86_64-linux-gnu.so
[0.415s] -- Up-to-date: /home/stuart/lane_ws/install/custom_messages/local/lib/python3.10/dist-packages/custom_messages/custom_messages_s__rosidl_typesupport_introspection_c.cpython-310-x86_64-linux-gnu.so
[0.415s] -- Up-to-date: /home/stuart/lane_ws/install/custom_messages/local/lib/python3.10/dist-packages/custom_messages/custom_messages_s__rosidl_typesupport_c.cpython-310-x86_64-linux-gnu.so
[0.416s] -- Up-to-date: /home/stuart/lane_ws/install/custom_messages/lib/libcustom_messages__rosidl_generator_py.so
[0.416s] -- Up-to-date: /home/stuart/lane_ws/install/custom_messages/share/custom_messages/msg/ParentMessage.idl
[0.416s] -- Up-to-date: /home/stuart/lane_ws/install/custom_messages/share/custom_messages/msg/Laneid.idl
[0.416s] -- Up-to-date: /home/stuart/lane_ws/install/custom_messages/share/custom_messages/msg/Lanetype.idl
[0.417s] -- Up-to-date: /home/stuart/lane_ws/install/custom_messages/share/custom_messages/msg/Lanemarkings.idl
[0.417s] -- Up-to-date: /home/stuart/lane_ws/install/custom_messages/share/custom_messages/msg/ParentMessage.msg
[0.417s] -- Up-to-date: /home/stuart/lane_ws/install/custom_messages/share/custom_messages/msg/Laneid.msg
[0.417s] -- Up-to-date: /home/stuart/lane_ws/install/custom_messages/share/custom_messages/msg/Lanetype.msg
[0.417s] -- Up-to-date: /home/stuart/lane_ws/install/custom_messages/share/custom_messages/msg/Lanemarkings.msg
[0.417s] -- Up-to-date: /home/stuart/lane_ws/install/custom_messages/share/ament_index/resource_index/package_run_dependencies/custom_messages
[0.417s] -- Up-to-date: /home/stuart/lane_ws/install/custom_messages/share/ament_index/resource_index/parent_prefix_path/custom_messages
[0.418s] -- Up-to-date: /home/stuart/lane_ws/install/custom_messages/share/custom_messages/environment/ament_prefix_path.sh
[0.418s] -- Up-to-date: /home/stuart/lane_ws/install/custom_messages/share/custom_messages/environment/ament_prefix_path.dsv
[0.418s] -- Up-to-date: /home/stuart/lane_ws/install/custom_messages/share/custom_messages/environment/path.sh
[0.418s] -- Up-to-date: /home/stuart/lane_ws/install/custom_messages/share/custom_messages/environment/path.dsv
[0.418s] -- Up-to-date: /home/stuart/lane_ws/install/custom_messages/share/custom_messages/local_setup.bash
[0.418s] -- Up-to-date: /home/stuart/lane_ws/install/custom_messages/share/custom_messages/local_setup.sh
[0.419s] -- Up-to-date: /home/stuart/lane_ws/install/custom_messages/share/custom_messages/local_setup.zsh
[0.419s] -- Up-to-date: /home/stuart/lane_ws/install/custom_messages/share/custom_messages/local_setup.dsv
[0.419s] -- Installing: /home/stuart/lane_ws/install/custom_messages/share/custom_messages/package.dsv
[0.419s] -- Up-to-date: /home/stuart/lane_ws/install/custom_messages/share/ament_index/resource_index/packages/custom_messages
[0.419s] -- Up-to-date: /home/stuart/lane_ws/install/custom_messages/share/custom_messages/cmake/export_custom_messages__rosidl_generator_cExport.cmake
[0.419s] -- Up-to-date: /home/stuart/lane_ws/install/custom_messages/share/custom_messages/cmake/export_custom_messages__rosidl_generator_cExport-noconfig.cmake
[0.419s] -- Up-to-date: /home/stuart/lane_ws/install/custom_messages/share/custom_messages/cmake/export_custom_messages__rosidl_typesupport_fastrtps_cExport.cmake
[0.419s] -- Up-to-date: /home/stuart/lane_ws/install/custom_messages/share/custom_messages/cmake/export_custom_messages__rosidl_typesupport_fastrtps_cExport-noconfig.cmake
[0.420s] -- Up-to-date: /home/stuart/lane_ws/install/custom_messages/share/custom_messages/cmake/custom_messages__rosidl_typesupport_introspection_cExport.cmake
[0.420s] -- Up-to-date: /home/stuart/lane_ws/install/custom_messages/share/custom_messages/cmake/custom_messages__rosidl_typesupport_introspection_cExport-noconfig.cmake
[0.420s] -- Up-to-date: /home/stuart/lane_ws/install/custom_messages/share/custom_messages/cmake/custom_messages__rosidl_typesupport_cExport.cmake
[0.420s] -- Up-to-date: /home/stuart/lane_ws/install/custom_messages/share/custom_messages/cmake/custom_messages__rosidl_typesupport_cExport-noconfig.cmake
[0.420s] -- Up-to-date: /home/stuart/lane_ws/install/custom_messages/share/custom_messages/cmake/export_custom_messages__rosidl_generator_cppExport.cmake
[0.420s] -- Up-to-date: /home/stuart/lane_ws/install/custom_messages/share/custom_messages/cmake/export_custom_messages__rosidl_typesupport_fastrtps_cppExport.cmake
[0.420s] -- Up-to-date: /home/stuart/lane_ws/install/custom_messages/share/custom_messages/cmake/export_custom_messages__rosidl_typesupport_fastrtps_cppExport-noconfig.cmake
[0.421s] -- Up-to-date: /home/stuart/lane_ws/install/custom_messages/share/custom_messages/cmake/custom_messages__rosidl_typesupport_introspection_cppExport.cmake
[0.421s] -- Up-to-date: /home/stuart/lane_ws/install/custom_messages/share/custom_messages/cmake/custom_messages__rosidl_typesupport_introspection_cppExport-noconfig.cmake
[0.421s] -- Up-to-date: /home/stuart/lane_ws/install/custom_messages/share/custom_messages/cmake/custom_messages__rosidl_typesupport_cppExport.cmake
[0.421s] -- Up-to-date: /home/stuart/lane_ws/install/custom_messages/share/custom_messages/cmake/custom_messages__rosidl_typesupport_cppExport-noconfig.cmake
[0.421s] -- Up-to-date: /home/stuart/lane_ws/install/custom_messages/share/custom_messages/cmake/export_custom_messages__rosidl_generator_pyExport.cmake
[0.421s] -- Up-to-date: /home/stuart/lane_ws/install/custom_messages/share/custom_messages/cmake/export_custom_messages__rosidl_generator_pyExport-noconfig.cmake
[0.422s] -- Up-to-date: /home/stuart/lane_ws/install/custom_messages/share/custom_messages/cmake/rosidl_cmake-extras.cmake
[0.423s] -- Up-to-date: /home/stuart/lane_ws/install/custom_messages/share/custom_messages/cmake/ament_cmake_export_include_directories-extras.cmake
[0.423s] -- Up-to-date: /home/stuart/lane_ws/install/custom_messages/share/custom_messages/cmake/ament_cmake_export_libraries-extras.cmake
[0.423s] -- Up-to-date: /home/stuart/lane_ws/install/custom_messages/share/custom_messages/cmake/ament_cmake_export_targets-extras.cmake
[0.424s] -- Up-to-date: /home/stuart/lane_ws/install/custom_messages/share/custom_messages/cmake/rosidl_cmake_export_typesupport_targets-extras.cmake
[0.424s] -- Up-to-date: /home/stuart/lane_ws/install/custom_messages/share/custom_messages/cmake/ament_cmake_export_dependencies-extras.cmake
[0.425s] -- Up-to-date: /home/stuart/lane_ws/install/custom_messages/share/custom_messages/cmake/rosidl_cmake_export_typesupport_libraries-extras.cmake
[0.425s] -- Up-to-date: /home/stuart/lane_ws/install/custom_messages/share/custom_messages/cmake/custom_messagesConfig.cmake
[0.425s] -- Up-to-date: /home/stuart/lane_ws/install/custom_messages/share/custom_messages/cmake/custom_messagesConfig-version.cmake
[0.425s] -- Up-to-date: /home/stuart/lane_ws/install/custom_messages/share/custom_messages/package.xml
[0.425s] Invoked command in '/home/stuart/lane_ws/build/custom_messages' returned '0': CMAKE_PREFIX_PATH=${CMAKE_PREFIX_PATH}:/home/stuart/lane_ws/install/lane_publisher:/opt/ros/humble /usr/bin/cmake --install /home/stuart/lane_ws/build/custom_messages
