[0.565s] DEBUG:colcon:Command line arguments: ['/usr/bin/colcon', 'build']
[0.565s] DEBUG:colcon:Parsed command line arguments: Namespace(log_base=None, log_level=None, verb_name='build', build_base='build', install_base='install', merge_install=False, symlink_install=False, test_result_base=None, continue_on_error=False, executor='parallel', parallel_workers=16, event_handlers=None, ignore_user_meta=False, metas=['./colcon.meta'], base_paths=['.'], packages_ignore=None, packages_ignore_regex=None, paths=None, packages_up_to=None, packages_up_to_regex=None, packages_above=None, packages_above_and_dependencies=None, packages_above_depth=None, packages_select_by_dep=None, packages_skip_by_dep=None, packages_skip_up_to=None, packages_select_build_failed=False, packages_skip_build_finished=False, packages_select_test_failures=False, packages_skip_test_passed=False, packages_select=None, packages_skip=None, packages_select_regex=None, packages_skip_regex=None, packages_start=None, packages_end=None, allow_overriding=[], cmake_args=None, cmake_target=None, cmake_target_skip_unavailable=False, cmake_clean_cache=False, cmake_clean_first=False, cmake_force_configure=False, ament_cmake_args=None, catkin_cmake_args=None, catkin_skip_building_tests=False, verb_parser=<colcon_defaults.argument_parser.defaults.DefaultArgumentsDecorator object at 0x7f80bcca0370>, verb_extension=<colcon_core.verb.build.BuildVerb object at 0x7f80bd481c60>, main=<bound method BuildVerb.main of <colcon_core.verb.build.BuildVerb object at 0x7f80bd481c60>>)
[0.596s] Level 1:colcon.colcon_core.package_discovery:discover_packages(colcon_meta) check parameters
[0.596s] Level 1:colcon.colcon_core.package_discovery:discover_packages(recursive) check parameters
[0.596s] Level 1:colcon.colcon_core.package_discovery:discover_packages(ignore) check parameters
[0.596s] Level 1:colcon.colcon_core.package_discovery:discover_packages(path) check parameters
[0.596s] Level 1:colcon.colcon_core.package_discovery:discover_packages(colcon_meta) discover
[0.596s] Level 1:colcon.colcon_core.package_discovery:discover_packages(recursive) discover
[0.596s] INFO:colcon.colcon_core.package_discovery:Crawling recursively for packages in '/home/stuart/lane_ws'
[0.596s] Level 1:colcon.colcon_core.package_identification:_identify(.) by extensions ['ignore', 'ignore_ament_install']
[0.596s] Level 1:colcon.colcon_core.package_identification:_identify(.) by extension 'ignore'
[0.596s] Level 1:colcon.colcon_core.package_identification:_identify(.) by extension 'ignore_ament_install'
[0.596s] Level 1:colcon.colcon_core.package_identification:_identify(.) by extensions ['colcon_pkg']
[0.596s] Level 1:colcon.colcon_core.package_identification:_identify(.) by extension 'colcon_pkg'
[0.596s] Level 1:colcon.colcon_core.package_identification:_identify(.) by extensions ['colcon_meta']
[0.596s] Level 1:colcon.colcon_core.package_identification:_identify(.) by extension 'colcon_meta'
[0.596s] Level 1:colcon.colcon_core.package_identification:_identify(.) by extensions ['ros']
[0.596s] Level 1:colcon.colcon_core.package_identification:_identify(.) by extension 'ros'
[0.608s] Level 1:colcon.colcon_core.package_identification:_identify(.) by extensions ['cmake', 'python']
[0.608s] Level 1:colcon.colcon_core.package_identification:_identify(.) by extension 'cmake'
[0.608s] Level 1:colcon.colcon_core.package_identification:_identify(.) by extension 'python'
[0.608s] Level 1:colcon.colcon_core.package_identification:_identify(.) by extensions ['python_setup_py']
[0.608s] Level 1:colcon.colcon_core.package_identification:_identify(.) by extension 'python_setup_py'
[0.608s] Level 1:colcon.colcon_core.package_identification:_identify(build) by extensions ['ignore', 'ignore_ament_install']
[0.608s] Level 1:colcon.colcon_core.package_identification:_identify(build) by extension 'ignore'
[0.608s] Level 1:colcon.colcon_core.package_identification:_identify(build) ignored
[0.608s] Level 1:colcon.colcon_core.package_identification:_identify(install) by extensions ['ignore', 'ignore_ament_install']
[0.608s] Level 1:colcon.colcon_core.package_identification:_identify(install) by extension 'ignore'
[0.608s] Level 1:colcon.colcon_core.package_identification:_identify(install) ignored
[0.608s] Level 1:colcon.colcon_core.package_identification:_identify(log) by extensions ['ignore', 'ignore_ament_install']
[0.609s] Level 1:colcon.colcon_core.package_identification:_identify(log) by extension 'ignore'
[0.609s] Level 1:colcon.colcon_core.package_identification:_identify(log) ignored
[0.609s] Level 1:colcon.colcon_core.package_identification:_identify(src) by extensions ['ignore', 'ignore_ament_install']
[0.609s] Level 1:colcon.colcon_core.package_identification:_identify(src) by extension 'ignore'
[0.609s] Level 1:colcon.colcon_core.package_identification:_identify(src) by extension 'ignore_ament_install'
[0.609s] Level 1:colcon.colcon_core.package_identification:_identify(src) by extensions ['colcon_pkg']
[0.609s] Level 1:colcon.colcon_core.package_identification:_identify(src) by extension 'colcon_pkg'
[0.609s] Level 1:colcon.colcon_core.package_identification:_identify(src) by extensions ['colcon_meta']
[0.609s] Level 1:colcon.colcon_core.package_identification:_identify(src) by extension 'colcon_meta'
[0.609s] Level 1:colcon.colcon_core.package_identification:_identify(src) by extensions ['ros']
[0.609s] Level 1:colcon.colcon_core.package_identification:_identify(src) by extension 'ros'
[0.609s] Level 1:colcon.colcon_core.package_identification:_identify(src) by extensions ['cmake', 'python']
[0.609s] Level 1:colcon.colcon_core.package_identification:_identify(src) by extension 'cmake'
[0.609s] Level 1:colcon.colcon_core.package_identification:_identify(src) by extension 'python'
[0.609s] Level 1:colcon.colcon_core.package_identification:_identify(src) by extensions ['python_setup_py']
[0.609s] Level 1:colcon.colcon_core.package_identification:_identify(src) by extension 'python_setup_py'
[0.609s] Level 1:colcon.colcon_core.package_identification:_identify(src/custom_messages) by extensions ['ignore', 'ignore_ament_install']
[0.609s] Level 1:colcon.colcon_core.package_identification:_identify(src/custom_messages) by extension 'ignore'
[0.609s] Level 1:colcon.colcon_core.package_identification:_identify(src/custom_messages) by extension 'ignore_ament_install'
[0.610s] Level 1:colcon.colcon_core.package_identification:_identify(src/custom_messages) by extensions ['colcon_pkg']
[0.610s] Level 1:colcon.colcon_core.package_identification:_identify(src/custom_messages) by extension 'colcon_pkg'
[0.610s] Level 1:colcon.colcon_core.package_identification:_identify(src/custom_messages) by extensions ['colcon_meta']
[0.610s] Level 1:colcon.colcon_core.package_identification:_identify(src/custom_messages) by extension 'colcon_meta'
[0.610s] Level 1:colcon.colcon_core.package_identification:_identify(src/custom_messages) by extensions ['ros']
[0.610s] Level 1:colcon.colcon_core.package_identification:_identify(src/custom_messages) by extension 'ros'
[0.612s] DEBUG:colcon.colcon_core.package_identification:Package 'src/custom_messages' with type 'ros.ament_cmake' and name 'custom_messages'
[0.612s] Level 1:colcon.colcon_core.package_identification:_identify(src/lane_publisher) by extensions ['ignore', 'ignore_ament_install']
[0.612s] Level 1:colcon.colcon_core.package_identification:_identify(src/lane_publisher) by extension 'ignore'
[0.612s] Level 1:colcon.colcon_core.package_identification:_identify(src/lane_publisher) by extension 'ignore_ament_install'
[0.612s] Level 1:colcon.colcon_core.package_identification:_identify(src/lane_publisher) by extensions ['colcon_pkg']
[0.612s] Level 1:colcon.colcon_core.package_identification:_identify(src/lane_publisher) by extension 'colcon_pkg'
[0.612s] Level 1:colcon.colcon_core.package_identification:_identify(src/lane_publisher) by extensions ['colcon_meta']
[0.612s] Level 1:colcon.colcon_core.package_identification:_identify(src/lane_publisher) by extension 'colcon_meta'
[0.612s] Level 1:colcon.colcon_core.package_identification:_identify(src/lane_publisher) by extensions ['ros']
[0.612s] Level 1:colcon.colcon_core.package_identification:_identify(src/lane_publisher) by extension 'ros'
[0.613s] DEBUG:colcon.colcon_core.package_identification:Package 'src/lane_publisher' with type 'ros.ament_python' and name 'lane_publisher'
[0.613s] Level 1:colcon.colcon_core.package_discovery:discover_packages(recursive) using defaults
[0.613s] Level 1:colcon.colcon_core.package_discovery:discover_packages(ignore) discover
[0.613s] Level 1:colcon.colcon_core.package_discovery:discover_packages(ignore) using defaults
[0.613s] Level 1:colcon.colcon_core.package_discovery:discover_packages(path) discover
[0.613s] Level 1:colcon.colcon_core.package_discovery:discover_packages(path) using defaults
[0.635s] Level 1:colcon.colcon_core.package_discovery:discover_packages(prefix_path) check parameters
[0.635s] Level 1:colcon.colcon_core.package_discovery:discover_packages(prefix_path) discover
[0.638s] DEBUG:colcon.colcon_installed_package_information.package_discovery:Found 2 installed packages in /home/stuart/lane_ws/install
[0.639s] DEBUG:colcon.colcon_installed_package_information.package_discovery:Found 270 installed packages in /opt/ros/humble
[0.640s] Level 1:colcon.colcon_core.package_discovery:discover_packages(prefix_path) using defaults
[0.699s] Level 5:colcon.colcon_core.verb:set package 'custom_messages' build argument 'cmake_args' from command line to 'None'
[0.700s] Level 5:colcon.colcon_core.verb:set package 'custom_messages' build argument 'cmake_target' from command line to 'None'
[0.700s] Level 5:colcon.colcon_core.verb:set package 'custom_messages' build argument 'cmake_target_skip_unavailable' from command line to 'False'
[0.700s] Level 5:colcon.colcon_core.verb:set package 'custom_messages' build argument 'cmake_clean_cache' from command line to 'False'
[0.700s] Level 5:colcon.colcon_core.verb:set package 'custom_messages' build argument 'cmake_clean_first' from command line to 'False'
[0.700s] Level 5:colcon.colcon_core.verb:set package 'custom_messages' build argument 'cmake_force_configure' from command line to 'False'
[0.700s] Level 5:colcon.colcon_core.verb:set package 'custom_messages' build argument 'ament_cmake_args' from command line to 'None'
[0.700s] Level 5:colcon.colcon_core.verb:set package 'custom_messages' build argument 'catkin_cmake_args' from command line to 'None'
[0.700s] Level 5:colcon.colcon_core.verb:set package 'custom_messages' build argument 'catkin_skip_building_tests' from command line to 'False'
[0.700s] DEBUG:colcon.colcon_core.verb:Building package 'custom_messages' with the following arguments: {'ament_cmake_args': None, 'build_base': '/home/stuart/lane_ws/build/custom_messages', 'catkin_cmake_args': None, 'catkin_skip_building_tests': False, 'cmake_args': None, 'cmake_clean_cache': False, 'cmake_clean_first': False, 'cmake_force_configure': False, 'cmake_target': None, 'cmake_target_skip_unavailable': False, 'install_base': '/home/stuart/lane_ws/install/custom_messages', 'merge_install': False, 'path': '/home/stuart/lane_ws/src/custom_messages', 'symlink_install': False, 'test_result_base': None}
[0.701s] Level 5:colcon.colcon_core.verb:set package 'lane_publisher' build argument 'cmake_args' from command line to 'None'
[0.701s] Level 5:colcon.colcon_core.verb:set package 'lane_publisher' build argument 'cmake_target' from command line to 'None'
[0.701s] Level 5:colcon.colcon_core.verb:set package 'lane_publisher' build argument 'cmake_target_skip_unavailable' from command line to 'False'
[0.701s] Level 5:colcon.colcon_core.verb:set package 'lane_publisher' build argument 'cmake_clean_cache' from command line to 'False'
[0.701s] Level 5:colcon.colcon_core.verb:set package 'lane_publisher' build argument 'cmake_clean_first' from command line to 'False'
[0.701s] Level 5:colcon.colcon_core.verb:set package 'lane_publisher' build argument 'cmake_force_configure' from command line to 'False'
[0.701s] Level 5:colcon.colcon_core.verb:set package 'lane_publisher' build argument 'ament_cmake_args' from command line to 'None'
[0.701s] Level 5:colcon.colcon_core.verb:set package 'lane_publisher' build argument 'catkin_cmake_args' from command line to 'None'
[0.701s] Level 5:colcon.colcon_core.verb:set package 'lane_publisher' build argument 'catkin_skip_building_tests' from command line to 'False'
[0.701s] DEBUG:colcon.colcon_core.verb:Building package 'lane_publisher' with the following arguments: {'ament_cmake_args': None, 'build_base': '/home/stuart/lane_ws/build/lane_publisher', 'catkin_cmake_args': None, 'catkin_skip_building_tests': False, 'cmake_args': None, 'cmake_clean_cache': False, 'cmake_clean_first': False, 'cmake_force_configure': False, 'cmake_target': None, 'cmake_target_skip_unavailable': False, 'install_base': '/home/stuart/lane_ws/install/lane_publisher', 'merge_install': False, 'path': '/home/stuart/lane_ws/src/lane_publisher', 'symlink_install': False, 'test_result_base': None}
[0.702s] INFO:colcon.colcon_core.executor:Executing jobs using 'parallel' executor
[0.705s] DEBUG:colcon.colcon_parallel_executor.executor.parallel:run_until_complete
[0.705s] INFO:colcon.colcon_ros.task.ament_cmake.build:Building ROS package in '/home/stuart/lane_ws/src/custom_messages' with build type 'ament_cmake'
[0.706s] INFO:colcon.colcon_cmake.task.cmake.build:Building CMake package in '/home/stuart/lane_ws/src/custom_messages'
[0.709s] INFO:colcon.colcon_core.plugin_system:Skipping extension 'colcon_core.shell.bat': Not used on non-Windows systems
[0.710s] INFO:colcon.colcon_core.shell:Skip shell extension 'powershell' for command environment: Not usable outside of PowerShell
[0.710s] DEBUG:colcon.colcon_core.shell:Skip shell extension 'dsv' for command environment
[0.718s] DEBUG:colcon.colcon_core.event_handler.log_command:Invoking command in '/home/stuart/lane_ws/build/custom_messages': CMAKE_PREFIX_PATH=${CMAKE_PREFIX_PATH}:/home/stuart/lane_ws/install/lane_publisher:/opt/ros/humble /usr/bin/cmake --build /home/stuart/lane_ws/build/custom_messages -- -j16 -l16
[0.987s] DEBUG:colcon.colcon_core.event_handler.log_command:Invoked command in '/home/stuart/lane_ws/build/custom_messages' returned '0': CMAKE_PREFIX_PATH=${CMAKE_PREFIX_PATH}:/home/stuart/lane_ws/install/lane_publisher:/opt/ros/humble /usr/bin/cmake --build /home/stuart/lane_ws/build/custom_messages -- -j16 -l16
[1.079s] DEBUG:colcon.colcon_core.event_handler.log_command:Invoking command in '/home/stuart/lane_ws/build/custom_messages': CMAKE_PREFIX_PATH=${CMAKE_PREFIX_PATH}:/home/stuart/lane_ws/install/lane_publisher:/opt/ros/humble /usr/bin/cmake --install /home/stuart/lane_ws/build/custom_messages
[1.130s] Level 1:colcon.colcon_core.environment:create_environment_scripts_only(custom_messages)
[1.132s] DEBUG:colcon.colcon_core.event_handler.log_command:Invoked command in '/home/stuart/lane_ws/build/custom_messages' returned '0': CMAKE_PREFIX_PATH=${CMAKE_PREFIX_PATH}:/home/stuart/lane_ws/install/lane_publisher:/opt/ros/humble /usr/bin/cmake --install /home/stuart/lane_ws/build/custom_messages
[1.136s] Level 1:colcon.colcon_core.environment:checking '/home/stuart/lane_ws/install/custom_messages' for CMake module files
[1.137s] Level 1:colcon.colcon_core.environment:checking '/home/stuart/lane_ws/install/custom_messages' for CMake config files
[1.138s] Level 1:colcon.colcon_core.shell:create_environment_hook('custom_messages', 'cmake_prefix_path')
[1.139s] INFO:colcon.colcon_core.shell:Creating environment hook '/home/stuart/lane_ws/install/custom_messages/share/custom_messages/hook/cmake_prefix_path.ps1'
[1.139s] INFO:colcon.colcon_core.shell:Creating environment descriptor '/home/stuart/lane_ws/install/custom_messages/share/custom_messages/hook/cmake_prefix_path.dsv'
[1.140s] INFO:colcon.colcon_core.shell:Creating environment hook '/home/stuart/lane_ws/install/custom_messages/share/custom_messages/hook/cmake_prefix_path.sh'
[1.141s] Level 1:colcon.colcon_core.environment:checking '/home/stuart/lane_ws/install/custom_messages/lib'
[1.141s] Level 1:colcon.colcon_core.shell:create_environment_hook('custom_messages', 'ld_library_path_lib')
[1.142s] INFO:colcon.colcon_core.shell:Creating environment hook '/home/stuart/lane_ws/install/custom_messages/share/custom_messages/hook/ld_library_path_lib.ps1'
[1.143s] INFO:colcon.colcon_core.shell:Creating environment descriptor '/home/stuart/lane_ws/install/custom_messages/share/custom_messages/hook/ld_library_path_lib.dsv'
[1.143s] INFO:colcon.colcon_core.shell:Creating environment hook '/home/stuart/lane_ws/install/custom_messages/share/custom_messages/hook/ld_library_path_lib.sh'
[1.143s] Level 1:colcon.colcon_core.environment:checking '/home/stuart/lane_ws/install/custom_messages/bin'
[1.143s] Level 1:colcon.colcon_core.environment:checking '/home/stuart/lane_ws/install/custom_messages/lib/pkgconfig/custom_messages.pc'
[1.144s] Level 1:colcon.colcon_core.environment:checking '/home/stuart/lane_ws/install/custom_messages/lib/python3.10/site-packages'
[1.144s] Level 1:colcon.colcon_core.environment:checking '/home/stuart/lane_ws/install/custom_messages/bin'
[1.145s] INFO:colcon.colcon_core.shell:Creating package script '/home/stuart/lane_ws/install/custom_messages/share/custom_messages/package.ps1'
[1.146s] INFO:colcon.colcon_core.shell:Creating package descriptor '/home/stuart/lane_ws/install/custom_messages/share/custom_messages/package.dsv'
[1.146s] INFO:colcon.colcon_core.shell:Creating package script '/home/stuart/lane_ws/install/custom_messages/share/custom_messages/package.sh'
[1.147s] INFO:colcon.colcon_core.shell:Creating package script '/home/stuart/lane_ws/install/custom_messages/share/custom_messages/package.bash'
[1.148s] INFO:colcon.colcon_core.shell:Creating package script '/home/stuart/lane_ws/install/custom_messages/share/custom_messages/package.zsh'
[1.148s] Level 1:colcon.colcon_core.environment:create_file_with_runtime_dependencies(/home/stuart/lane_ws/install/custom_messages/share/colcon-core/packages/custom_messages)
[1.234s] Level 1:colcon.colcon_core.environment:create_environment_scripts_only(custom_messages)
[1.236s] Level 1:colcon.colcon_core.environment:checking '/home/stuart/lane_ws/install/custom_messages' for CMake module files
[1.236s] Level 1:colcon.colcon_core.environment:checking '/home/stuart/lane_ws/install/custom_messages' for CMake config files
[1.237s] Level 1:colcon.colcon_core.shell:create_environment_hook('custom_messages', 'cmake_prefix_path')
[1.238s] INFO:colcon.colcon_core.shell:Creating environment hook '/home/stuart/lane_ws/install/custom_messages/share/custom_messages/hook/cmake_prefix_path.ps1'
[1.238s] INFO:colcon.colcon_core.shell:Creating environment descriptor '/home/stuart/lane_ws/install/custom_messages/share/custom_messages/hook/cmake_prefix_path.dsv'
[1.239s] INFO:colcon.colcon_core.shell:Creating environment hook '/home/stuart/lane_ws/install/custom_messages/share/custom_messages/hook/cmake_prefix_path.sh'
[1.239s] Level 1:colcon.colcon_core.environment:checking '/home/stuart/lane_ws/install/custom_messages/lib'
[1.239s] Level 1:colcon.colcon_core.shell:create_environment_hook('custom_messages', 'ld_library_path_lib')
[1.241s] INFO:colcon.colcon_core.shell:Creating environment hook '/home/stuart/lane_ws/install/custom_messages/share/custom_messages/hook/ld_library_path_lib.ps1'
[1.241s] INFO:colcon.colcon_core.shell:Creating environment descriptor '/home/stuart/lane_ws/install/custom_messages/share/custom_messages/hook/ld_library_path_lib.dsv'
[1.241s] INFO:colcon.colcon_core.shell:Creating environment hook '/home/stuart/lane_ws/install/custom_messages/share/custom_messages/hook/ld_library_path_lib.sh'
[1.242s] Level 1:colcon.colcon_core.environment:checking '/home/stuart/lane_ws/install/custom_messages/bin'
[1.242s] Level 1:colcon.colcon_core.environment:checking '/home/stuart/lane_ws/install/custom_messages/lib/pkgconfig/custom_messages.pc'
[1.242s] Level 1:colcon.colcon_core.environment:checking '/home/stuart/lane_ws/install/custom_messages/lib/python3.10/site-packages'
[1.242s] Level 1:colcon.colcon_core.environment:checking '/home/stuart/lane_ws/install/custom_messages/bin'
[1.243s] INFO:colcon.colcon_core.shell:Creating package script '/home/stuart/lane_ws/install/custom_messages/share/custom_messages/package.ps1'
[1.244s] INFO:colcon.colcon_core.shell:Creating package descriptor '/home/stuart/lane_ws/install/custom_messages/share/custom_messages/package.dsv'
[1.244s] INFO:colcon.colcon_core.shell:Creating package script '/home/stuart/lane_ws/install/custom_messages/share/custom_messages/package.sh'
[1.245s] INFO:colcon.colcon_core.shell:Creating package script '/home/stuart/lane_ws/install/custom_messages/share/custom_messages/package.bash'
[1.245s] INFO:colcon.colcon_core.shell:Creating package script '/home/stuart/lane_ws/install/custom_messages/share/custom_messages/package.zsh'
[1.245s] Level 1:colcon.colcon_core.environment:create_file_with_runtime_dependencies(/home/stuart/lane_ws/install/custom_messages/share/colcon-core/packages/custom_messages)
[1.246s] INFO:colcon.colcon_ros.task.ament_python.build:Building ROS package in '/home/stuart/lane_ws/src/lane_publisher' with build type 'ament_python'
[1.246s] Level 1:colcon.colcon_core.shell:create_environment_hook('lane_publisher', 'ament_prefix_path')
[1.247s] INFO:colcon.colcon_core.shell:Creating environment hook '/home/stuart/lane_ws/install/lane_publisher/share/lane_publisher/hook/ament_prefix_path.ps1'
[1.248s] INFO:colcon.colcon_core.shell:Creating environment descriptor '/home/stuart/lane_ws/install/lane_publisher/share/lane_publisher/hook/ament_prefix_path.dsv'
[1.248s] INFO:colcon.colcon_core.shell:Creating environment hook '/home/stuart/lane_ws/install/lane_publisher/share/lane_publisher/hook/ament_prefix_path.sh'
[1.250s] INFO:colcon.colcon_core.shell:Skip shell extension 'powershell' for command environment: Not usable outside of PowerShell
[1.250s] DEBUG:colcon.colcon_core.shell:Skip shell extension 'dsv' for command environment
[1.718s] INFO:colcon.colcon_core.task.python.build:Building Python package in '/home/stuart/lane_ws/src/lane_publisher'
[1.719s] INFO:colcon.colcon_core.shell:Skip shell extension 'powershell' for command environment: Not usable outside of PowerShell
[1.719s] DEBUG:colcon.colcon_core.shell:Skip shell extension 'dsv' for command environment
[2.266s] DEBUG:colcon.colcon_core.event_handler.log_command:Invoking command in '/home/stuart/lane_ws/src/lane_publisher': PYTHONPATH=/home/stuart/lane_ws/build/lane_publisher/prefix_override:/home/stuart/lane_ws/install/lane_publisher/lib/python3.10/site-packages:${PYTHONPATH} /usr/bin/python3 setup.py egg_info --egg-base ../../build/lane_publisher build --build-base /home/stuart/lane_ws/build/lane_publisher/build install --record /home/stuart/lane_ws/build/lane_publisher/install.log --single-version-externally-managed
[2.507s] Level 1:colcon.colcon_core.environment:checking '/home/stuart/lane_ws/install/lane_publisher' for CMake module files
[2.508s] DEBUG:colcon.colcon_core.event_handler.log_command:Invoked command in '/home/stuart/lane_ws/src/lane_publisher' returned '0': PYTHONPATH=/home/stuart/lane_ws/build/lane_publisher/prefix_override:/home/stuart/lane_ws/install/lane_publisher/lib/python3.10/site-packages:${PYTHONPATH} /usr/bin/python3 setup.py egg_info --egg-base ../../build/lane_publisher build --build-base /home/stuart/lane_ws/build/lane_publisher/build install --record /home/stuart/lane_ws/build/lane_publisher/install.log --single-version-externally-managed
[2.508s] Level 1:colcon.colcon_core.environment:checking '/home/stuart/lane_ws/install/lane_publisher' for CMake config files
[2.509s] Level 1:colcon.colcon_core.environment:checking '/home/stuart/lane_ws/install/lane_publisher/lib'
[2.509s] Level 1:colcon.colcon_core.environment:checking '/home/stuart/lane_ws/install/lane_publisher/bin'
[2.509s] Level 1:colcon.colcon_core.environment:checking '/home/stuart/lane_ws/install/lane_publisher/lib/pkgconfig/lane_publisher.pc'
[2.509s] Level 1:colcon.colcon_core.environment:checking '/home/stuart/lane_ws/install/lane_publisher/lib/python3.10/site-packages'
[2.509s] Level 1:colcon.colcon_core.shell:create_environment_hook('lane_publisher', 'pythonpath')
[2.510s] INFO:colcon.colcon_core.shell:Creating environment hook '/home/stuart/lane_ws/install/lane_publisher/share/lane_publisher/hook/pythonpath.ps1'
[2.511s] INFO:colcon.colcon_core.shell:Creating environment descriptor '/home/stuart/lane_ws/install/lane_publisher/share/lane_publisher/hook/pythonpath.dsv'
[2.511s] INFO:colcon.colcon_core.shell:Creating environment hook '/home/stuart/lane_ws/install/lane_publisher/share/lane_publisher/hook/pythonpath.sh'
[2.512s] Level 1:colcon.colcon_core.environment:checking '/home/stuart/lane_ws/install/lane_publisher/bin'
[2.512s] Level 1:colcon.colcon_core.environment:create_environment_scripts_only(lane_publisher)
[2.513s] INFO:colcon.colcon_core.shell:Creating package script '/home/stuart/lane_ws/install/lane_publisher/share/lane_publisher/package.ps1'
[2.513s] INFO:colcon.colcon_core.shell:Creating package descriptor '/home/stuart/lane_ws/install/lane_publisher/share/lane_publisher/package.dsv'
[2.514s] INFO:colcon.colcon_core.shell:Creating package script '/home/stuart/lane_ws/install/lane_publisher/share/lane_publisher/package.sh'
[2.514s] INFO:colcon.colcon_core.shell:Creating package script '/home/stuart/lane_ws/install/lane_publisher/share/lane_publisher/package.bash'
[2.514s] INFO:colcon.colcon_core.shell:Creating package script '/home/stuart/lane_ws/install/lane_publisher/share/lane_publisher/package.zsh'
[2.515s] Level 1:colcon.colcon_core.environment:create_file_with_runtime_dependencies(/home/stuart/lane_ws/install/lane_publisher/share/colcon-core/packages/lane_publisher)
[2.515s] DEBUG:colcon.colcon_parallel_executor.executor.parallel:closing loop
[2.515s] DEBUG:colcon.colcon_parallel_executor.executor.parallel:loop closed
[2.516s] DEBUG:colcon.colcon_parallel_executor.executor.parallel:run_until_complete finished with '0'
[2.516s] DEBUG:colcon.colcon_core.event_reactor:joining thread
[2.667s] INFO:colcon.colcon_core.plugin_system:Skipping extension 'colcon_notification.desktop_notification.notify_send': Could not find 'notify-send'
[2.667s] INFO:colcon.colcon_core.plugin_system:Skipping extension 'colcon_notification.desktop_notification.terminal_notifier': Not used on non-Darwin systems
[2.667s] INFO:colcon.colcon_core.plugin_system:Skipping extension 'colcon_notification.desktop_notification.win32': Not used on non-Windows systems
[2.667s] INFO:colcon.colcon_notification.desktop_notification:Sending desktop notification using 'notify2'
[2.667s] DEBUG:colcon.colcon_notification.desktop_notification.notify2:Failed to initialize notify2: org.freedesktop.DBus.Error.FileNotFound: Failed to connect to socket /run/user/1000/bus: No such file or directory
[2.668s] DEBUG:colcon.colcon_core.event_reactor:joined thread
[2.669s] INFO:colcon.colcon_core.shell:Creating prefix script '/home/stuart/lane_ws/install/local_setup.ps1'
[2.670s] INFO:colcon.colcon_core.shell:Creating prefix util module '/home/stuart/lane_ws/install/_local_setup_util_ps1.py'
[2.671s] INFO:colcon.colcon_core.shell:Creating prefix chain script '/home/stuart/lane_ws/install/setup.ps1'
[2.673s] INFO:colcon.colcon_core.shell:Creating prefix script '/home/stuart/lane_ws/install/local_setup.sh'
[2.673s] INFO:colcon.colcon_core.shell:Creating prefix util module '/home/stuart/lane_ws/install/_local_setup_util_sh.py'
[2.674s] INFO:colcon.colcon_core.shell:Creating prefix chain script '/home/stuart/lane_ws/install/setup.sh'
[2.675s] INFO:colcon.colcon_core.shell:Creating prefix script '/home/stuart/lane_ws/install/local_setup.bash'
[2.675s] INFO:colcon.colcon_core.shell:Creating prefix chain script '/home/stuart/lane_ws/install/setup.bash'
[2.677s] INFO:colcon.colcon_core.shell:Creating prefix script '/home/stuart/lane_ws/install/local_setup.zsh'
[2.677s] INFO:colcon.colcon_core.shell:Creating prefix chain script '/home/stuart/lane_ws/install/setup.zsh'
