[1.050s] Invoking command in '/home/stuart/lane_ws/src/lane_publisher': PYTHONPATH=/home/stuart/lane_ws/build/lane_publisher/prefix_override:/home/stuart/lane_ws/install/lane_publisher/lib/python3.10/site-packages:${PYTHONPATH} /usr/bin/python3 setup.py egg_info --egg-base ../../build/lane_publisher build --build-base /home/stuart/lane_ws/build/lane_publisher/build install --record /home/stuart/lane_ws/build/lane_publisher/install.log --single-version-externally-managed
[1.243s] running egg_info
[1.244s] writing ../../build/lane_publisher/lane_publisher.egg-info/PKG-INFO
[1.244s] writing dependency_links to ../../build/lane_publisher/lane_publisher.egg-info/dependency_links.txt
[1.244s] writing entry points to ../../build/lane_publisher/lane_publisher.egg-info/entry_points.txt
[1.244s] writing requirements to ../../build/lane_publisher/lane_publisher.egg-info/requires.txt
[1.245s] writing top-level names to ../../build/lane_publisher/lane_publisher.egg-info/top_level.txt
[1.246s] reading manifest file '../../build/lane_publisher/lane_publisher.egg-info/SOURCES.txt'
[1.247s] writing manifest file '../../build/lane_publisher/lane_publisher.egg-info/SOURCES.txt'
[1.247s] running build
[1.247s] running build_py
[1.247s] /usr/lib/python3/dist-packages/setuptools/command/install.py:34: SetuptoolsDeprecationWarning: setup.py install is deprecated. Use build and pip and other standards-based tools.
[1.247s]   warnings.warn(
[1.247s] running install
[1.247s] running install_lib
[1.248s] running install_data
[1.249s] running install_egg_info
[1.250s] removing '/home/stuart/lane_ws/install/lane_publisher/lib/python3.10/site-packages/lane_publisher-0.0.0-py3.10.egg-info' (and everything under it)
[1.250s] Copying ../../build/lane_publisher/lane_publisher.egg-info to /home/stuart/lane_ws/install/lane_publisher/lib/python3.10/site-packages/lane_publisher-0.0.0-py3.10.egg-info
[1.251s] running install_scripts
[1.269s] Installing lane_pub script to /home/stuart/lane_ws/install/lane_publisher/lib/lane_publisher
[1.269s] writing list of installed files to '/home/stuart/lane_ws/build/lane_publisher/install.log'
[1.290s] Invoked command in '/home/stuart/lane_ws/src/lane_publisher' returned '0': PYTHONPATH=/home/stuart/lane_ws/build/lane_publisher/prefix_override:/home/stuart/lane_ws/install/lane_publisher/lib/python3.10/site-packages:${PYTHONPATH} /usr/bin/python3 setup.py egg_info --egg-base ../../build/lane_publisher build --build-base /home/stuart/lane_ws/build/lane_publisher/build install --record /home/stuart/lane_ws/build/lane_publisher/install.log --single-version-externally-managed
