[1.035s] Invoking command in '/home/stuart/lane_ws/src/lane_publisher': AMENT_PREFIX_PATH=/home/stuart/lane_ws/install/custom_messages:${AMENT_PREFIX_PATH} CMAKE_PREFIX_PATH=/home/stuart/lane_ws/install/custom_messages LD_LIBRARY_PATH=/home/stuart/lane_ws/install/custom_messages/lib:${LD_LIBRARY_PATH} PYTHONPATH=/home/stuart/lane_ws/build/lane_publisher/prefix_override:/home/stuart/lane_ws/install/lane_publisher/lib/python3.10/site-packages:/home/stuart/lane_ws/install/custom_messages/local/lib/python3.10/dist-packages:${PYTHONPATH} /usr/bin/python3 setup.py egg_info --egg-base ../../build/lane_publisher build --build-base /home/stuart/lane_ws/build/lane_publisher/build install --record /home/stuart/lane_ws/build/lane_publisher/install.log --single-version-externally-managed
[1.210s] running egg_info
[1.210s] writing ../../build/lane_publisher/lane_publisher.egg-info/PKG-INFO
[1.211s] writing dependency_links to ../../build/lane_publisher/lane_publisher.egg-info/dependency_links.txt
[1.211s] writing entry points to ../../build/lane_publisher/lane_publisher.egg-info/entry_points.txt
[1.211s] writing requirements to ../../build/lane_publisher/lane_publisher.egg-info/requires.txt
[1.211s] writing top-level names to ../../build/lane_publisher/lane_publisher.egg-info/top_level.txt
[1.212s] reading manifest file '../../build/lane_publisher/lane_publisher.egg-info/SOURCES.txt'
[1.213s] writing manifest file '../../build/lane_publisher/lane_publisher.egg-info/SOURCES.txt'
[1.213s] running build
[1.213s] running build_py
[1.213s] copying lane_publisher/publish.py -> /home/stuart/lane_ws/build/lane_publisher/build/lib/lane_publisher
[1.213s] running install
[1.214s] /usr/lib/python3/dist-packages/setuptools/command/install.py:34: SetuptoolsDeprecationWarning: setup.py install is deprecated. Use build and pip and other standards-based tools.
[1.214s]   warnings.warn(
[1.214s] running install_lib
[1.214s] copying /home/stuart/lane_ws/build/lane_publisher/build/lib/lane_publisher/publish.py -> /home/stuart/lane_ws/install/lane_publisher/lib/python3.10/site-packages/lane_publisher
[1.214s] byte-compiling /home/stuart/lane_ws/install/lane_publisher/lib/python3.10/site-packages/lane_publisher/publish.py to publish.cpython-310.pyc
[1.215s] running install_data
[1.215s] copying package.xml -> /home/stuart/lane_ws/install/lane_publisher/share/lane_publisher
[1.215s] running install_egg_info
[1.216s] removing '/home/stuart/lane_ws/install/lane_publisher/lib/python3.10/site-packages/lane_publisher-0.0.0-py3.10.egg-info' (and everything under it)
[1.217s] Copying ../../build/lane_publisher/lane_publisher.egg-info to /home/stuart/lane_ws/install/lane_publisher/lib/python3.10/site-packages/lane_publisher-0.0.0-py3.10.egg-info
[1.217s] running install_scripts
[1.233s] Installing lane_pub script to /home/stuart/lane_ws/install/lane_publisher/lib/lane_publisher
[1.233s] writing list of installed files to '/home/stuart/lane_ws/build/lane_publisher/install.log'
[1.252s] Invoked command in '/home/stuart/lane_ws/src/lane_publisher' returned '0': AMENT_PREFIX_PATH=/home/stuart/lane_ws/install/custom_messages:${AMENT_PREFIX_PATH} CMAKE_PREFIX_PATH=/home/stuart/lane_ws/install/custom_messages LD_LIBRARY_PATH=/home/stuart/lane_ws/install/custom_messages/lib:${LD_LIBRARY_PATH} PYTHONPATH=/home/stuart/lane_ws/build/lane_publisher/prefix_override:/home/stuart/lane_ws/install/lane_publisher/lib/python3.10/site-packages:/home/stuart/lane_ws/install/custom_messages/local/lib/python3.10/dist-packages:${PYTHONPATH} /usr/bin/python3 setup.py egg_info --egg-base ../../build/lane_publisher build --build-base /home/stuart/lane_ws/build/lane_publisher/build install --record /home/stuart/lane_ws/build/lane_publisher/install.log --single-version-externally-managed
