[0.011s] Invoking command in '/home/stuart/lane_ws/build/custom_messages': CMAKE_PREFIX_PATH=${CMAKE_PREFIX_PATH}:/home/stuart/lane_ws/install/lane_publisher:/opt/ros/humble /usr/bin/cmake --build /home/stuart/lane_ws/build/custom_messages -- -j16 -l16
[0.029s] -- Found ament_cmake: 1.3.5 (/opt/ros/humble/share/ament_cmake/cmake)
[0.159s] -- Found ament_lint_auto: 0.12.7 (/opt/ros/humble/share/ament_lint_auto/cmake)
[0.220s] -- Found rosidl_default_generators: 1.2.0 (/opt/ros/humble/share/rosidl_default_generators/cmake)
[0.222s] -- Using all available rosidl_typesupport_c: rosidl_typesupport_fastrtps_c;rosidl_typesupport_introspection_c
[0.225s] -- Found rosidl_adapter: 3.1.5 (/opt/ros/humble/share/rosidl_adapter/cmake)
[0.911s] -- Using all available rosidl_typesupport_cpp: rosidl_typesupport_fastrtps_cpp;rosidl_typesupport_introspection_cpp
[1.117s] -- Found ament_cmake_ros: 0.10.0 (/opt/ros/humble/share/ament_cmake_ros/cmake)
[1.280s] -- Using all available rosidl_typesupport_c: rosidl_typesupport_fastrtps_c;rosidl_typesupport_introspection_c
[1.496s] -- Using all available rosidl_typesupport_cpp: rosidl_typesupport_fastrtps_cpp;rosidl_typesupport_introspection_cpp
[1.516s] -- Found python_cmake_module: 0.10.0 (/opt/ros/humble/share/python_cmake_module/cmake)
[1.538s] -- Using PYTHON_EXECUTABLE: /usr/bin/python3
[1.538s] -- Using PYTHON_INCLUDE_DIRS: /usr/include/python3.10
[1.538s] -- Using PYTHON_LIBRARIES: /usr/lib/x86_64-linux-gnu/libpython3.10.so
[1.551s] -- Added test 'lint_cmake' to check CMake code style
[1.552s] -- Added test 'xmllint' to check XML markup files
[1.555s] -- Configuring done
[1.581s] -- Generating done
[1.583s] -- Build files have been written to: /home/stuart/lane_ws/build/custom_messages
[1.600s] [  1%] [34m[1mGenerating C code for ROS interfaces[0m
[1.607s] [  3%] [34m[1mGenerating C++ code for ROS interfaces[0m
[1.614s] [  3%] Built target ament_cmake_python_copy_custom_messages
[1.783s] running egg_info
[1.784s] writing custom_messages.egg-info/PKG-INFO
[1.784s] writing dependency_links to custom_messages.egg-info/dependency_links.txt
[1.784s] writing top-level names to custom_messages.egg-info/top_level.txt
[1.786s] reading manifest file 'custom_messages.egg-info/SOURCES.txt'
[1.786s] writing manifest file 'custom_messages.egg-info/SOURCES.txt'
[1.806s] [  3%] Built target ament_cmake_python_build_custom_messages_egg
[1.953s] [  3%] Built target custom_messages__cpp
[1.962s] [  4%] [34m[1mGenerating C++ type support for eProsima Fast-RTPS[0m
[1.962s] [  6%] [34m[1mGenerating C++ introspection for ROS interfaces[0m
[1.962s] [  7%] [34m[1mGenerating C++ type support dispatch for ROS interfaces[0m
[1.975s] [35m[1mConsolidate compiler generated dependencies of target custom_messages__rosidl_generator_c[0m
[1.983s] [ 12%] [32mBuilding C object CMakeFiles/custom_messages__rosidl_generator_c.dir/rosidl_generator_c/custom_messages/msg/detail/parent_message__functions.c.o[0m
[1.983s] [ 12%] [32mBuilding C object CMakeFiles/custom_messages__rosidl_generator_c.dir/rosidl_generator_c/custom_messages/msg/detail/laneid__functions.c.o[0m
[1.984s] [ 12%] [32mBuilding C object CMakeFiles/custom_messages__rosidl_generator_c.dir/rosidl_generator_c/custom_messages/msg/detail/lanetype__functions.c.o[0m
[1.984s] [ 14%] [32mBuilding C object CMakeFiles/custom_messages__rosidl_generator_c.dir/rosidl_generator_c/custom_messages/msg/detail/lanemarkings__functions.c.o[0m
[1.984s] [ 15%] [32mBuilding C object CMakeFiles/custom_messages__rosidl_generator_c.dir/rosidl_generator_c/custom_messages/msg/detail/all_lanes__functions.c.o[0m
[2.018s] [ 17%] [32m[1mLinking C shared library libcustom_messages__rosidl_generator_c.so[0m
[2.229s] [35m[1mConsolidate compiler generated dependencies of target custom_messages__rosidl_typesupport_cpp[0m
[2.240s] [ 19%] [32mBuilding CXX object CMakeFiles/custom_messages__rosidl_typesupport_cpp.dir/rosidl_typesupport_cpp/custom_messages/msg/parent_message__type_support.cpp.o[0m
[2.241s] [ 20%] [32mBuilding CXX object CMakeFiles/custom_messages__rosidl_typesupport_cpp.dir/rosidl_typesupport_cpp/custom_messages/msg/lanetype__type_support.cpp.o[0m
[2.241s] [ 22%] [32mBuilding CXX object CMakeFiles/custom_messages__rosidl_typesupport_cpp.dir/rosidl_typesupport_cpp/custom_messages/msg/all_lanes__type_support.cpp.o[0m
[2.241s] [ 23%] [32mBuilding CXX object CMakeFiles/custom_messages__rosidl_typesupport_cpp.dir/rosidl_typesupport_cpp/custom_messages/msg/lanemarkings__type_support.cpp.o[0m
[2.242s] [ 25%] [32mBuilding CXX object CMakeFiles/custom_messages__rosidl_typesupport_cpp.dir/rosidl_typesupport_cpp/custom_messages/msg/laneid__type_support.cpp.o[0m
[2.260s] [ 25%] Built target custom_messages__rosidl_generator_c
[2.269s] [ 26%] [34m[1mGenerating C introspection for ROS interfaces[0m
[2.269s] [ 28%] [34m[1mGenerating C type support dispatch for ROS interfaces[0m
[2.270s] [ 30%] [34m[1mGenerating C type support for eProsima Fast-RTPS[0m
[2.285s] [35m[1mConsolidate compiler generated dependencies of target custom_messages__rosidl_typesupport_introspection_cpp[0m
[2.300s] [ 36%] [32mBuilding CXX object CMakeFiles/custom_messages__rosidl_typesupport_introspection_cpp.dir/rosidl_typesupport_introspection_cpp/custom_messages/msg/detail/parent_message__type_support.cpp.o[0m
[2.301s] [ 36%] [32mBuilding CXX object CMakeFiles/custom_messages__rosidl_typesupport_introspection_cpp.dir/rosidl_typesupport_introspection_cpp/custom_messages/msg/detail/laneid__type_support.cpp.o[0m
[2.301s] [ 36%] [32mBuilding CXX object CMakeFiles/custom_messages__rosidl_typesupport_introspection_cpp.dir/rosidl_typesupport_introspection_cpp/custom_messages/msg/detail/lanetype__type_support.cpp.o[0m
[2.301s] [ 36%] [32mBuilding CXX object CMakeFiles/custom_messages__rosidl_typesupport_introspection_cpp.dir/rosidl_typesupport_introspection_cpp/custom_messages/msg/detail/lanemarkings__type_support.cpp.o[0m
[2.301s] [ 38%] [32mBuilding CXX object CMakeFiles/custom_messages__rosidl_typesupport_introspection_cpp.dir/rosidl_typesupport_introspection_cpp/custom_messages/msg/detail/all_lanes__type_support.cpp.o[0m
[2.415s] [35m[1mConsolidate compiler generated dependencies of target custom_messages__rosidl_typesupport_fastrtps_cpp[0m
[2.434s] [ 42%] [32mBuilding CXX object CMakeFiles/custom_messages__rosidl_typesupport_fastrtps_cpp.dir/rosidl_typesupport_fastrtps_cpp/custom_messages/msg/detail/dds_fastrtps/parent_message__type_support.cpp.o[0m
[2.434s] [ 42%] [32mBuilding CXX object CMakeFiles/custom_messages__rosidl_typesupport_fastrtps_cpp.dir/rosidl_typesupport_fastrtps_cpp/custom_messages/msg/detail/dds_fastrtps/lanetype__type_support.cpp.o[0m
[2.435s] [ 42%] [32mBuilding CXX object CMakeFiles/custom_messages__rosidl_typesupport_fastrtps_cpp.dir/rosidl_typesupport_fastrtps_cpp/custom_messages/msg/detail/dds_fastrtps/laneid__type_support.cpp.o[0m
[2.586s] [ 44%] [32mBuilding CXX object CMakeFiles/custom_messages__rosidl_typesupport_fastrtps_cpp.dir/rosidl_typesupport_fastrtps_cpp/custom_messages/msg/detail/dds_fastrtps/lanemarkings__type_support.cpp.o[0m
[2.598s] [ 46%] [32mBuilding CXX object CMakeFiles/custom_messages__rosidl_typesupport_fastrtps_cpp.dir/rosidl_typesupport_fastrtps_cpp/custom_messages/msg/detail/dds_fastrtps/all_lanes__type_support.cpp.o[0m
[2.606s] [ 47%] [32m[1mLinking CXX shared library libcustom_messages__rosidl_typesupport_cpp.so[0m
[2.807s] [35m[1mConsolidate compiler generated dependencies of target custom_messages__rosidl_typesupport_c[0m
[2.822s] [ 49%] [32mBuilding CXX object CMakeFiles/custom_messages__rosidl_typesupport_c.dir/rosidl_typesupport_c/custom_messages/msg/lanetype__type_support.cpp.o[0m
[2.822s] [ 50%] [32mBuilding CXX object CMakeFiles/custom_messages__rosidl_typesupport_c.dir/rosidl_typesupport_c/custom_messages/msg/parent_message__type_support.cpp.o[0m
[2.827s] [ 52%] [32mBuilding CXX object CMakeFiles/custom_messages__rosidl_typesupport_c.dir/rosidl_typesupport_c/custom_messages/msg/laneid__type_support.cpp.o[0m
[2.855s] [ 53%] [32mBuilding CXX object CMakeFiles/custom_messages__rosidl_typesupport_c.dir/rosidl_typesupport_c/custom_messages/msg/all_lanes__type_support.cpp.o[0m
[2.855s] [ 55%] [32mBuilding CXX object CMakeFiles/custom_messages__rosidl_typesupport_c.dir/rosidl_typesupport_c/custom_messages/msg/lanemarkings__type_support.cpp.o[0m
[2.890s] [ 57%] [32m[1mLinking CXX shared library libcustom_messages__rosidl_typesupport_c.so[0m
[2.901s] [ 58%] [32m[1mLinking CXX shared library libcustom_messages__rosidl_typesupport_introspection_cpp.so[0m
[2.909s] [35m[1mConsolidate compiler generated dependencies of target custom_messages__rosidl_typesupport_introspection_c[0m
[2.917s] [35m[1mConsolidate compiler generated dependencies of target custom_messages__rosidl_typesupport_fastrtps_c[0m
[2.922s] [ 61%] [32mBuilding C object CMakeFiles/custom_messages__rosidl_typesupport_introspection_c.dir/rosidl_typesupport_introspection_c/custom_messages/msg/detail/lanemarkings__type_support.c.o[0m
[2.922s] [ 61%] [32mBuilding C object CMakeFiles/custom_messages__rosidl_typesupport_introspection_c.dir/rosidl_typesupport_introspection_c/custom_messages/msg/detail/parent_message__type_support.c.o[0m
[2.922s] [ 65%] [32mBuilding C object CMakeFiles/custom_messages__rosidl_typesupport_introspection_c.dir/rosidl_typesupport_introspection_c/custom_messages/msg/detail/laneid__type_support.c.o[0m
[2.922s] [ 65%] [32mBuilding C object CMakeFiles/custom_messages__rosidl_typesupport_introspection_c.dir/rosidl_typesupport_introspection_c/custom_messages/msg/detail/lanetype__type_support.c.o[0m
[2.924s] [ 66%] [32mBuilding C object CMakeFiles/custom_messages__rosidl_typesupport_introspection_c.dir/rosidl_typesupport_introspection_c/custom_messages/msg/detail/all_lanes__type_support.c.o[0m
[2.936s] [ 71%] [32mBuilding CXX object CMakeFiles/custom_messages__rosidl_typesupport_fastrtps_c.dir/rosidl_typesupport_fastrtps_c/custom_messages/msg/detail/laneid__type_support_c.cpp.o[0m
[2.936s] [ 71%] [32mBuilding CXX object CMakeFiles/custom_messages__rosidl_typesupport_fastrtps_c.dir/rosidl_typesupport_fastrtps_c/custom_messages/msg/detail/parent_message__type_support_c.cpp.o[0m
[2.936s] [ 71%] [32mBuilding CXX object CMakeFiles/custom_messages__rosidl_typesupport_fastrtps_c.dir/rosidl_typesupport_fastrtps_c/custom_messages/msg/detail/lanetype__type_support_c.cpp.o[0m
[2.960s] [ 73%] [32mBuilding CXX object CMakeFiles/custom_messages__rosidl_typesupport_fastrtps_c.dir/rosidl_typesupport_fastrtps_c/custom_messages/msg/detail/lanemarkings__type_support_c.cpp.o[0m
[2.961s] [ 74%] [32mBuilding CXX object CMakeFiles/custom_messages__rosidl_typesupport_fastrtps_c.dir/rosidl_typesupport_fastrtps_c/custom_messages/msg/detail/all_lanes__type_support_c.cpp.o[0m
[2.967s] [ 76%] [32m[1mLinking C shared library libcustom_messages__rosidl_typesupport_introspection_c.so[0m
[2.982s] [ 76%] Built target custom_messages__rosidl_typesupport_cpp
[3.179s] [ 76%] Built target custom_messages__rosidl_typesupport_c
[3.206s] [ 77%] [32m[1mLinking CXX shared library libcustom_messages__rosidl_typesupport_fastrtps_cpp.so[0m
[3.257s] [ 77%] Built target custom_messages__rosidl_typesupport_introspection_cpp
[3.288s] [ 77%] Built target custom_messages__rosidl_typesupport_introspection_c
[3.367s] [ 79%] [32m[1mLinking CXX shared library libcustom_messages__rosidl_typesupport_fastrtps_c.so[0m
[3.549s] [ 79%] Built target custom_messages__rosidl_typesupport_fastrtps_cpp
[3.720s] [ 79%] Built target custom_messages__rosidl_typesupport_fastrtps_c
[3.735s] [ 79%] Built target custom_messages
[3.751s] [ 80%] [34m[1mGenerating Python code for ROS interfaces[0m
[4.319s] [ 80%] Built target custom_messages__py
[4.328s] [35m[1mConsolidate compiler generated dependencies of target custom_messages__rosidl_generator_py[0m
[4.340s] [ 84%] [32mBuilding C object CMakeFiles/custom_messages__rosidl_generator_py.dir/rosidl_generator_py/custom_messages/msg/_parent_message_s.c.o[0m
[4.341s] [ 84%] [32mBuilding C object CMakeFiles/custom_messages__rosidl_generator_py.dir/rosidl_generator_py/custom_messages/msg/_laneid_s.c.o[0m
[4.341s] [ 85%] [32mBuilding C object CMakeFiles/custom_messages__rosidl_generator_py.dir/rosidl_generator_py/custom_messages/msg/_lanetype_s.c.o[0m
[4.341s] [ 87%] [32mBuilding C object CMakeFiles/custom_messages__rosidl_generator_py.dir/rosidl_generator_py/custom_messages/msg/_lanemarkings_s.c.o[0m
[4.341s] [ 88%] [32mBuilding C object CMakeFiles/custom_messages__rosidl_generator_py.dir/rosidl_generator_py/custom_messages/msg/_all_lanes_s.c.o[0m
[4.415s] [ 90%] [32m[1mLinking C shared library rosidl_generator_py/custom_messages/libcustom_messages__rosidl_generator_py.so[0m
[4.729s] [ 90%] Built target custom_messages__rosidl_generator_py
[4.737s] [35m[1mConsolidate compiler generated dependencies of target custom_messages__rosidl_typesupport_fastrtps_c__pyext[0m
[4.737s] [35m[1mConsolidate compiler generated dependencies of target custom_messages__rosidl_typesupport_c__pyext[0m
[4.737s] [35m[1mConsolidate compiler generated dependencies of target custom_messages__rosidl_typesupport_introspection_c__pyext[0m
[4.747s] [ 93%] [32mBuilding C object CMakeFiles/custom_messages__rosidl_typesupport_c__pyext.dir/rosidl_generator_py/custom_messages/_custom_messages_s.ep.rosidl_typesupport_c.c.o[0m
[4.747s] [ 93%] [32mBuilding C object CMakeFiles/custom_messages__rosidl_typesupport_fastrtps_c__pyext.dir/rosidl_generator_py/custom_messages/_custom_messages_s.ep.rosidl_typesupport_fastrtps_c.c.o[0m
[4.747s] [ 95%] [32mBuilding C object CMakeFiles/custom_messages__rosidl_typesupport_introspection_c__pyext.dir/rosidl_generator_py/custom_messages/_custom_messages_s.ep.rosidl_typesupport_introspection_c.c.o[0m
[4.821s] [ 96%] [32m[1mLinking C shared library rosidl_generator_py/custom_messages/custom_messages_s__rosidl_typesupport_fastrtps_c.cpython-310-x86_64-linux-gnu.so[0m
[4.821s] [100%] [32m[1mLinking C shared library rosidl_generator_py/custom_messages/custom_messages_s__rosidl_typesupport_introspection_c.cpython-310-x86_64-linux-gnu.so[0m
[4.821s] [100%] [32m[1mLinking C shared library rosidl_generator_py/custom_messages/custom_messages_s__rosidl_typesupport_c.cpython-310-x86_64-linux-gnu.so[0m
[5.031s] [100%] Built target custom_messages__rosidl_typesupport_c__pyext
[5.031s] [100%] Built target custom_messages__rosidl_typesupport_introspection_c__pyext
[5.032s] [100%] Built target custom_messages__rosidl_typesupport_fastrtps_c__pyext
[5.042s] Invoked command in '/home/stuart/lane_ws/build/custom_messages' returned '0': CMAKE_PREFIX_PATH=${CMAKE_PREFIX_PATH}:/home/stuart/lane_ws/install/lane_publisher:/opt/ros/humble /usr/bin/cmake --build /home/stuart/lane_ws/build/custom_messages -- -j16 -l16
[5.151s] Invoking command in '/home/stuart/lane_ws/build/custom_messages': CMAKE_PREFIX_PATH=${CMAKE_PREFIX_PATH}:/home/stuart/lane_ws/install/lane_publisher:/opt/ros/humble /usr/bin/cmake --install /home/stuart/lane_ws/build/custom_messages
[5.157s] -- Install configuration: ""
[5.157s] -- Up-to-date: /home/stuart/lane_ws/install/custom_messages/share/ament_index/resource_index/rosidl_interfaces/custom_messages
[5.157s] -- Up-to-date: /home/stuart/lane_ws/install/custom_messages/include/custom_messages/custom_messages
[5.157s] -- Up-to-date: /home/stuart/lane_ws/install/custom_messages/include/custom_messages/custom_messages/msg
[5.157s] -- Installing: /home/stuart/lane_ws/install/custom_messages/include/custom_messages/custom_messages/msg/lanemarkings.h
[5.158s] -- Installing: /home/stuart/lane_ws/install/custom_messages/include/custom_messages/custom_messages/msg/lanetype.h
[5.158s] -- Installing: /home/stuart/lane_ws/install/custom_messages/include/custom_messages/custom_messages/msg/parent_message.h
[5.158s] -- Up-to-date: /home/stuart/lane_ws/install/custom_messages/include/custom_messages/custom_messages/msg/detail
[5.158s] -- Up-to-date: /home/stuart/lane_ws/install/custom_messages/include/custom_messages/custom_messages/msg/detail/child2__type_support.h
[5.158s] -- Up-to-date: /home/stuart/lane_ws/install/custom_messages/include/custom_messages/custom_messages/msg/detail/child1__functions.c
[5.159s] -- Up-to-date: /home/stuart/lane_ws/install/custom_messages/include/custom_messages/custom_messages/msg/detail/child1__functions.h
[5.159s] -- Installing: /home/stuart/lane_ws/install/custom_messages/include/custom_messages/custom_messages/msg/detail/lanetype__functions.h
[5.159s] -- Installing: /home/stuart/lane_ws/install/custom_messages/include/custom_messages/custom_messages/msg/detail/parent_message__functions.c
[5.159s] -- Installing: /home/stuart/lane_ws/install/custom_messages/include/custom_messages/custom_messages/msg/detail/parent_message__type_support.h
[5.159s] -- Installing: /home/stuart/lane_ws/install/custom_messages/include/custom_messages/custom_messages/msg/detail/laneid__functions.h
[5.160s] -- Up-to-date: /home/stuart/lane_ws/install/custom_messages/include/custom_messages/custom_messages/msg/detail/child1__type_support.h
[5.160s] -- Installing: /home/stuart/lane_ws/install/custom_messages/include/custom_messages/custom_messages/msg/detail/all_lanes__struct.h
[5.160s] -- Installing: /home/stuart/lane_ws/install/custom_messages/include/custom_messages/custom_messages/msg/detail/laneid__struct.h
[5.160s] -- Installing: /home/stuart/lane_ws/install/custom_messages/include/custom_messages/custom_messages/msg/detail/lanemarkings__functions.c
[5.160s] -- Installing: /home/stuart/lane_ws/install/custom_messages/include/custom_messages/custom_messages/msg/detail/parent_message__struct.h
[5.161s] -- Installing: /home/stuart/lane_ws/install/custom_messages/include/custom_messages/custom_messages/msg/detail/lanemarkings__functions.h
[5.161s] -- Installing: /home/stuart/lane_ws/install/custom_messages/include/custom_messages/custom_messages/msg/detail/all_lanes__functions.c
[5.161s] -- Installing: /home/stuart/lane_ws/install/custom_messages/include/custom_messages/custom_messages/msg/detail/all_lanes__type_support.h
[5.161s] -- Installing: /home/stuart/lane_ws/install/custom_messages/include/custom_messages/custom_messages/msg/detail/parent_message__functions.h
[5.161s] -- Installing: /home/stuart/lane_ws/install/custom_messages/include/custom_messages/custom_messages/msg/detail/lanemarkings__struct.h
[5.161s] -- Up-to-date: /home/stuart/lane_ws/install/custom_messages/include/custom_messages/custom_messages/msg/detail/child2__functions.c
[5.162s] -- Installing: /home/stuart/lane_ws/install/custom_messages/include/custom_messages/custom_messages/msg/detail/lanemarkings__type_support.h
[5.162s] -- Installing: /home/stuart/lane_ws/install/custom_messages/include/custom_messages/custom_messages/msg/detail/lanetype__functions.c
[5.162s] -- Up-to-date: /home/stuart/lane_ws/install/custom_messages/include/custom_messages/custom_messages/msg/detail/child2__functions.h
[5.162s] -- Installing: /home/stuart/lane_ws/install/custom_messages/include/custom_messages/custom_messages/msg/detail/lanetype__type_support.h
[5.162s] -- Installing: /home/stuart/lane_ws/install/custom_messages/include/custom_messages/custom_messages/msg/detail/laneid__functions.c
[5.162s] -- Installing: /home/stuart/lane_ws/install/custom_messages/include/custom_messages/custom_messages/msg/detail/laneid__type_support.h
[5.162s] -- Up-to-date: /home/stuart/lane_ws/install/custom_messages/include/custom_messages/custom_messages/msg/detail/child2__struct.h
[5.163s] -- Installing: /home/stuart/lane_ws/install/custom_messages/include/custom_messages/custom_messages/msg/detail/lanetype__struct.h
[5.163s] -- Installing: /home/stuart/lane_ws/install/custom_messages/include/custom_messages/custom_messages/msg/detail/all_lanes__functions.h
[5.163s] -- Up-to-date: /home/stuart/lane_ws/install/custom_messages/include/custom_messages/custom_messages/msg/detail/child1__struct.h
[5.163s] -- Installing: /home/stuart/lane_ws/install/custom_messages/include/custom_messages/custom_messages/msg/all_lanes.h
[5.163s] -- Up-to-date: /home/stuart/lane_ws/install/custom_messages/include/custom_messages/custom_messages/msg/rosidl_generator_c__visibility_control.h
[5.163s] -- Up-to-date: /home/stuart/lane_ws/install/custom_messages/include/custom_messages/custom_messages/msg/child2.h
[5.163s] -- Installing: /home/stuart/lane_ws/install/custom_messages/include/custom_messages/custom_messages/msg/laneid.h
[5.164s] -- Up-to-date: /home/stuart/lane_ws/install/custom_messages/include/custom_messages/custom_messages/msg/child1.h
[5.164s] -- Up-to-date: /home/stuart/lane_ws/install/custom_messages/share/custom_messages/environment/library_path.sh
[5.164s] -- Installing: /home/stuart/lane_ws/install/custom_messages/share/custom_messages/environment/library_path.dsv
[5.164s] -- Installing: /home/stuart/lane_ws/install/custom_messages/lib/libcustom_messages__rosidl_generator_c.so
[5.164s] -- Set runtime path of "/home/stuart/lane_ws/install/custom_messages/lib/libcustom_messages__rosidl_generator_c.so" to ""
[5.165s] -- Up-to-date: /home/stuart/lane_ws/install/custom_messages/include/custom_messages/custom_messages
[5.165s] -- Up-to-date: /home/stuart/lane_ws/install/custom_messages/include/custom_messages/custom_messages/msg
[5.165s] -- Up-to-date: /home/stuart/lane_ws/install/custom_messages/include/custom_messages/custom_messages/msg/rosidl_typesupport_fastrtps_c__visibility_control.h
[5.165s] -- Up-to-date: /home/stuart/lane_ws/install/custom_messages/include/custom_messages/custom_messages/msg/detail
[5.165s] -- Up-to-date: /home/stuart/lane_ws/install/custom_messages/include/custom_messages/custom_messages/msg/detail/child2__rosidl_typesupport_fastrtps_c.h
[5.165s] -- Installing: /home/stuart/lane_ws/install/custom_messages/include/custom_messages/custom_messages/msg/detail/lanemarkings__rosidl_typesupport_fastrtps_c.h
[5.165s] -- Installing: /home/stuart/lane_ws/install/custom_messages/include/custom_messages/custom_messages/msg/detail/lanetype__rosidl_typesupport_fastrtps_c.h
[5.166s] -- Installing: /home/stuart/lane_ws/install/custom_messages/include/custom_messages/custom_messages/msg/detail/laneid__rosidl_typesupport_fastrtps_c.h
[5.166s] -- Up-to-date: /home/stuart/lane_ws/install/custom_messages/include/custom_messages/custom_messages/msg/detail/child1__rosidl_typesupport_fastrtps_c.h
[5.166s] -- Installing: /home/stuart/lane_ws/install/custom_messages/include/custom_messages/custom_messages/msg/detail/parent_message__rosidl_typesupport_fastrtps_c.h
[5.166s] -- Installing: /home/stuart/lane_ws/install/custom_messages/include/custom_messages/custom_messages/msg/detail/all_lanes__rosidl_typesupport_fastrtps_c.h
[5.166s] -- Installing: /home/stuart/lane_ws/install/custom_messages/lib/libcustom_messages__rosidl_typesupport_fastrtps_c.so
[5.166s] -- Set runtime path of "/home/stuart/lane_ws/install/custom_messages/lib/libcustom_messages__rosidl_typesupport_fastrtps_c.so" to ""
[5.167s] -- Up-to-date: /home/stuart/lane_ws/install/custom_messages/include/custom_messages/custom_messages
[5.167s] -- Up-to-date: /home/stuart/lane_ws/install/custom_messages/include/custom_messages/custom_messages/msg
[5.167s] -- Up-to-date: /home/stuart/lane_ws/install/custom_messages/include/custom_messages/custom_messages/msg/detail
[5.167s] -- Installing: /home/stuart/lane_ws/install/custom_messages/include/custom_messages/custom_messages/msg/detail/lanetype__type_support.c
[5.167s] -- Up-to-date: /home/stuart/lane_ws/install/custom_messages/include/custom_messages/custom_messages/msg/detail/child2__type_support.c
[5.167s] -- Installing: /home/stuart/lane_ws/install/custom_messages/include/custom_messages/custom_messages/msg/detail/lanemarkings__rosidl_typesupport_introspection_c.h
[5.168s] -- Installing: /home/stuart/lane_ws/install/custom_messages/include/custom_messages/custom_messages/msg/detail/parent_message__rosidl_typesupport_introspection_c.h
[5.168s] -- Installing: /home/stuart/lane_ws/install/custom_messages/include/custom_messages/custom_messages/msg/detail/laneid__type_support.c
[5.168s] -- Installing: /home/stuart/lane_ws/install/custom_messages/include/custom_messages/custom_messages/msg/detail/laneid__rosidl_typesupport_introspection_c.h
[5.168s] -- Installing: /home/stuart/lane_ws/install/custom_messages/include/custom_messages/custom_messages/msg/detail/all_lanes__rosidl_typesupport_introspection_c.h
[5.168s] -- Up-to-date: /home/stuart/lane_ws/install/custom_messages/include/custom_messages/custom_messages/msg/detail/child1__rosidl_typesupport_introspection_c.h
[5.169s] -- Installing: /home/stuart/lane_ws/install/custom_messages/include/custom_messages/custom_messages/msg/detail/lanemarkings__type_support.c
[5.169s] -- Up-to-date: /home/stuart/lane_ws/install/custom_messages/include/custom_messages/custom_messages/msg/detail/child1__type_support.c
[5.169s] -- Installing: /home/stuart/lane_ws/install/custom_messages/include/custom_messages/custom_messages/msg/detail/parent_message__type_support.c
[5.169s] -- Up-to-date: /home/stuart/lane_ws/install/custom_messages/include/custom_messages/custom_messages/msg/detail/child2__rosidl_typesupport_introspection_c.h
[5.169s] -- Installing: /home/stuart/lane_ws/install/custom_messages/include/custom_messages/custom_messages/msg/detail/all_lanes__type_support.c
[5.170s] -- Installing: /home/stuart/lane_ws/install/custom_messages/include/custom_messages/custom_messages/msg/detail/lanetype__rosidl_typesupport_introspection_c.h
[5.170s] -- Up-to-date: /home/stuart/lane_ws/install/custom_messages/include/custom_messages/custom_messages/msg/rosidl_typesupport_introspection_c__visibility_control.h
[5.170s] -- Installing: /home/stuart/lane_ws/install/custom_messages/lib/libcustom_messages__rosidl_typesupport_introspection_c.so
[5.170s] -- Set runtime path of "/home/stuart/lane_ws/install/custom_messages/lib/libcustom_messages__rosidl_typesupport_introspection_c.so" to ""
[5.170s] -- Installing: /home/stuart/lane_ws/install/custom_messages/lib/libcustom_messages__rosidl_typesupport_c.so
[5.170s] -- Set runtime path of "/home/stuart/lane_ws/install/custom_messages/lib/libcustom_messages__rosidl_typesupport_c.so" to ""
[5.170s] -- Up-to-date: /home/stuart/lane_ws/install/custom_messages/include/custom_messages/custom_messages
[5.171s] -- Up-to-date: /home/stuart/lane_ws/install/custom_messages/include/custom_messages/custom_messages/msg
[5.171s] -- Up-to-date: /home/stuart/lane_ws/install/custom_messages/include/custom_messages/custom_messages/msg/child2.hpp
[5.171s] -- Installing: /home/stuart/lane_ws/install/custom_messages/include/custom_messages/custom_messages/msg/all_lanes.hpp
[5.171s] -- Up-to-date: /home/stuart/lane_ws/install/custom_messages/include/custom_messages/custom_messages/msg/child1.hpp
[5.171s] -- Installing: /home/stuart/lane_ws/install/custom_messages/include/custom_messages/custom_messages/msg/laneid.hpp
[5.172s] -- Up-to-date: /home/stuart/lane_ws/install/custom_messages/include/custom_messages/custom_messages/msg/detail
[5.172s] -- Installing: /home/stuart/lane_ws/install/custom_messages/include/custom_messages/custom_messages/msg/detail/lanetype__struct.hpp
[5.172s] -- Installing: /home/stuart/lane_ws/install/custom_messages/include/custom_messages/custom_messages/msg/detail/lanemarkings__traits.hpp
[5.172s] -- Up-to-date: /home/stuart/lane_ws/install/custom_messages/include/custom_messages/custom_messages/msg/detail/child2__struct.hpp
[5.172s] -- Installing: /home/stuart/lane_ws/install/custom_messages/include/custom_messages/custom_messages/msg/detail/laneid__struct.hpp
[5.172s] -- Installing: /home/stuart/lane_ws/install/custom_messages/include/custom_messages/custom_messages/msg/detail/lanemarkings__builder.hpp
[5.172s] -- Up-to-date: /home/stuart/lane_ws/install/custom_messages/include/custom_messages/custom_messages/msg/detail/child1__struct.hpp
[5.173s] -- Installing: /home/stuart/lane_ws/install/custom_messages/include/custom_messages/custom_messages/msg/detail/all_lanes__traits.hpp
[5.173s] -- Installing: /home/stuart/lane_ws/install/custom_messages/include/custom_messages/custom_messages/msg/detail/all_lanes__builder.hpp
[5.173s] -- Up-to-date: /home/stuart/lane_ws/install/custom_messages/include/custom_messages/custom_messages/msg/detail/child2__traits.hpp
[5.173s] -- Installing: /home/stuart/lane_ws/install/custom_messages/include/custom_messages/custom_messages/msg/detail/parent_message__struct.hpp
[5.173s] -- Up-to-date: /home/stuart/lane_ws/install/custom_messages/include/custom_messages/custom_messages/msg/detail/child1__traits.hpp
[5.173s] -- Installing: /home/stuart/lane_ws/install/custom_messages/include/custom_messages/custom_messages/msg/detail/all_lanes__struct.hpp
[5.173s] -- Up-to-date: /home/stuart/lane_ws/install/custom_messages/include/custom_messages/custom_messages/msg/detail/child1__builder.hpp
[5.173s] -- Installing: /home/stuart/lane_ws/install/custom_messages/include/custom_messages/custom_messages/msg/detail/laneid__builder.hpp
[5.173s] -- Installing: /home/stuart/lane_ws/install/custom_messages/include/custom_messages/custom_messages/msg/detail/parent_message__builder.hpp
[5.173s] -- Installing: /home/stuart/lane_ws/install/custom_messages/include/custom_messages/custom_messages/msg/detail/lanetype__builder.hpp
[5.173s] -- Installing: /home/stuart/lane_ws/install/custom_messages/include/custom_messages/custom_messages/msg/detail/lanemarkings__struct.hpp
[5.173s] -- Installing: /home/stuart/lane_ws/install/custom_messages/include/custom_messages/custom_messages/msg/detail/laneid__traits.hpp
[5.174s] -- Up-to-date: /home/stuart/lane_ws/install/custom_messages/include/custom_messages/custom_messages/msg/detail/child2__builder.hpp
[5.174s] -- Installing: /home/stuart/lane_ws/install/custom_messages/include/custom_messages/custom_messages/msg/detail/parent_message__traits.hpp
[5.174s] -- Installing: /home/stuart/lane_ws/install/custom_messages/include/custom_messages/custom_messages/msg/detail/lanetype__traits.hpp
[5.174s] -- Installing: /home/stuart/lane_ws/install/custom_messages/include/custom_messages/custom_messages/msg/lanemarkings.hpp
[5.174s] -- Installing: /home/stuart/lane_ws/install/custom_messages/include/custom_messages/custom_messages/msg/lanetype.hpp
[5.174s] -- Installing: /home/stuart/lane_ws/install/custom_messages/include/custom_messages/custom_messages/msg/parent_message.hpp
[5.174s] -- Up-to-date: /home/stuart/lane_ws/install/custom_messages/include/custom_messages/custom_messages
[5.174s] -- Up-to-date: /home/stuart/lane_ws/install/custom_messages/include/custom_messages/custom_messages/msg
[5.174s] -- Up-to-date: /home/stuart/lane_ws/install/custom_messages/include/custom_messages/custom_messages/msg/rosidl_typesupport_fastrtps_cpp__visibility_control.h
[5.174s] -- Up-to-date: /home/stuart/lane_ws/install/custom_messages/include/custom_messages/custom_messages/msg/detail
[5.174s] -- Installing: /home/stuart/lane_ws/install/custom_messages/include/custom_messages/custom_messages/msg/detail/parent_message__rosidl_typesupport_fastrtps_cpp.hpp
[5.174s] -- Up-to-date: /home/stuart/lane_ws/install/custom_messages/include/custom_messages/custom_messages/msg/detail/child1__rosidl_typesupport_fastrtps_cpp.hpp
[5.174s] -- Installing: /home/stuart/lane_ws/install/custom_messages/include/custom_messages/custom_messages/msg/detail/all_lanes__rosidl_typesupport_fastrtps_cpp.hpp
[5.174s] -- Installing: /home/stuart/lane_ws/install/custom_messages/include/custom_messages/custom_messages/msg/detail/laneid__rosidl_typesupport_fastrtps_cpp.hpp
[5.174s] -- Up-to-date: /home/stuart/lane_ws/install/custom_messages/include/custom_messages/custom_messages/msg/detail/child2__rosidl_typesupport_fastrtps_cpp.hpp
[5.174s] -- Up-to-date: /home/stuart/lane_ws/install/custom_messages/include/custom_messages/custom_messages/msg/detail/dds_fastrtps
[5.174s] -- Installing: /home/stuart/lane_ws/install/custom_messages/include/custom_messages/custom_messages/msg/detail/lanemarkings__rosidl_typesupport_fastrtps_cpp.hpp
[5.174s] -- Installing: /home/stuart/lane_ws/install/custom_messages/include/custom_messages/custom_messages/msg/detail/lanetype__rosidl_typesupport_fastrtps_cpp.hpp
[5.174s] -- Installing: /home/stuart/lane_ws/install/custom_messages/lib/libcustom_messages__rosidl_typesupport_fastrtps_cpp.so
[5.174s] -- Set runtime path of "/home/stuart/lane_ws/install/custom_messages/lib/libcustom_messages__rosidl_typesupport_fastrtps_cpp.so" to ""
[5.174s] -- Up-to-date: /home/stuart/lane_ws/install/custom_messages/include/custom_messages/custom_messages
[5.175s] -- Up-to-date: /home/stuart/lane_ws/install/custom_messages/include/custom_messages/custom_messages/msg
[5.175s] -- Up-to-date: /home/stuart/lane_ws/install/custom_messages/include/custom_messages/custom_messages/msg/detail
[5.175s] -- Installing: /home/stuart/lane_ws/install/custom_messages/include/custom_messages/custom_messages/msg/detail/parent_message__rosidl_typesupport_introspection_cpp.hpp
[5.175s] -- Installing: /home/stuart/lane_ws/install/custom_messages/include/custom_messages/custom_messages/msg/detail/lanetype__rosidl_typesupport_introspection_cpp.hpp
[5.175s] -- Installing: /home/stuart/lane_ws/install/custom_messages/include/custom_messages/custom_messages/msg/detail/laneid__type_support.cpp
[5.175s] -- Installing: /home/stuart/lane_ws/install/custom_messages/include/custom_messages/custom_messages/msg/detail/parent_message__type_support.cpp
[5.175s] -- Up-to-date: /home/stuart/lane_ws/install/custom_messages/include/custom_messages/custom_messages/msg/detail/child2__rosidl_typesupport_introspection_cpp.hpp
[5.175s] -- Up-to-date: /home/stuart/lane_ws/install/custom_messages/include/custom_messages/custom_messages/msg/detail/child1__type_support.cpp
[5.175s] -- Installing: /home/stuart/lane_ws/install/custom_messages/include/custom_messages/custom_messages/msg/detail/laneid__rosidl_typesupport_introspection_cpp.hpp
[5.175s] -- Installing: /home/stuart/lane_ws/install/custom_messages/include/custom_messages/custom_messages/msg/detail/lanemarkings__rosidl_typesupport_introspection_cpp.hpp
[5.175s] -- Installing: /home/stuart/lane_ws/install/custom_messages/include/custom_messages/custom_messages/msg/detail/all_lanes__rosidl_typesupport_introspection_cpp.hpp
[5.175s] -- Installing: /home/stuart/lane_ws/install/custom_messages/include/custom_messages/custom_messages/msg/detail/lanetype__type_support.cpp
[5.175s] -- Up-to-date: /home/stuart/lane_ws/install/custom_messages/include/custom_messages/custom_messages/msg/detail/child1__rosidl_typesupport_introspection_cpp.hpp
[5.175s] -- Installing: /home/stuart/lane_ws/install/custom_messages/include/custom_messages/custom_messages/msg/detail/all_lanes__type_support.cpp
[5.175s] -- Installing: /home/stuart/lane_ws/install/custom_messages/include/custom_messages/custom_messages/msg/detail/lanemarkings__type_support.cpp
[5.175s] -- Up-to-date: /home/stuart/lane_ws/install/custom_messages/include/custom_messages/custom_messages/msg/detail/child2__type_support.cpp
[5.175s] -- Installing: /home/stuart/lane_ws/install/custom_messages/lib/libcustom_messages__rosidl_typesupport_introspection_cpp.so
[5.175s] -- Set runtime path of "/home/stuart/lane_ws/install/custom_messages/lib/libcustom_messages__rosidl_typesupport_introspection_cpp.so" to ""
[5.175s] -- Installing: /home/stuart/lane_ws/install/custom_messages/lib/libcustom_messages__rosidl_typesupport_cpp.so
[5.175s] -- Set runtime path of "/home/stuart/lane_ws/install/custom_messages/lib/libcustom_messages__rosidl_typesupport_cpp.so" to ""
[5.175s] -- Up-to-date: /home/stuart/lane_ws/install/custom_messages/share/custom_messages/environment/pythonpath.sh
[5.175s] -- Installing: /home/stuart/lane_ws/install/custom_messages/share/custom_messages/environment/pythonpath.dsv
[5.176s] -- Up-to-date: /home/stuart/lane_ws/install/custom_messages/local/lib/python3.10/dist-packages/custom_messages-0.0.0-py3.10.egg-info
[5.176s] -- Installing: /home/stuart/lane_ws/install/custom_messages/local/lib/python3.10/dist-packages/custom_messages-0.0.0-py3.10.egg-info/top_level.txt
[5.176s] -- Installing: /home/stuart/lane_ws/install/custom_messages/local/lib/python3.10/dist-packages/custom_messages-0.0.0-py3.10.egg-info/dependency_links.txt
[5.176s] -- Installing: /home/stuart/lane_ws/install/custom_messages/local/lib/python3.10/dist-packages/custom_messages-0.0.0-py3.10.egg-info/PKG-INFO
[5.176s] -- Installing: /home/stuart/lane_ws/install/custom_messages/local/lib/python3.10/dist-packages/custom_messages-0.0.0-py3.10.egg-info/SOURCES.txt
[5.176s] -- Up-to-date: /home/stuart/lane_ws/install/custom_messages/local/lib/python3.10/dist-packages/custom_messages
[5.176s] -- Installing: /home/stuart/lane_ws/install/custom_messages/local/lib/python3.10/dist-packages/custom_messages/custom_messages_s__rosidl_typesupport_introspection_c.cpython-310-x86_64-linux-gnu.so
[5.176s] -- Installing: /home/stuart/lane_ws/install/custom_messages/local/lib/python3.10/dist-packages/custom_messages/custom_messages_s__rosidl_typesupport_c.cpython-310-x86_64-linux-gnu.so
[5.176s] -- Installing: /home/stuart/lane_ws/install/custom_messages/local/lib/python3.10/dist-packages/custom_messages/_custom_messages_s.ep.rosidl_typesupport_c.c
[5.176s] -- Installing: /home/stuart/lane_ws/install/custom_messages/local/lib/python3.10/dist-packages/custom_messages/custom_messages_s__rosidl_typesupport_fastrtps_c.cpython-310-x86_64-linux-gnu.so
[5.176s] -- Installing: /home/stuart/lane_ws/install/custom_messages/local/lib/python3.10/dist-packages/custom_messages/_custom_messages_s.ep.rosidl_typesupport_introspection_c.c
[5.176s] -- Installing: /home/stuart/lane_ws/install/custom_messages/local/lib/python3.10/dist-packages/custom_messages/libcustom_messages__rosidl_generator_py.so
[5.176s] -- Installing: /home/stuart/lane_ws/install/custom_messages/local/lib/python3.10/dist-packages/custom_messages/__init__.py
[5.176s] -- Installing: /home/stuart/lane_ws/install/custom_messages/local/lib/python3.10/dist-packages/custom_messages/_custom_messages_s.ep.rosidl_typesupport_fastrtps_c.c
[5.176s] -- Up-to-date: /home/stuart/lane_ws/install/custom_messages/local/lib/python3.10/dist-packages/custom_messages/msg
[5.176s] -- Installing: /home/stuart/lane_ws/install/custom_messages/local/lib/python3.10/dist-packages/custom_messages/msg/_lanetype.py
[5.176s] -- Up-to-date: /home/stuart/lane_ws/install/custom_messages/local/lib/python3.10/dist-packages/custom_messages/msg/_child1_s.c
[5.176s] -- Installing: /home/stuart/lane_ws/install/custom_messages/local/lib/python3.10/dist-packages/custom_messages/msg/_laneid.py
[5.176s] -- Installing: /home/stuart/lane_ws/install/custom_messages/local/lib/python3.10/dist-packages/custom_messages/msg/_parent_message_s.c
[5.176s] -- Installing: /home/stuart/lane_ws/install/custom_messages/local/lib/python3.10/dist-packages/custom_messages/msg/_all_lanes_s.c
[5.176s] -- Up-to-date: /home/stuart/lane_ws/install/custom_messages/local/lib/python3.10/dist-packages/custom_messages/msg/_child2.py
[5.177s] -- Up-to-date: /home/stuart/lane_ws/install/custom_messages/local/lib/python3.10/dist-packages/custom_messages/msg/_child2_s.c
[5.177s] -- Installing: /home/stuart/lane_ws/install/custom_messages/local/lib/python3.10/dist-packages/custom_messages/msg/_lanemarkings.py
[5.177s] -- Installing: /home/stuart/lane_ws/install/custom_messages/local/lib/python3.10/dist-packages/custom_messages/msg/_all_lanes.py
[5.177s] -- Up-to-date: /home/stuart/lane_ws/install/custom_messages/local/lib/python3.10/dist-packages/custom_messages/msg/_child1.py
[5.177s] -- Installing: /home/stuart/lane_ws/install/custom_messages/local/lib/python3.10/dist-packages/custom_messages/msg/_lanemarkings_s.c
[5.177s] -- Installing: /home/stuart/lane_ws/install/custom_messages/local/lib/python3.10/dist-packages/custom_messages/msg/__init__.py
[5.177s] -- Installing: /home/stuart/lane_ws/install/custom_messages/local/lib/python3.10/dist-packages/custom_messages/msg/_laneid_s.c
[5.177s] -- Installing: /home/stuart/lane_ws/install/custom_messages/local/lib/python3.10/dist-packages/custom_messages/msg/_lanetype_s.c
[5.177s] -- Installing: /home/stuart/lane_ws/install/custom_messages/local/lib/python3.10/dist-packages/custom_messages/msg/_parent_message.py
[5.205s] Listing '/home/stuart/lane_ws/install/custom_messages/local/lib/python3.10/dist-packages/custom_messages'...
[5.205s] Compiling '/home/stuart/lane_ws/install/custom_messages/local/lib/python3.10/dist-packages/custom_messages/__init__.py'...
[5.206s] Listing '/home/stuart/lane_ws/install/custom_messages/local/lib/python3.10/dist-packages/custom_messages/msg'...
[5.206s] Compiling '/home/stuart/lane_ws/install/custom_messages/local/lib/python3.10/dist-packages/custom_messages/msg/__init__.py'...
[5.206s] Compiling '/home/stuart/lane_ws/install/custom_messages/local/lib/python3.10/dist-packages/custom_messages/msg/_all_lanes.py'...
[5.206s] Compiling '/home/stuart/lane_ws/install/custom_messages/local/lib/python3.10/dist-packages/custom_messages/msg/_laneid.py'...
[5.206s] Compiling '/home/stuart/lane_ws/install/custom_messages/local/lib/python3.10/dist-packages/custom_messages/msg/_lanemarkings.py'...
[5.206s] Compiling '/home/stuart/lane_ws/install/custom_messages/local/lib/python3.10/dist-packages/custom_messages/msg/_lanetype.py'...
[5.206s] Compiling '/home/stuart/lane_ws/install/custom_messages/local/lib/python3.10/dist-packages/custom_messages/msg/_parent_message.py'...
[5.209s] -- Installing: /home/stuart/lane_ws/install/custom_messages/local/lib/python3.10/dist-packages/custom_messages/custom_messages_s__rosidl_typesupport_fastrtps_c.cpython-310-x86_64-linux-gnu.so
[5.210s] -- Set runtime path of "/home/stuart/lane_ws/install/custom_messages/local/lib/python3.10/dist-packages/custom_messages/custom_messages_s__rosidl_typesupport_fastrtps_c.cpython-310-x86_64-linux-gnu.so" to ""
[5.210s] -- Installing: /home/stuart/lane_ws/install/custom_messages/local/lib/python3.10/dist-packages/custom_messages/custom_messages_s__rosidl_typesupport_introspection_c.cpython-310-x86_64-linux-gnu.so
[5.210s] -- Set runtime path of "/home/stuart/lane_ws/install/custom_messages/local/lib/python3.10/dist-packages/custom_messages/custom_messages_s__rosidl_typesupport_introspection_c.cpython-310-x86_64-linux-gnu.so" to ""
[5.210s] -- Installing: /home/stuart/lane_ws/install/custom_messages/local/lib/python3.10/dist-packages/custom_messages/custom_messages_s__rosidl_typesupport_c.cpython-310-x86_64-linux-gnu.so
[5.210s] -- Set runtime path of "/home/stuart/lane_ws/install/custom_messages/local/lib/python3.10/dist-packages/custom_messages/custom_messages_s__rosidl_typesupport_c.cpython-310-x86_64-linux-gnu.so" to ""
[5.210s] -- Installing: /home/stuart/lane_ws/install/custom_messages/lib/libcustom_messages__rosidl_generator_py.so
[5.211s] -- Set runtime path of "/home/stuart/lane_ws/install/custom_messages/lib/libcustom_messages__rosidl_generator_py.so" to ""
[5.211s] -- Up-to-date: /home/stuart/lane_ws/install/custom_messages/share/custom_messages/msg/ParentMessage.idl
[5.211s] -- Installing: /home/stuart/lane_ws/install/custom_messages/share/custom_messages/msg/Laneid.idl
[5.211s] -- Up-to-date: /home/stuart/lane_ws/install/custom_messages/share/custom_messages/msg/Lanetype.idl
[5.211s] -- Up-to-date: /home/stuart/lane_ws/install/custom_messages/share/custom_messages/msg/Lanemarkings.idl
[5.212s] -- Up-to-date: /home/stuart/lane_ws/install/custom_messages/share/custom_messages/msg/AllLanes.idl
[5.212s] -- Up-to-date: /home/stuart/lane_ws/install/custom_messages/share/custom_messages/msg/ParentMessage.msg
[5.212s] -- Installing: /home/stuart/lane_ws/install/custom_messages/share/custom_messages/msg/Laneid.msg
[5.212s] -- Up-to-date: /home/stuart/lane_ws/install/custom_messages/share/custom_messages/msg/Lanetype.msg
[5.212s] -- Up-to-date: /home/stuart/lane_ws/install/custom_messages/share/custom_messages/msg/Lanemarkings.msg
[5.212s] -- Up-to-date: /home/stuart/lane_ws/install/custom_messages/share/custom_messages/msg/AllLanes.msg
[5.212s] -- Up-to-date: /home/stuart/lane_ws/install/custom_messages/share/ament_index/resource_index/package_run_dependencies/custom_messages
[5.212s] -- Up-to-date: /home/stuart/lane_ws/install/custom_messages/share/ament_index/resource_index/parent_prefix_path/custom_messages
[5.213s] -- Up-to-date: /home/stuart/lane_ws/install/custom_messages/share/custom_messages/environment/ament_prefix_path.sh
[5.213s] -- Installing: /home/stuart/lane_ws/install/custom_messages/share/custom_messages/environment/ament_prefix_path.dsv
[5.213s] -- Up-to-date: /home/stuart/lane_ws/install/custom_messages/share/custom_messages/environment/path.sh
[5.213s] -- Installing: /home/stuart/lane_ws/install/custom_messages/share/custom_messages/environment/path.dsv
[5.213s] -- Up-to-date: /home/stuart/lane_ws/install/custom_messages/share/custom_messages/local_setup.bash
[5.213s] -- Up-to-date: /home/stuart/lane_ws/install/custom_messages/share/custom_messages/local_setup.sh
[5.214s] -- Up-to-date: /home/stuart/lane_ws/install/custom_messages/share/custom_messages/local_setup.zsh
[5.214s] -- Installing: /home/stuart/lane_ws/install/custom_messages/share/custom_messages/local_setup.dsv
[5.214s] -- Installing: /home/stuart/lane_ws/install/custom_messages/share/custom_messages/package.dsv
[5.214s] -- Up-to-date: /home/stuart/lane_ws/install/custom_messages/share/ament_index/resource_index/packages/custom_messages
[5.214s] -- Up-to-date: /home/stuart/lane_ws/install/custom_messages/share/custom_messages/cmake/export_custom_messages__rosidl_generator_cExport.cmake
[5.214s] -- Up-to-date: /home/stuart/lane_ws/install/custom_messages/share/custom_messages/cmake/export_custom_messages__rosidl_generator_cExport-noconfig.cmake
[5.214s] -- Up-to-date: /home/stuart/lane_ws/install/custom_messages/share/custom_messages/cmake/export_custom_messages__rosidl_typesupport_fastrtps_cExport.cmake
[5.215s] -- Up-to-date: /home/stuart/lane_ws/install/custom_messages/share/custom_messages/cmake/export_custom_messages__rosidl_typesupport_fastrtps_cExport-noconfig.cmake
[5.215s] -- Up-to-date: /home/stuart/lane_ws/install/custom_messages/share/custom_messages/cmake/custom_messages__rosidl_typesupport_introspection_cExport.cmake
[5.215s] -- Up-to-date: /home/stuart/lane_ws/install/custom_messages/share/custom_messages/cmake/custom_messages__rosidl_typesupport_introspection_cExport-noconfig.cmake
[5.215s] -- Up-to-date: /home/stuart/lane_ws/install/custom_messages/share/custom_messages/cmake/custom_messages__rosidl_typesupport_cExport.cmake
[5.215s] -- Up-to-date: /home/stuart/lane_ws/install/custom_messages/share/custom_messages/cmake/custom_messages__rosidl_typesupport_cExport-noconfig.cmake
[5.215s] -- Up-to-date: /home/stuart/lane_ws/install/custom_messages/share/custom_messages/cmake/export_custom_messages__rosidl_generator_cppExport.cmake
[5.215s] -- Up-to-date: /home/stuart/lane_ws/install/custom_messages/share/custom_messages/cmake/export_custom_messages__rosidl_typesupport_fastrtps_cppExport.cmake
[5.215s] -- Up-to-date: /home/stuart/lane_ws/install/custom_messages/share/custom_messages/cmake/export_custom_messages__rosidl_typesupport_fastrtps_cppExport-noconfig.cmake
[5.215s] -- Up-to-date: /home/stuart/lane_ws/install/custom_messages/share/custom_messages/cmake/custom_messages__rosidl_typesupport_introspection_cppExport.cmake
[5.215s] -- Up-to-date: /home/stuart/lane_ws/install/custom_messages/share/custom_messages/cmake/custom_messages__rosidl_typesupport_introspection_cppExport-noconfig.cmake
[5.215s] -- Up-to-date: /home/stuart/lane_ws/install/custom_messages/share/custom_messages/cmake/custom_messages__rosidl_typesupport_cppExport.cmake
[5.215s] -- Up-to-date: /home/stuart/lane_ws/install/custom_messages/share/custom_messages/cmake/custom_messages__rosidl_typesupport_cppExport-noconfig.cmake
[5.215s] -- Up-to-date: /home/stuart/lane_ws/install/custom_messages/share/custom_messages/cmake/export_custom_messages__rosidl_generator_pyExport.cmake
[5.215s] -- Up-to-date: /home/stuart/lane_ws/install/custom_messages/share/custom_messages/cmake/export_custom_messages__rosidl_generator_pyExport-noconfig.cmake
[5.216s] -- Up-to-date: /home/stuart/lane_ws/install/custom_messages/share/custom_messages/cmake/rosidl_cmake-extras.cmake
[5.216s] -- Up-to-date: /home/stuart/lane_ws/install/custom_messages/share/custom_messages/cmake/ament_cmake_export_include_directories-extras.cmake
[5.216s] -- Up-to-date: /home/stuart/lane_ws/install/custom_messages/share/custom_messages/cmake/ament_cmake_export_libraries-extras.cmake
[5.216s] -- Up-to-date: /home/stuart/lane_ws/install/custom_messages/share/custom_messages/cmake/ament_cmake_export_targets-extras.cmake
[5.216s] -- Up-to-date: /home/stuart/lane_ws/install/custom_messages/share/custom_messages/cmake/rosidl_cmake_export_typesupport_targets-extras.cmake
[5.217s] -- Up-to-date: /home/stuart/lane_ws/install/custom_messages/share/custom_messages/cmake/ament_cmake_export_dependencies-extras.cmake
[5.217s] -- Up-to-date: /home/stuart/lane_ws/install/custom_messages/share/custom_messages/cmake/rosidl_cmake_export_typesupport_libraries-extras.cmake
[5.217s] -- Up-to-date: /home/stuart/lane_ws/install/custom_messages/share/custom_messages/cmake/custom_messagesConfig.cmake
[5.217s] -- Up-to-date: /home/stuart/lane_ws/install/custom_messages/share/custom_messages/cmake/custom_messagesConfig-version.cmake
[5.217s] -- Up-to-date: /home/stuart/lane_ws/install/custom_messages/share/custom_messages/package.xml
[5.219s] Invoked command in '/home/stuart/lane_ws/build/custom_messages' returned '0': CMAKE_PREFIX_PATH=${CMAKE_PREFIX_PATH}:/home/stuart/lane_ws/install/lane_publisher:/opt/ros/humble /usr/bin/cmake --install /home/stuart/lane_ws/build/custom_messages
