[0.013s] Invoking command in '/home/stuart/lane_ws/build/custom_messages': CMAKE_PREFIX_PATH=${CMAKE_PREFIX_PATH}:/home/stuart/lane_ws/install/lane_publisher:/opt/ros/humble /usr/bin/cmake --build /home/stuart/lane_ws/build/custom_messages -- -j16 -l16
[0.033s] -- Found ament_cmake: 1.3.5 (/opt/ros/humble/share/ament_cmake/cmake)
[0.166s] -- Found ament_lint_auto: 0.12.7 (/opt/ros/humble/share/ament_lint_auto/cmake)
[0.226s] -- Found rosidl_default_generators: 1.2.0 (/opt/ros/humble/share/rosidl_default_generators/cmake)
[0.228s] -- Using all available rosidl_typesupport_c: rosidl_typesupport_fastrtps_c;rosidl_typesupport_introspection_c
[0.231s] -- Found rosidl_adapter: 3.1.5 (/opt/ros/humble/share/rosidl_adapter/cmake)
[0.928s] -- Using all available rosidl_typesupport_cpp: rosidl_typesupport_fastrtps_cpp;rosidl_typesupport_introspection_cpp
[1.123s] -- Found ament_cmake_ros: 0.10.0 (/opt/ros/humble/share/ament_cmake_ros/cmake)
[1.285s] -- Using all available rosidl_typesupport_c: rosidl_typesupport_fastrtps_c;rosidl_typesupport_introspection_c
[1.495s] -- Using all available rosidl_typesupport_cpp: rosidl_typesupport_fastrtps_cpp;rosidl_typesupport_introspection_cpp
[1.514s] -- Found python_cmake_module: 0.10.0 (/opt/ros/humble/share/python_cmake_module/cmake)
[1.536s] -- Using PYTHON_EXECUTABLE: /usr/bin/python3
[1.536s] -- Using PYTHON_INCLUDE_DIRS: /usr/include/python3.10
[1.536s] -- Using PYTHON_LIBRARIES: /usr/lib/x86_64-linux-gnu/libpython3.10.so
[1.550s] -- Added test 'lint_cmake' to check CMake code style
[1.550s] -- Added test 'xmllint' to check XML markup files
[1.553s] -- Configuring done
[1.581s] -- Generating done
[1.583s] -- Build files have been written to: /home/stuart/lane_ws/build/custom_messages
[1.601s] [35m[1mConsolidate compiler generated dependencies of target custom_messages__rosidl_generator_c[0m
[1.609s] [  1%] Built target custom_messages__cpp
[1.610s] [ 12%] Built target custom_messages__rosidl_generator_c
[1.615s] [ 12%] Built target ament_cmake_python_copy_custom_messages
[1.616s] [35m[1mConsolidate compiler generated dependencies of target custom_messages__rosidl_typesupport_cpp[0m
[1.617s] [35m[1mConsolidate compiler generated dependencies of target custom_messages__rosidl_typesupport_fastrtps_cpp[0m
[1.617s] [35m[1mConsolidate compiler generated dependencies of target custom_messages__rosidl_typesupport_introspection_cpp[0m
[1.617s] [35m[1mConsolidate compiler generated dependencies of target custom_messages__rosidl_typesupport_c[0m
[1.618s] [35m[1mConsolidate compiler generated dependencies of target custom_messages__rosidl_typesupport_introspection_c[0m
[1.618s] [35m[1mConsolidate compiler generated dependencies of target custom_messages__rosidl_typesupport_fastrtps_c[0m
[1.629s] [ 23%] Built target custom_messages__rosidl_typesupport_c
[1.629s] [ 45%] Built target custom_messages__rosidl_typesupport_introspection_cpp
[1.629s] [ 45%] Built target custom_messages__rosidl_typesupport_cpp
[1.630s] [ 56%] Built target custom_messages__rosidl_typesupport_introspection_c
[1.631s] [ 67%] Built target custom_messages__rosidl_typesupport_fastrtps_cpp
[1.632s] [ 78%] Built target custom_messages__rosidl_typesupport_fastrtps_c
[1.644s] [ 78%] Built target custom_messages
[1.657s] [ 80%] Built target custom_messages__py
[1.665s] [35m[1mConsolidate compiler generated dependencies of target custom_messages__rosidl_generator_py[0m
[1.677s] [ 89%] Built target custom_messages__rosidl_generator_py
[1.684s] [35m[1mConsolidate compiler generated dependencies of target custom_messages__rosidl_typesupport_c__pyext[0m
[1.684s] [35m[1mConsolidate compiler generated dependencies of target custom_messages__rosidl_typesupport_introspection_c__pyext[0m
[1.684s] [35m[1mConsolidate compiler generated dependencies of target custom_messages__rosidl_typesupport_fastrtps_c__pyext[0m
[1.693s] [ 98%] Built target custom_messages__rosidl_typesupport_c__pyext
[1.693s] [100%] Built target custom_messages__rosidl_typesupport_introspection_c__pyext
[1.693s] [ 98%] Built target custom_messages__rosidl_typesupport_fastrtps_c__pyext
[1.814s] running egg_info
[1.814s] writing custom_messages.egg-info/PKG-INFO
[1.814s] writing dependency_links to custom_messages.egg-info/dependency_links.txt
[1.815s] writing top-level names to custom_messages.egg-info/top_level.txt
[1.816s] reading manifest file 'custom_messages.egg-info/SOURCES.txt'
[1.817s] writing manifest file 'custom_messages.egg-info/SOURCES.txt'
[1.835s] [100%] Built target ament_cmake_python_build_custom_messages_egg
[1.846s] Invoked command in '/home/stuart/lane_ws/build/custom_messages' returned '0': CMAKE_PREFIX_PATH=${CMAKE_PREFIX_PATH}:/home/stuart/lane_ws/install/lane_publisher:/opt/ros/humble /usr/bin/cmake --build /home/stuart/lane_ws/build/custom_messages -- -j16 -l16
[1.939s] Invoking command in '/home/stuart/lane_ws/build/custom_messages': CMAKE_PREFIX_PATH=${CMAKE_PREFIX_PATH}:/home/stuart/lane_ws/install/lane_publisher:/opt/ros/humble /usr/bin/cmake --install /home/stuart/lane_ws/build/custom_messages
[1.945s] -- Install configuration: ""
[1.945s] -- Up-to-date: /home/stuart/lane_ws/install/custom_messages/share/ament_index/resource_index/rosidl_interfaces/custom_messages
[1.945s] -- Up-to-date: /home/stuart/lane_ws/install/custom_messages/include/custom_messages/custom_messages
[1.945s] -- Up-to-date: /home/stuart/lane_ws/install/custom_messages/include/custom_messages/custom_messages/msg
[1.945s] -- Up-to-date: /home/stuart/lane_ws/install/custom_messages/include/custom_messages/custom_messages/msg/lanemarkings.h
[1.946s] -- Up-to-date: /home/stuart/lane_ws/install/custom_messages/include/custom_messages/custom_messages/msg/lanetype.h
[1.946s] -- Up-to-date: /home/stuart/lane_ws/install/custom_messages/include/custom_messages/custom_messages/msg/parent_message.h
[1.946s] -- Up-to-date: /home/stuart/lane_ws/install/custom_messages/include/custom_messages/custom_messages/msg/detail
[1.946s] -- Up-to-date: /home/stuart/lane_ws/install/custom_messages/include/custom_messages/custom_messages/msg/detail/child2__type_support.h
[1.946s] -- Up-to-date: /home/stuart/lane_ws/install/custom_messages/include/custom_messages/custom_messages/msg/detail/child1__functions.c
[1.946s] -- Up-to-date: /home/stuart/lane_ws/install/custom_messages/include/custom_messages/custom_messages/msg/detail/child1__functions.h
[1.947s] -- Up-to-date: /home/stuart/lane_ws/install/custom_messages/include/custom_messages/custom_messages/msg/detail/lanetype__functions.h
[1.947s] -- Up-to-date: /home/stuart/lane_ws/install/custom_messages/include/custom_messages/custom_messages/msg/detail/parent_message__functions.c
[1.947s] -- Up-to-date: /home/stuart/lane_ws/install/custom_messages/include/custom_messages/custom_messages/msg/detail/parent_message__type_support.h
[1.947s] -- Up-to-date: /home/stuart/lane_ws/install/custom_messages/include/custom_messages/custom_messages/msg/detail/laneid__functions.h
[1.947s] -- Up-to-date: /home/stuart/lane_ws/install/custom_messages/include/custom_messages/custom_messages/msg/detail/child1__type_support.h
[1.947s] -- Up-to-date: /home/stuart/lane_ws/install/custom_messages/include/custom_messages/custom_messages/msg/detail/laneid__struct.h
[1.948s] -- Up-to-date: /home/stuart/lane_ws/install/custom_messages/include/custom_messages/custom_messages/msg/detail/lanemarkings__functions.c
[1.948s] -- Up-to-date: /home/stuart/lane_ws/install/custom_messages/include/custom_messages/custom_messages/msg/detail/parent_message__struct.h
[1.948s] -- Up-to-date: /home/stuart/lane_ws/install/custom_messages/include/custom_messages/custom_messages/msg/detail/lanemarkings__functions.h
[1.948s] -- Up-to-date: /home/stuart/lane_ws/install/custom_messages/include/custom_messages/custom_messages/msg/detail/parent_message__functions.h
[1.948s] -- Up-to-date: /home/stuart/lane_ws/install/custom_messages/include/custom_messages/custom_messages/msg/detail/lanemarkings__struct.h
[1.949s] -- Up-to-date: /home/stuart/lane_ws/install/custom_messages/include/custom_messages/custom_messages/msg/detail/child2__functions.c
[1.949s] -- Up-to-date: /home/stuart/lane_ws/install/custom_messages/include/custom_messages/custom_messages/msg/detail/lanemarkings__type_support.h
[1.949s] -- Up-to-date: /home/stuart/lane_ws/install/custom_messages/include/custom_messages/custom_messages/msg/detail/lanetype__functions.c
[1.949s] -- Up-to-date: /home/stuart/lane_ws/install/custom_messages/include/custom_messages/custom_messages/msg/detail/child2__functions.h
[1.949s] -- Up-to-date: /home/stuart/lane_ws/install/custom_messages/include/custom_messages/custom_messages/msg/detail/lanetype__type_support.h
[1.950s] -- Up-to-date: /home/stuart/lane_ws/install/custom_messages/include/custom_messages/custom_messages/msg/detail/laneid__functions.c
[1.950s] -- Up-to-date: /home/stuart/lane_ws/install/custom_messages/include/custom_messages/custom_messages/msg/detail/laneid__type_support.h
[1.950s] -- Up-to-date: /home/stuart/lane_ws/install/custom_messages/include/custom_messages/custom_messages/msg/detail/child2__struct.h
[1.950s] -- Up-to-date: /home/stuart/lane_ws/install/custom_messages/include/custom_messages/custom_messages/msg/detail/lanetype__struct.h
[1.950s] -- Up-to-date: /home/stuart/lane_ws/install/custom_messages/include/custom_messages/custom_messages/msg/detail/child1__struct.h
[1.950s] -- Up-to-date: /home/stuart/lane_ws/install/custom_messages/include/custom_messages/custom_messages/msg/rosidl_generator_c__visibility_control.h
[1.950s] -- Up-to-date: /home/stuart/lane_ws/install/custom_messages/include/custom_messages/custom_messages/msg/child2.h
[1.951s] -- Up-to-date: /home/stuart/lane_ws/install/custom_messages/include/custom_messages/custom_messages/msg/laneid.h
[1.951s] -- Up-to-date: /home/stuart/lane_ws/install/custom_messages/include/custom_messages/custom_messages/msg/child1.h
[1.951s] -- Up-to-date: /home/stuart/lane_ws/install/custom_messages/share/custom_messages/environment/library_path.sh
[1.951s] -- Installing: /home/stuart/lane_ws/install/custom_messages/share/custom_messages/environment/library_path.dsv
[1.951s] -- Up-to-date: /home/stuart/lane_ws/install/custom_messages/lib/libcustom_messages__rosidl_generator_c.so
[1.951s] -- Up-to-date: /home/stuart/lane_ws/install/custom_messages/include/custom_messages/custom_messages
[1.951s] -- Up-to-date: /home/stuart/lane_ws/install/custom_messages/include/custom_messages/custom_messages/msg
[1.951s] -- Up-to-date: /home/stuart/lane_ws/install/custom_messages/include/custom_messages/custom_messages/msg/rosidl_typesupport_fastrtps_c__visibility_control.h
[1.951s] -- Up-to-date: /home/stuart/lane_ws/install/custom_messages/include/custom_messages/custom_messages/msg/detail
[1.951s] -- Up-to-date: /home/stuart/lane_ws/install/custom_messages/include/custom_messages/custom_messages/msg/detail/child2__rosidl_typesupport_fastrtps_c.h
[1.951s] -- Up-to-date: /home/stuart/lane_ws/install/custom_messages/include/custom_messages/custom_messages/msg/detail/lanemarkings__rosidl_typesupport_fastrtps_c.h
[1.951s] -- Up-to-date: /home/stuart/lane_ws/install/custom_messages/include/custom_messages/custom_messages/msg/detail/lanetype__rosidl_typesupport_fastrtps_c.h
[1.951s] -- Up-to-date: /home/stuart/lane_ws/install/custom_messages/include/custom_messages/custom_messages/msg/detail/laneid__rosidl_typesupport_fastrtps_c.h
[1.951s] -- Up-to-date: /home/stuart/lane_ws/install/custom_messages/include/custom_messages/custom_messages/msg/detail/child1__rosidl_typesupport_fastrtps_c.h
[1.951s] -- Up-to-date: /home/stuart/lane_ws/install/custom_messages/include/custom_messages/custom_messages/msg/detail/parent_message__rosidl_typesupport_fastrtps_c.h
[1.951s] -- Up-to-date: /home/stuart/lane_ws/install/custom_messages/lib/libcustom_messages__rosidl_typesupport_fastrtps_c.so
[1.952s] -- Up-to-date: /home/stuart/lane_ws/install/custom_messages/include/custom_messages/custom_messages
[1.952s] -- Up-to-date: /home/stuart/lane_ws/install/custom_messages/include/custom_messages/custom_messages/msg
[1.952s] -- Up-to-date: /home/stuart/lane_ws/install/custom_messages/include/custom_messages/custom_messages/msg/detail
[1.952s] -- Up-to-date: /home/stuart/lane_ws/install/custom_messages/include/custom_messages/custom_messages/msg/detail/lanetype__type_support.c
[1.952s] -- Up-to-date: /home/stuart/lane_ws/install/custom_messages/include/custom_messages/custom_messages/msg/detail/child2__type_support.c
[1.952s] -- Up-to-date: /home/stuart/lane_ws/install/custom_messages/include/custom_messages/custom_messages/msg/detail/lanemarkings__rosidl_typesupport_introspection_c.h
[1.952s] -- Up-to-date: /home/stuart/lane_ws/install/custom_messages/include/custom_messages/custom_messages/msg/detail/parent_message__rosidl_typesupport_introspection_c.h
[1.952s] -- Up-to-date: /home/stuart/lane_ws/install/custom_messages/include/custom_messages/custom_messages/msg/detail/laneid__type_support.c
[1.952s] -- Up-to-date: /home/stuart/lane_ws/install/custom_messages/include/custom_messages/custom_messages/msg/detail/laneid__rosidl_typesupport_introspection_c.h
[1.952s] -- Up-to-date: /home/stuart/lane_ws/install/custom_messages/include/custom_messages/custom_messages/msg/detail/child1__rosidl_typesupport_introspection_c.h
[1.952s] -- Up-to-date: /home/stuart/lane_ws/install/custom_messages/include/custom_messages/custom_messages/msg/detail/lanemarkings__type_support.c
[1.952s] -- Up-to-date: /home/stuart/lane_ws/install/custom_messages/include/custom_messages/custom_messages/msg/detail/child1__type_support.c
[1.952s] -- Up-to-date: /home/stuart/lane_ws/install/custom_messages/include/custom_messages/custom_messages/msg/detail/parent_message__type_support.c
[1.952s] -- Up-to-date: /home/stuart/lane_ws/install/custom_messages/include/custom_messages/custom_messages/msg/detail/child2__rosidl_typesupport_introspection_c.h
[1.952s] -- Up-to-date: /home/stuart/lane_ws/install/custom_messages/include/custom_messages/custom_messages/msg/detail/lanetype__rosidl_typesupport_introspection_c.h
[1.952s] -- Up-to-date: /home/stuart/lane_ws/install/custom_messages/include/custom_messages/custom_messages/msg/rosidl_typesupport_introspection_c__visibility_control.h
[1.952s] -- Up-to-date: /home/stuart/lane_ws/install/custom_messages/lib/libcustom_messages__rosidl_typesupport_introspection_c.so
[1.952s] -- Up-to-date: /home/stuart/lane_ws/install/custom_messages/lib/libcustom_messages__rosidl_typesupport_c.so
[1.952s] -- Up-to-date: /home/stuart/lane_ws/install/custom_messages/include/custom_messages/custom_messages
[1.952s] -- Up-to-date: /home/stuart/lane_ws/install/custom_messages/include/custom_messages/custom_messages/msg
[1.953s] -- Up-to-date: /home/stuart/lane_ws/install/custom_messages/include/custom_messages/custom_messages/msg/child2.hpp
[1.953s] -- Up-to-date: /home/stuart/lane_ws/install/custom_messages/include/custom_messages/custom_messages/msg/child1.hpp
[1.953s] -- Up-to-date: /home/stuart/lane_ws/install/custom_messages/include/custom_messages/custom_messages/msg/laneid.hpp
[1.953s] -- Up-to-date: /home/stuart/lane_ws/install/custom_messages/include/custom_messages/custom_messages/msg/detail
[1.953s] -- Up-to-date: /home/stuart/lane_ws/install/custom_messages/include/custom_messages/custom_messages/msg/detail/lanetype__struct.hpp
[1.953s] -- Up-to-date: /home/stuart/lane_ws/install/custom_messages/include/custom_messages/custom_messages/msg/detail/lanemarkings__traits.hpp
[1.953s] -- Up-to-date: /home/stuart/lane_ws/install/custom_messages/include/custom_messages/custom_messages/msg/detail/child2__struct.hpp
[1.953s] -- Up-to-date: /home/stuart/lane_ws/install/custom_messages/include/custom_messages/custom_messages/msg/detail/laneid__struct.hpp
[1.953s] -- Up-to-date: /home/stuart/lane_ws/install/custom_messages/include/custom_messages/custom_messages/msg/detail/lanemarkings__builder.hpp
[1.953s] -- Up-to-date: /home/stuart/lane_ws/install/custom_messages/include/custom_messages/custom_messages/msg/detail/child1__struct.hpp
[1.953s] -- Up-to-date: /home/stuart/lane_ws/install/custom_messages/include/custom_messages/custom_messages/msg/detail/child2__traits.hpp
[1.953s] -- Up-to-date: /home/stuart/lane_ws/install/custom_messages/include/custom_messages/custom_messages/msg/detail/parent_message__struct.hpp
[1.953s] -- Up-to-date: /home/stuart/lane_ws/install/custom_messages/include/custom_messages/custom_messages/msg/detail/child1__traits.hpp
[1.953s] -- Up-to-date: /home/stuart/lane_ws/install/custom_messages/include/custom_messages/custom_messages/msg/detail/child1__builder.hpp
[1.953s] -- Up-to-date: /home/stuart/lane_ws/install/custom_messages/include/custom_messages/custom_messages/msg/detail/laneid__builder.hpp
[1.953s] -- Up-to-date: /home/stuart/lane_ws/install/custom_messages/include/custom_messages/custom_messages/msg/detail/parent_message__builder.hpp
[1.953s] -- Up-to-date: /home/stuart/lane_ws/install/custom_messages/include/custom_messages/custom_messages/msg/detail/lanetype__builder.hpp
[1.953s] -- Up-to-date: /home/stuart/lane_ws/install/custom_messages/include/custom_messages/custom_messages/msg/detail/lanemarkings__struct.hpp
[1.953s] -- Up-to-date: /home/stuart/lane_ws/install/custom_messages/include/custom_messages/custom_messages/msg/detail/laneid__traits.hpp
[1.953s] -- Up-to-date: /home/stuart/lane_ws/install/custom_messages/include/custom_messages/custom_messages/msg/detail/child2__builder.hpp
[1.953s] -- Up-to-date: /home/stuart/lane_ws/install/custom_messages/include/custom_messages/custom_messages/msg/detail/parent_message__traits.hpp
[1.954s] -- Up-to-date: /home/stuart/lane_ws/install/custom_messages/include/custom_messages/custom_messages/msg/detail/lanetype__traits.hpp
[1.954s] -- Up-to-date: /home/stuart/lane_ws/install/custom_messages/include/custom_messages/custom_messages/msg/lanemarkings.hpp
[1.954s] -- Up-to-date: /home/stuart/lane_ws/install/custom_messages/include/custom_messages/custom_messages/msg/lanetype.hpp
[1.954s] -- Up-to-date: /home/stuart/lane_ws/install/custom_messages/include/custom_messages/custom_messages/msg/parent_message.hpp
[1.954s] -- Up-to-date: /home/stuart/lane_ws/install/custom_messages/include/custom_messages/custom_messages
[1.954s] -- Up-to-date: /home/stuart/lane_ws/install/custom_messages/include/custom_messages/custom_messages/msg
[1.954s] -- Up-to-date: /home/stuart/lane_ws/install/custom_messages/include/custom_messages/custom_messages/msg/rosidl_typesupport_fastrtps_cpp__visibility_control.h
[1.954s] -- Up-to-date: /home/stuart/lane_ws/install/custom_messages/include/custom_messages/custom_messages/msg/detail
[1.954s] -- Up-to-date: /home/stuart/lane_ws/install/custom_messages/include/custom_messages/custom_messages/msg/detail/parent_message__rosidl_typesupport_fastrtps_cpp.hpp
[1.954s] -- Up-to-date: /home/stuart/lane_ws/install/custom_messages/include/custom_messages/custom_messages/msg/detail/child1__rosidl_typesupport_fastrtps_cpp.hpp
[1.954s] -- Up-to-date: /home/stuart/lane_ws/install/custom_messages/include/custom_messages/custom_messages/msg/detail/laneid__rosidl_typesupport_fastrtps_cpp.hpp
[1.954s] -- Up-to-date: /home/stuart/lane_ws/install/custom_messages/include/custom_messages/custom_messages/msg/detail/child2__rosidl_typesupport_fastrtps_cpp.hpp
[1.954s] -- Up-to-date: /home/stuart/lane_ws/install/custom_messages/include/custom_messages/custom_messages/msg/detail/dds_fastrtps
[1.954s] -- Up-to-date: /home/stuart/lane_ws/install/custom_messages/include/custom_messages/custom_messages/msg/detail/lanemarkings__rosidl_typesupport_fastrtps_cpp.hpp
[1.954s] -- Up-to-date: /home/stuart/lane_ws/install/custom_messages/include/custom_messages/custom_messages/msg/detail/lanetype__rosidl_typesupport_fastrtps_cpp.hpp
[1.954s] -- Up-to-date: /home/stuart/lane_ws/install/custom_messages/lib/libcustom_messages__rosidl_typesupport_fastrtps_cpp.so
[1.954s] -- Up-to-date: /home/stuart/lane_ws/install/custom_messages/include/custom_messages/custom_messages
[1.954s] -- Up-to-date: /home/stuart/lane_ws/install/custom_messages/include/custom_messages/custom_messages/msg
[1.954s] -- Up-to-date: /home/stuart/lane_ws/install/custom_messages/include/custom_messages/custom_messages/msg/detail
[1.954s] -- Up-to-date: /home/stuart/lane_ws/install/custom_messages/include/custom_messages/custom_messages/msg/detail/parent_message__rosidl_typesupport_introspection_cpp.hpp
[1.954s] -- Up-to-date: /home/stuart/lane_ws/install/custom_messages/include/custom_messages/custom_messages/msg/detail/lanetype__rosidl_typesupport_introspection_cpp.hpp
[1.955s] -- Up-to-date: /home/stuart/lane_ws/install/custom_messages/include/custom_messages/custom_messages/msg/detail/laneid__type_support.cpp
[1.955s] -- Up-to-date: /home/stuart/lane_ws/install/custom_messages/include/custom_messages/custom_messages/msg/detail/parent_message__type_support.cpp
[1.955s] -- Up-to-date: /home/stuart/lane_ws/install/custom_messages/include/custom_messages/custom_messages/msg/detail/child2__rosidl_typesupport_introspection_cpp.hpp
[1.955s] -- Up-to-date: /home/stuart/lane_ws/install/custom_messages/include/custom_messages/custom_messages/msg/detail/child1__type_support.cpp
[1.955s] -- Up-to-date: /home/stuart/lane_ws/install/custom_messages/include/custom_messages/custom_messages/msg/detail/laneid__rosidl_typesupport_introspection_cpp.hpp
[1.955s] -- Up-to-date: /home/stuart/lane_ws/install/custom_messages/include/custom_messages/custom_messages/msg/detail/lanemarkings__rosidl_typesupport_introspection_cpp.hpp
[1.955s] -- Up-to-date: /home/stuart/lane_ws/install/custom_messages/include/custom_messages/custom_messages/msg/detail/lanetype__type_support.cpp
[1.955s] -- Up-to-date: /home/stuart/lane_ws/install/custom_messages/include/custom_messages/custom_messages/msg/detail/child1__rosidl_typesupport_introspection_cpp.hpp
[1.955s] -- Up-to-date: /home/stuart/lane_ws/install/custom_messages/include/custom_messages/custom_messages/msg/detail/lanemarkings__type_support.cpp
[1.955s] -- Up-to-date: /home/stuart/lane_ws/install/custom_messages/include/custom_messages/custom_messages/msg/detail/child2__type_support.cpp
[1.955s] -- Up-to-date: /home/stuart/lane_ws/install/custom_messages/lib/libcustom_messages__rosidl_typesupport_introspection_cpp.so
[1.955s] -- Up-to-date: /home/stuart/lane_ws/install/custom_messages/lib/libcustom_messages__rosidl_typesupport_cpp.so
[1.955s] -- Up-to-date: /home/stuart/lane_ws/install/custom_messages/share/custom_messages/environment/pythonpath.sh
[1.955s] -- Installing: /home/stuart/lane_ws/install/custom_messages/share/custom_messages/environment/pythonpath.dsv
[1.955s] -- Up-to-date: /home/stuart/lane_ws/install/custom_messages/local/lib/python3.10/dist-packages/custom_messages-0.0.0-py3.10.egg-info
[1.955s] -- Installing: /home/stuart/lane_ws/install/custom_messages/local/lib/python3.10/dist-packages/custom_messages-0.0.0-py3.10.egg-info/top_level.txt
[1.955s] -- Installing: /home/stuart/lane_ws/install/custom_messages/local/lib/python3.10/dist-packages/custom_messages-0.0.0-py3.10.egg-info/dependency_links.txt
[1.955s] -- Installing: /home/stuart/lane_ws/install/custom_messages/local/lib/python3.10/dist-packages/custom_messages-0.0.0-py3.10.egg-info/PKG-INFO
[1.955s] -- Installing: /home/stuart/lane_ws/install/custom_messages/local/lib/python3.10/dist-packages/custom_messages-0.0.0-py3.10.egg-info/SOURCES.txt
[1.956s] -- Up-to-date: /home/stuart/lane_ws/install/custom_messages/local/lib/python3.10/dist-packages/custom_messages
[1.956s] -- Up-to-date: /home/stuart/lane_ws/install/custom_messages/local/lib/python3.10/dist-packages/custom_messages/custom_messages_s__rosidl_typesupport_introspection_c.cpython-310-x86_64-linux-gnu.so
[1.956s] -- Up-to-date: /home/stuart/lane_ws/install/custom_messages/local/lib/python3.10/dist-packages/custom_messages/custom_messages_s__rosidl_typesupport_c.cpython-310-x86_64-linux-gnu.so
[1.956s] -- Up-to-date: /home/stuart/lane_ws/install/custom_messages/local/lib/python3.10/dist-packages/custom_messages/_custom_messages_s.ep.rosidl_typesupport_c.c
[1.956s] -- Up-to-date: /home/stuart/lane_ws/install/custom_messages/local/lib/python3.10/dist-packages/custom_messages/custom_messages_s__rosidl_typesupport_fastrtps_c.cpython-310-x86_64-linux-gnu.so
[1.956s] -- Up-to-date: /home/stuart/lane_ws/install/custom_messages/local/lib/python3.10/dist-packages/custom_messages/_custom_messages_s.ep.rosidl_typesupport_introspection_c.c
[1.956s] -- Up-to-date: /home/stuart/lane_ws/install/custom_messages/local/lib/python3.10/dist-packages/custom_messages/libcustom_messages__rosidl_generator_py.so
[1.956s] -- Installing: /home/stuart/lane_ws/install/custom_messages/local/lib/python3.10/dist-packages/custom_messages/__init__.py
[1.956s] -- Up-to-date: /home/stuart/lane_ws/install/custom_messages/local/lib/python3.10/dist-packages/custom_messages/_custom_messages_s.ep.rosidl_typesupport_fastrtps_c.c
[1.956s] -- Up-to-date: /home/stuart/lane_ws/install/custom_messages/local/lib/python3.10/dist-packages/custom_messages/msg
[1.956s] -- Up-to-date: /home/stuart/lane_ws/install/custom_messages/local/lib/python3.10/dist-packages/custom_messages/msg/_lanetype.py
[1.956s] -- Up-to-date: /home/stuart/lane_ws/install/custom_messages/local/lib/python3.10/dist-packages/custom_messages/msg/_child1_s.c
[1.956s] -- Up-to-date: /home/stuart/lane_ws/install/custom_messages/local/lib/python3.10/dist-packages/custom_messages/msg/_laneid.py
[1.956s] -- Up-to-date: /home/stuart/lane_ws/install/custom_messages/local/lib/python3.10/dist-packages/custom_messages/msg/_parent_message_s.c
[1.956s] -- Up-to-date: /home/stuart/lane_ws/install/custom_messages/local/lib/python3.10/dist-packages/custom_messages/msg/_child2.py
[1.956s] -- Up-to-date: /home/stuart/lane_ws/install/custom_messages/local/lib/python3.10/dist-packages/custom_messages/msg/_child2_s.c
[1.956s] -- Up-to-date: /home/stuart/lane_ws/install/custom_messages/local/lib/python3.10/dist-packages/custom_messages/msg/_lanemarkings.py
[1.956s] -- Up-to-date: /home/stuart/lane_ws/install/custom_messages/local/lib/python3.10/dist-packages/custom_messages/msg/_child1.py
[1.956s] -- Up-to-date: /home/stuart/lane_ws/install/custom_messages/local/lib/python3.10/dist-packages/custom_messages/msg/_lanemarkings_s.c
[1.956s] -- Up-to-date: /home/stuart/lane_ws/install/custom_messages/local/lib/python3.10/dist-packages/custom_messages/msg/__init__.py
[1.956s] -- Up-to-date: /home/stuart/lane_ws/install/custom_messages/local/lib/python3.10/dist-packages/custom_messages/msg/_laneid_s.c
[1.957s] -- Up-to-date: /home/stuart/lane_ws/install/custom_messages/local/lib/python3.10/dist-packages/custom_messages/msg/_lanetype_s.c
[1.957s] -- Up-to-date: /home/stuart/lane_ws/install/custom_messages/local/lib/python3.10/dist-packages/custom_messages/msg/_parent_message.py
[1.976s] Listing '/home/stuart/lane_ws/install/custom_messages/local/lib/python3.10/dist-packages/custom_messages'...
[1.976s] Compiling '/home/stuart/lane_ws/install/custom_messages/local/lib/python3.10/dist-packages/custom_messages/__init__.py'...
[1.976s] Listing '/home/stuart/lane_ws/install/custom_messages/local/lib/python3.10/dist-packages/custom_messages/msg'...
[1.980s] -- Up-to-date: /home/stuart/lane_ws/install/custom_messages/local/lib/python3.10/dist-packages/custom_messages/custom_messages_s__rosidl_typesupport_fastrtps_c.cpython-310-x86_64-linux-gnu.so
[1.980s] -- Up-to-date: /home/stuart/lane_ws/install/custom_messages/local/lib/python3.10/dist-packages/custom_messages/custom_messages_s__rosidl_typesupport_introspection_c.cpython-310-x86_64-linux-gnu.so
[1.980s] -- Up-to-date: /home/stuart/lane_ws/install/custom_messages/local/lib/python3.10/dist-packages/custom_messages/custom_messages_s__rosidl_typesupport_c.cpython-310-x86_64-linux-gnu.so
[1.981s] -- Up-to-date: /home/stuart/lane_ws/install/custom_messages/lib/libcustom_messages__rosidl_generator_py.so
[1.981s] -- Up-to-date: /home/stuart/lane_ws/install/custom_messages/share/custom_messages/msg/ParentMessage.idl
[1.981s] -- Up-to-date: /home/stuart/lane_ws/install/custom_messages/share/custom_messages/msg/Laneid.idl
[1.981s] -- Up-to-date: /home/stuart/lane_ws/install/custom_messages/share/custom_messages/msg/Lanetype.idl
[1.981s] -- Up-to-date: /home/stuart/lane_ws/install/custom_messages/share/custom_messages/msg/Lanemarkings.idl
[1.981s] -- Up-to-date: /home/stuart/lane_ws/install/custom_messages/share/custom_messages/msg/ParentMessage.msg
[1.982s] -- Up-to-date: /home/stuart/lane_ws/install/custom_messages/share/custom_messages/msg/Laneid.msg
[1.982s] -- Up-to-date: /home/stuart/lane_ws/install/custom_messages/share/custom_messages/msg/Lanetype.msg
[1.982s] -- Installing: /home/stuart/lane_ws/install/custom_messages/share/custom_messages/msg/Lanemarkings.msg
[1.982s] -- Up-to-date: /home/stuart/lane_ws/install/custom_messages/share/ament_index/resource_index/package_run_dependencies/custom_messages
[1.982s] -- Up-to-date: /home/stuart/lane_ws/install/custom_messages/share/ament_index/resource_index/parent_prefix_path/custom_messages
[1.983s] -- Up-to-date: /home/stuart/lane_ws/install/custom_messages/share/custom_messages/environment/ament_prefix_path.sh
[1.983s] -- Installing: /home/stuart/lane_ws/install/custom_messages/share/custom_messages/environment/ament_prefix_path.dsv
[1.983s] -- Up-to-date: /home/stuart/lane_ws/install/custom_messages/share/custom_messages/environment/path.sh
[1.983s] -- Installing: /home/stuart/lane_ws/install/custom_messages/share/custom_messages/environment/path.dsv
[1.983s] -- Up-to-date: /home/stuart/lane_ws/install/custom_messages/share/custom_messages/local_setup.bash
[1.983s] -- Up-to-date: /home/stuart/lane_ws/install/custom_messages/share/custom_messages/local_setup.sh
[1.984s] -- Up-to-date: /home/stuart/lane_ws/install/custom_messages/share/custom_messages/local_setup.zsh
[1.984s] -- Installing: /home/stuart/lane_ws/install/custom_messages/share/custom_messages/local_setup.dsv
[1.984s] -- Installing: /home/stuart/lane_ws/install/custom_messages/share/custom_messages/package.dsv
[1.984s] -- Up-to-date: /home/stuart/lane_ws/install/custom_messages/share/ament_index/resource_index/packages/custom_messages
[1.984s] -- Up-to-date: /home/stuart/lane_ws/install/custom_messages/share/custom_messages/cmake/export_custom_messages__rosidl_generator_cExport.cmake
[1.984s] -- Up-to-date: /home/stuart/lane_ws/install/custom_messages/share/custom_messages/cmake/export_custom_messages__rosidl_generator_cExport-noconfig.cmake
[1.984s] -- Up-to-date: /home/stuart/lane_ws/install/custom_messages/share/custom_messages/cmake/export_custom_messages__rosidl_typesupport_fastrtps_cExport.cmake
[1.985s] -- Up-to-date: /home/stuart/lane_ws/install/custom_messages/share/custom_messages/cmake/export_custom_messages__rosidl_typesupport_fastrtps_cExport-noconfig.cmake
[1.985s] -- Up-to-date: /home/stuart/lane_ws/install/custom_messages/share/custom_messages/cmake/custom_messages__rosidl_typesupport_introspection_cExport.cmake
[1.985s] -- Up-to-date: /home/stuart/lane_ws/install/custom_messages/share/custom_messages/cmake/custom_messages__rosidl_typesupport_introspection_cExport-noconfig.cmake
[1.985s] -- Up-to-date: /home/stuart/lane_ws/install/custom_messages/share/custom_messages/cmake/custom_messages__rosidl_typesupport_cExport.cmake
[1.985s] -- Up-to-date: /home/stuart/lane_ws/install/custom_messages/share/custom_messages/cmake/custom_messages__rosidl_typesupport_cExport-noconfig.cmake
[1.985s] -- Up-to-date: /home/stuart/lane_ws/install/custom_messages/share/custom_messages/cmake/export_custom_messages__rosidl_generator_cppExport.cmake
[1.986s] -- Up-to-date: /home/stuart/lane_ws/install/custom_messages/share/custom_messages/cmake/export_custom_messages__rosidl_typesupport_fastrtps_cppExport.cmake
[1.986s] -- Up-to-date: /home/stuart/lane_ws/install/custom_messages/share/custom_messages/cmake/export_custom_messages__rosidl_typesupport_fastrtps_cppExport-noconfig.cmake
[1.986s] -- Up-to-date: /home/stuart/lane_ws/install/custom_messages/share/custom_messages/cmake/custom_messages__rosidl_typesupport_introspection_cppExport.cmake
[1.986s] -- Up-to-date: /home/stuart/lane_ws/install/custom_messages/share/custom_messages/cmake/custom_messages__rosidl_typesupport_introspection_cppExport-noconfig.cmake
[1.986s] -- Up-to-date: /home/stuart/lane_ws/install/custom_messages/share/custom_messages/cmake/custom_messages__rosidl_typesupport_cppExport.cmake
[1.987s] -- Up-to-date: /home/stuart/lane_ws/install/custom_messages/share/custom_messages/cmake/custom_messages__rosidl_typesupport_cppExport-noconfig.cmake
[1.988s] -- Up-to-date: /home/stuart/lane_ws/install/custom_messages/share/custom_messages/cmake/export_custom_messages__rosidl_generator_pyExport.cmake
[1.988s] -- Up-to-date: /home/stuart/lane_ws/install/custom_messages/share/custom_messages/cmake/export_custom_messages__rosidl_generator_pyExport-noconfig.cmake
[1.989s] -- Up-to-date: /home/stuart/lane_ws/install/custom_messages/share/custom_messages/cmake/rosidl_cmake-extras.cmake
[1.989s] -- Up-to-date: /home/stuart/lane_ws/install/custom_messages/share/custom_messages/cmake/ament_cmake_export_include_directories-extras.cmake
[1.989s] -- Up-to-date: /home/stuart/lane_ws/install/custom_messages/share/custom_messages/cmake/ament_cmake_export_libraries-extras.cmake
[1.989s] -- Up-to-date: /home/stuart/lane_ws/install/custom_messages/share/custom_messages/cmake/ament_cmake_export_targets-extras.cmake
[1.989s] -- Up-to-date: /home/stuart/lane_ws/install/custom_messages/share/custom_messages/cmake/rosidl_cmake_export_typesupport_targets-extras.cmake
[1.989s] -- Up-to-date: /home/stuart/lane_ws/install/custom_messages/share/custom_messages/cmake/ament_cmake_export_dependencies-extras.cmake
[1.990s] -- Up-to-date: /home/stuart/lane_ws/install/custom_messages/share/custom_messages/cmake/rosidl_cmake_export_typesupport_libraries-extras.cmake
[1.990s] -- Up-to-date: /home/stuart/lane_ws/install/custom_messages/share/custom_messages/cmake/custom_messagesConfig.cmake
[1.990s] -- Up-to-date: /home/stuart/lane_ws/install/custom_messages/share/custom_messages/cmake/custom_messagesConfig-version.cmake
[1.990s] -- Up-to-date: /home/stuart/lane_ws/install/custom_messages/share/custom_messages/package.xml
[1.990s] Invoked command in '/home/stuart/lane_ws/build/custom_messages' returned '0': CMAKE_PREFIX_PATH=${CMAKE_PREFIX_PATH}:/home/stuart/lane_ws/install/lane_publisher:/opt/ros/humble /usr/bin/cmake --install /home/stuart/lane_ws/build/custom_messages
