In file included from [01m[K/home/stuart/lane_ws/build/custom_messages/rosidl_generator_c/custom_messages/msg/detail/parent_message__functions.h:19[m[K,
                 from [01m[K/home/stuart/lane_ws/build/custom_messages/rosidl_generator_c/custom_messages/msg/detail/parent_message__functions.c:4[m[K:
[01m[K/home/stuart/lane_ws/build/custom_messages/rosidl_generator_c/custom_messages/msg/detail/parent_message__struct.h:22:10:[m[K [01;31m[Kfatal error: [m[Kmy_custom_msgs/msg/detail/child1__struct.h: No such file or directory
   22 | #include [01;31m[K"my_custom_msgs/msg/detail/child1__struct.h"[m[K
      |          [01;31m[K^~~~~~~~~~~~~~~~~~~~~~~~~~~~~~~~~~~~~~~~~~~~[m[K
compilation terminated.
gmake[2]: *** [CMakeFiles/custom_messages__rosidl_generator_c.dir/build.make:137: CMakeFiles/custom_messages__rosidl_generator_c.dir/rosidl_generator_c/custom_messages/msg/detail/parent_message__functions.c.o] Error 1
gmake[2]: *** Waiting for unfinished jobs....
gmake[1]: *** [CMakeFiles/Makefile2:213: CMakeFiles/custom_messages__rosidl_generator_c.dir/all] Error 2
gmake[1]: *** Waiting for unfinished jobs....
In file included from [01m[K/home/stuart/lane_ws/build/custom_messages/rosidl_typesupport_cpp/custom_messages/msg/parent_message__type_support.cpp:7[m[K:
[01m[K/home/stuart/lane_ws/build/custom_messages/rosidl_generator_cpp/custom_messages/msg/detail/parent_message__struct.hpp:20:10:[m[K [01;31m[Kfatal error: [m[Kmy_custom_msgs/msg/detail/child1__struct.hpp: No such file or directory
   20 | #include [01;31m[K"my_custom_msgs/msg/detail/child1__struct.hpp"[m[K
      |          [01;31m[K^~~~~~~~~~~~~~~~~~~~~~~~~~~~~~~~~~~~~~~~~~~~~~[m[K
compilation terminated.
gmake[2]: *** [CMakeFiles/custom_messages__rosidl_typesupport_cpp.dir/build.make:94: CMakeFiles/custom_messages__rosidl_typesupport_cpp.dir/rosidl_typesupport_cpp/custom_messages/msg/parent_message__type_support.cpp.o] Error 1
gmake[2]: *** Waiting for unfinished jobs....
In file included from [01m[K/home/stuart/lane_ws/build/custom_messages/rosidl_typesupport_introspection_cpp/custom_messages/msg/detail/parent_message__type_support.cpp:12[m[K:
[01m[K/home/stuart/lane_ws/build/custom_messages/rosidl_generator_cpp/custom_messages/msg/detail/parent_message__struct.hpp:20:10:[m[K [01;31m[Kfatal error: [m[Kmy_custom_msgs/msg/detail/child1__struct.hpp: No such file or directory
   20 | #include [01;31m[K"my_custom_msgs/msg/detail/child1__struct.hpp"[m[K
      |          [01;31m[K^~~~~~~~~~~~~~~~~~~~~~~~~~~~~~~~~~~~~~~~~~~~~~[m[K
compilation terminated.
gmake[2]: *** [CMakeFiles/custom_messages__rosidl_typesupport_introspection_cpp.dir/build.make:105: CMakeFiles/custom_messages__rosidl_typesupport_introspection_cpp.dir/rosidl_typesupport_introspection_cpp/custom_messages/msg/detail/parent_message__type_support.cpp.o] Error 1
gmake[2]: *** Waiting for unfinished jobs....
In file included from [01m[K/home/stuart/lane_ws/build/custom_messages/rosidl_typesupport_fastrtps_cpp/custom_messages/msg/detail/parent_message__rosidl_typesupport_fastrtps_cpp.hpp:11[m[K,
                 from [01m[K/home/stuart/lane_ws/build/custom_messages/rosidl_typesupport_fastrtps_cpp/custom_messages/msg/detail/dds_fastrtps/parent_message__type_support.cpp:4[m[K:
[01m[K/home/stuart/lane_ws/build/custom_messages/rosidl_generator_cpp/custom_messages/msg/detail/parent_message__struct.hpp:20:10:[m[K [01;31m[Kfatal error: [m[Kmy_custom_msgs/msg/detail/child1__struct.hpp: No such file or directory
   20 | #include [01;31m[K"my_custom_msgs/msg/detail/child1__struct.hpp"[m[K
      |          [01;31m[K^~~~~~~~~~~~~~~~~~~~~~~~~~~~~~~~~~~~~~~~~~~~~~[m[K
compilation terminated.
gmake[2]: *** [CMakeFiles/custom_messages__rosidl_typesupport_fastrtps_cpp.dir/build.make:105: CMakeFiles/custom_messages__rosidl_typesupport_fastrtps_cpp.dir/rosidl_typesupport_fastrtps_cpp/custom_messages/msg/detail/dds_fastrtps/parent_message__type_support.cpp.o] Error 1
gmake[2]: *** Waiting for unfinished jobs....
gmake[1]: *** [CMakeFiles/Makefile2:395: CMakeFiles/custom_messages__rosidl_typesupport_cpp.dir/all] Error 2
gmake[1]: *** [CMakeFiles/Makefile2:369: CMakeFiles/custom_messages__rosidl_typesupport_introspection_cpp.dir/all] Error 2
gmake[1]: *** [CMakeFiles/Makefile2:343: CMakeFiles/custom_messages__rosidl_typesupport_fastrtps_cpp.dir/all] Error 2
gmake: *** [Makefile:146: all] Error 2
