running egg_info
creating ../../build/lane_publisher/lane_publisher.egg-info
writing ../../build/lane_publisher/lane_publisher.egg-info/PKG-INFO
writing dependency_links to ../../build/lane_publisher/lane_publisher.egg-info/dependency_links.txt
writing entry points to ../../build/lane_publisher/lane_publisher.egg-info/entry_points.txt
writing requirements to ../../build/lane_publisher/lane_publisher.egg-info/requires.txt
writing top-level names to ../../build/lane_publisher/lane_publisher.egg-info/top_level.txt
writing manifest file '../../build/lane_publisher/lane_publisher.egg-info/SOURCES.txt'
reading manifest file '../../build/lane_publisher/lane_publisher.egg-info/SOURCES.txt'
writing manifest file '../../build/lane_publisher/lane_publisher.egg-info/SOURCES.txt'
running build
running build_py
creating /home/stuart/lane_ws/build/lane_publisher/build
creating /home/stuart/lane_ws/build/lane_publisher/build/lib
creating /home/stuart/lane_ws/build/lane_publisher/build/lib/lane_publisher
copying lane_publisher/__init__.py -> /home/stuart/lane_ws/build/lane_publisher/build/lib/lane_publisher
copying lane_publisher/publish.py -> /home/stuart/lane_ws/build/lane_publisher/build/lib/lane_publisher
running install
/usr/lib/python3/dist-packages/setuptools/command/install.py:34: SetuptoolsDeprecationWarning: setup.py install is deprecated. Use build and pip and other standards-based tools.
  warnings.warn(
running install_lib
creating /home/stuart/lane_ws/install/lane_publisher/lib/python3.10/site-packages/lane_publisher
copying /home/stuart/lane_ws/build/lane_publisher/build/lib/lane_publisher/__init__.py -> /home/stuart/lane_ws/install/lane_publisher/lib/python3.10/site-packages/lane_publisher
copying /home/stuart/lane_ws/build/lane_publisher/build/lib/lane_publisher/publish.py -> /home/stuart/lane_ws/install/lane_publisher/lib/python3.10/site-packages/lane_publisher
byte-compiling /home/stuart/lane_ws/install/lane_publisher/lib/python3.10/site-packages/lane_publisher/__init__.py to __init__.cpython-310.pyc
byte-compiling /home/stuart/lane_ws/install/lane_publisher/lib/python3.10/site-packages/lane_publisher/publish.py to publish.cpython-310.pyc
running install_data
creating /home/stuart/lane_ws/install/lane_publisher/share/ament_index
creating /home/stuart/lane_ws/install/lane_publisher/share/ament_index/resource_index
creating /home/stuart/lane_ws/install/lane_publisher/share/ament_index/resource_index/packages
copying resource/lane_publisher -> /home/stuart/lane_ws/install/lane_publisher/share/ament_index/resource_index/packages
copying package.xml -> /home/stuart/lane_ws/install/lane_publisher/share/lane_publisher
running install_egg_info
Copying ../../build/lane_publisher/lane_publisher.egg-info to /home/stuart/lane_ws/install/lane_publisher/lib/python3.10/site-packages/lane_publisher-0.0.0-py3.10.egg-info
running install_scripts
Installing lane_pub script to /home/stuart/lane_ws/install/lane_publisher/lib/lane_publisher
writing list of installed files to '/home/stuart/lane_ws/build/lane_publisher/install.log'
